{"uid":"240f7a3ed21f44e0","name":"test_login[chromium-Admin-*****-invalid]","fullName":"tests.e2e.test_login.TestLogin#test_login","historyId":"181efaad1c64d64c6ce21a33db78e214","time":{"start":1769264320708,"stop":1769264333124,"duration":12416},"status":"failed","statusMessage":"AssertionError: Locator expected to be visible\nActual value: None\nError: element(s) not found \nCall log:\n  - Expect \"to_be_visible\" with timeout 5000ms\n  - waiting for locator(\".oxd-input-field-error-message\").first","statusTrace":"self = <e2e.test_login.TestLogin object at 0x000001A361023100>\npage = <Page url='https://opensource-demo.orangehrmlive.com/web/index.php/auth/login'>\nusername = 'Admin', password = '*****', validity = 'invalid'\nlogger = <Logger test_login[chromium-Admin-*****-invalid] (INFO)>\n\n    @pytest.mark.parametrize(\"username,password,validity\", data())\n    \n    def test_login(self, page, username, password, validity,logger):\n        login = LoginPage(page)\n        logger.info(\"Navigate to login page\")\n        dashboard = DashboardPage(page)\n        logger.info(\"Navigate to dashboard page\")\n    \n        login.login(username, password)\n    \n        if validity==\"valid\":\n            logger.info(\"Valid login\")\n            assert dashboard.is_dashboard_visible()\n        else:\n            logger.info(\"Invalid login\")\n            try:\n>               expect(login.get_error_message()).to_be_visible()\nE               AssertionError: Locator expected to be visible\nE               Actual value: None \nE               Call log:\nE                 - Expect \"to_be_visible\" with timeout 5000ms\nE                 - waiting for locator(\".oxd-alert-content-text\")\n\ntests\\e2e\\test_login.py:26: AssertionError\n\nDuring handling of the above exception, another exception occurred:\n\nself = <e2e.test_login.TestLogin object at 0x000001A361023100>\npage = <Page url='https://opensource-demo.orangehrmlive.com/web/index.php/auth/login'>\nusername = 'Admin', password = '*****', validity = 'invalid'\nlogger = <Logger test_login[chromium-Admin-*****-invalid] (INFO)>\n\n    @pytest.mark.parametrize(\"username,password,validity\", data())\n    \n    def test_login(self, page, username, password, validity,logger):\n        login = LoginPage(page)\n        logger.info(\"Navigate to login page\")\n        dashboard = DashboardPage(page)\n        logger.info(\"Navigate to dashboard page\")\n    \n        login.login(username, password)\n    \n        if validity==\"valid\":\n            logger.info(\"Valid login\")\n            assert dashboard.is_dashboard_visible()\n        else:\n            logger.info(\"Invalid login\")\n            try:\n                expect(login.get_error_message()).to_be_visible()\n            except AssertionError:\n                # If not invalid, then it must be required\n>               expect(login.get_required_field_message()).to_be_visible()\nE               AssertionError: Locator expected to be visible\nE               Actual value: None\nE               Error: element(s) not found \nE               Call log:\nE                 - Expect \"to_be_visible\" with timeout 5000ms\nE                 - waiting for locator(\".oxd-input-field-error-message\").first\n\ntests\\e2e\\test_login.py:29: AssertionError","flaky":false,"newFailed":false,"newBroken":false,"newPassed":false,"retriesCount":0,"retriesStatusChange":false,"beforeStages":[{"name":"_session_faker","time":{"start":1769264310037,"stop":1769264310155,"duration":118},"status":"passed","steps":[],"attachments":[],"parameters":[],"stepsCount":0,"attachmentStep":false,"shouldDisplayMessage":false,"attachmentsCount":0,"hasContent":false},{"name":"base_url","time":{"start":1769264310155,"stop":1769264310156,"duration":1},"status":"passed","steps":[],"attachments":[],"parameters":[],"stepsCount":0,"attachmentStep":false,"shouldDisplayMessage":false,"attachmentsCount":0,"hasContent":false},{"name":"_verify_url","time":{"start":1769264310156,"stop":1769264310156,"duration":0},"status":"passed","steps":[],"attachments":[],"parameters":[],"stepsCount":0,"attachmentStep":false,"shouldDisplayMessage":false,"attachmentsCount":0,"hasContent":false},{"name":"delete_output_dir","time":{"start":1769264310156,"stop":1769264310156,"duration":0},"status":"passed","steps":[],"attachments":[],"parameters":[],"stepsCount":0,"attachmentStep":false,"shouldDisplayMessage":false,"attachmentsCount":0,"hasContent":false},{"name":"page","time":{"start":1769264310156,"stop":1769264320706,"duration":10550},"status":"passed","steps":[],"attachments":[],"parameters":[],"stepsCount":0,"attachmentStep":false,"shouldDisplayMessage":false,"attachmentsCount":0,"hasContent":false},{"name":"pytestconfig","time":{"start":1769264310156,"stop":1769264310156,"duration":0},"status":"passed","steps":[],"attachments":[],"parameters":[],"stepsCount":0,"attachmentStep":false,"shouldDisplayMessage":false,"attachmentsCount":0,"hasContent":false},{"name":"logger","time":{"start":1769264320706,"stop":1769264320707,"duration":1},"status":"passed","steps":[],"attachments":[],"parameters":[],"stepsCount":0,"attachmentStep":false,"shouldDisplayMessage":false,"attachmentsCount":0,"hasContent":false}],"testStage":{"status":"failed","statusMessage":"AssertionError: Locator expected to be visible\nActual value: None\nError: element(s) not found \nCall log:\n  - Expect \"to_be_visible\" with timeout 5000ms\n  - waiting for locator(\".oxd-input-field-error-message\").first","statusTrace":"self = <e2e.test_login.TestLogin object at 0x000001A361023100>\npage = <Page url='https://opensource-demo.orangehrmlive.com/web/index.php/auth/login'>\nusername = 'Admin', password = '*****', validity = 'invalid'\nlogger = <Logger test_login[chromium-Admin-*****-invalid] (INFO)>\n\n    @pytest.mark.parametrize(\"username,password,validity\", data())\n    \n    def test_login(self, page, username, password, validity,logger):\n        login = LoginPage(page)\n        logger.info(\"Navigate to login page\")\n        dashboard = DashboardPage(page)\n        logger.info(\"Navigate to dashboard page\")\n    \n        login.login(username, password)\n    \n        if validity==\"valid\":\n            logger.info(\"Valid login\")\n            assert dashboard.is_dashboard_visible()\n        else:\n            logger.info(\"Invalid login\")\n            try:\n>               expect(login.get_error_message()).to_be_visible()\nE               AssertionError: Locator expected to be visible\nE               Actual value: None \nE               Call log:\nE                 - Expect \"to_be_visible\" with timeout 5000ms\nE                 - waiting for locator(\".oxd-alert-content-text\")\n\ntests\\e2e\\test_login.py:26: AssertionError\n\nDuring handling of the above exception, another exception occurred:\n\nself = <e2e.test_login.TestLogin object at 0x000001A361023100>\npage = <Page url='https://opensource-demo.orangehrmlive.com/web/index.php/auth/login'>\nusername = 'Admin', password = '*****', validity = 'invalid'\nlogger = <Logger test_login[chromium-Admin-*****-invalid] (INFO)>\n\n    @pytest.mark.parametrize(\"username,password,validity\", data())\n    \n    def test_login(self, page, username, password, validity,logger):\n        login = LoginPage(page)\n        logger.info(\"Navigate to login page\")\n        dashboard = DashboardPage(page)\n        logger.info(\"Navigate to dashboard page\")\n    \n        login.login(username, password)\n    \n        if validity==\"valid\":\n            logger.info(\"Valid login\")\n            assert dashboard.is_dashboard_visible()\n        else:\n            logger.info(\"Invalid login\")\n            try:\n                expect(login.get_error_message()).to_be_visible()\n            except AssertionError:\n                # If not invalid, then it must be required\n>               expect(login.get_required_field_message()).to_be_visible()\nE               AssertionError: Locator expected to be visible\nE               Actual value: None\nE               Error: element(s) not found \nE               Call log:\nE                 - Expect \"to_be_visible\" with timeout 5000ms\nE                 - waiting for locator(\".oxd-input-field-error-message\").first\n\ntests\\e2e\\test_login.py:29: AssertionError","steps":[],"attachments":[{"uid":"18496c4d6a9176a6","name":"Failure Screenshot","source":"18496c4d6a9176a6.png","type":"image/png","size":61027},{"uid":"691e60a91b936762","name":"log","source":"691e60a91b936762.txt","type":"text/plain","size":291}],"parameters":[],"stepsCount":0,"attachmentStep":false,"shouldDisplayMessage":true,"attachmentsCount":2,"hasContent":true},"afterStages":[{"name":"page::0","time":{"start":1769264333386,"stop":1769264333676,"duration":290},"status":"passed","steps":[],"attachments":[],"parameters":[],"stepsCount":0,"attachmentStep":false,"shouldDisplayMessage":false,"attachmentsCount":0,"hasContent":false}],"labels":[{"name":"parentSuite","value":"tests.e2e"},{"name":"suite","value":"test_login"},{"name":"subSuite","value":"TestLogin"},{"name":"host","value":"ASUS-A15"},{"name":"thread","value":"9568-MainThread"},{"name":"framework","value":"pytest"},{"name":"language","value":"cpython3"},{"name":"package","value":"tests.e2e.test_login"},{"name":"resultFormat","value":"allure2"}],"parameters":[{"name":"page","value":"'chromium'"},{"name":"password","value":"'*****'"},{"name":"username","value":"'Admin'"},{"name":"validity","value":"'invalid'"}],"links":[],"hidden":true,"retry":true,"extra":{"categories":[],"tags":[]},"source":"240f7a3ed21f44e0.json","parameterValues":["'chromium'","'*****'","'Admin'","'invalid'"]}