{"uid":"3027768d3b00a89d","name":"test_login[chromium-Admin-ADMIN123-invalid]","fullName":"tests.e2e.test_login.TestLogin#test_login","historyId":"9e6476f8e87a0e94ce8a1fdb0a4daa8d","time":{"start":1769264340860,"stop":1769264353028,"duration":12168},"status":"failed","statusMessage":"AssertionError: Locator expected to be visible\nActual value: None\nError: element(s) not found \nCall log:\n  - Expect \"to_be_visible\" with timeout 5000ms\n  - waiting for locator(\".oxd-input-field-error-message\").first","statusTrace":"self = <e2e.test_login.TestLogin object at 0x000001A361023360>\npage = <Page url='https://opensource-demo.orangehrmlive.com/web/index.php/auth/login'>\nusername = 'Admin', password = 'ADMIN123', validity = 'invalid'\nlogger = <Logger test_login[chromium-Admin-ADMIN123-invalid] (INFO)>\n\n    @pytest.mark.parametrize(\"username,password,validity\", data())\n    \n    def test_login(self, page, username, password, validity,logger):\n        login = LoginPage(page)\n        logger.info(\"Navigate to login page\")\n        dashboard = DashboardPage(page)\n        logger.info(\"Navigate to dashboard page\")\n    \n        login.login(username, password)\n    \n        if validity==\"valid\":\n            logger.info(\"Valid login\")\n            assert dashboard.is_dashboard_visible()\n        else:\n            logger.info(\"Invalid login\")\n            try:\n>               expect(login.get_error_message()).to_be_visible()\nE               AssertionError: Locator expected to be visible\nE               Actual value: None \nE               Call log:\nE                 - Expect \"to_be_visible\" with timeout 5000ms\nE                 - waiting for locator(\".oxd-alert-content-text\")\n\ntests\\e2e\\test_login.py:26: AssertionError\n\nDuring handling of the above exception, another exception occurred:\n\nself = <e2e.test_login.TestLogin object at 0x000001A361023360>\npage = <Page url='https://opensource-demo.orangehrmlive.com/web/index.php/auth/login'>\nusername = 'Admin', password = 'ADMIN123', validity = 'invalid'\nlogger = <Logger test_login[chromium-Admin-ADMIN123-invalid] (INFO)>\n\n    @pytest.mark.parametrize(\"username,password,validity\", data())\n    \n    def test_login(self, page, username, password, validity,logger):\n        login = LoginPage(page)\n        logger.info(\"Navigate to login page\")\n        dashboard = DashboardPage(page)\n        logger.info(\"Navigate to dashboard page\")\n    \n        login.login(username, password)\n    \n        if validity==\"valid\":\n            logger.info(\"Valid login\")\n            assert dashboard.is_dashboard_visible()\n        else:\n            logger.info(\"Invalid login\")\n            try:\n                expect(login.get_error_message()).to_be_visible()\n            except AssertionError:\n                # If not invalid, then it must be required\n>               expect(login.get_required_field_message()).to_be_visible()\nE               AssertionError: Locator expected to be visible\nE               Actual value: None\nE               Error: element(s) not found \nE               Call log:\nE                 - Expect \"to_be_visible\" with timeout 5000ms\nE                 - waiting for locator(\".oxd-input-field-error-message\").first\n\ntests\\e2e\\test_login.py:29: AssertionError","flaky":false,"newFailed":false,"newBroken":false,"newPassed":false,"retriesCount":0,"retriesStatusChange":false,"beforeStages":[{"name":"_session_faker","time":{"start":1769264310037,"stop":1769264310155,"duration":118},"status":"passed","steps":[],"attachments":[],"parameters":[],"stepsCount":0,"attachmentStep":false,"shouldDisplayMessage":false,"attachmentsCount":0,"hasContent":false},{"name":"base_url","time":{"start":1769264310155,"stop":1769264310156,"duration":1},"status":"passed","steps":[],"attachments":[],"parameters":[],"stepsCount":0,"attachmentStep":false,"shouldDisplayMessage":false,"attachmentsCount":0,"hasContent":false},{"name":"_verify_url","time":{"start":1769264310156,"stop":1769264310156,"duration":0},"status":"passed","steps":[],"attachments":[],"parameters":[],"stepsCount":0,"attachmentStep":false,"shouldDisplayMessage":false,"attachmentsCount":0,"hasContent":false},{"name":"delete_output_dir","time":{"start":1769264310156,"stop":1769264310156,"duration":0},"status":"passed","steps":[],"attachments":[],"parameters":[],"stepsCount":0,"attachmentStep":false,"shouldDisplayMessage":false,"attachmentsCount":0,"hasContent":false},{"name":"pytestconfig","time":{"start":1769264310156,"stop":1769264310156,"duration":0},"status":"passed","steps":[],"attachments":[],"parameters":[],"stepsCount":0,"attachmentStep":false,"shouldDisplayMessage":false,"attachmentsCount":0,"hasContent":false},{"name":"page","time":{"start":1769264333683,"stop":1769264340858,"duration":7175},"status":"passed","steps":[],"attachments":[],"parameters":[],"stepsCount":0,"attachmentStep":false,"shouldDisplayMessage":false,"attachmentsCount":0,"hasContent":false},{"name":"logger","time":{"start":1769264340859,"stop":1769264340860,"duration":1},"status":"passed","steps":[],"attachments":[],"parameters":[],"stepsCount":0,"attachmentStep":false,"shouldDisplayMessage":false,"attachmentsCount":0,"hasContent":false}],"testStage":{"status":"failed","statusMessage":"AssertionError: Locator expected to be visible\nActual value: None\nError: element(s) not found \nCall log:\n  - Expect \"to_be_visible\" with timeout 5000ms\n  - waiting for locator(\".oxd-input-field-error-message\").first","statusTrace":"self = <e2e.test_login.TestLogin object at 0x000001A361023360>\npage = <Page url='https://opensource-demo.orangehrmlive.com/web/index.php/auth/login'>\nusername = 'Admin', password = 'ADMIN123', validity = 'invalid'\nlogger = <Logger test_login[chromium-Admin-ADMIN123-invalid] (INFO)>\n\n    @pytest.mark.parametrize(\"username,password,validity\", data())\n    \n    def test_login(self, page, username, password, validity,logger):\n        login = LoginPage(page)\n        logger.info(\"Navigate to login page\")\n        dashboard = DashboardPage(page)\n        logger.info(\"Navigate to dashboard page\")\n    \n        login.login(username, password)\n    \n        if validity==\"valid\":\n            logger.info(\"Valid login\")\n            assert dashboard.is_dashboard_visible()\n        else:\n            logger.info(\"Invalid login\")\n            try:\n>               expect(login.get_error_message()).to_be_visible()\nE               AssertionError: Locator expected to be visible\nE               Actual value: None \nE               Call log:\nE                 - Expect \"to_be_visible\" with timeout 5000ms\nE                 - waiting for locator(\".oxd-alert-content-text\")\n\ntests\\e2e\\test_login.py:26: AssertionError\n\nDuring handling of the above exception, another exception occurred:\n\nself = <e2e.test_login.TestLogin object at 0x000001A361023360>\npage = <Page url='https://opensource-demo.orangehrmlive.com/web/index.php/auth/login'>\nusername = 'Admin', password = 'ADMIN123', validity = 'invalid'\nlogger = <Logger test_login[chromium-Admin-ADMIN123-invalid] (INFO)>\n\n    @pytest.mark.parametrize(\"username,password,validity\", data())\n    \n    def test_login(self, page, username, password, validity,logger):\n        login = LoginPage(page)\n        logger.info(\"Navigate to login page\")\n        dashboard = DashboardPage(page)\n        logger.info(\"Navigate to dashboard page\")\n    \n        login.login(username, password)\n    \n        if validity==\"valid\":\n            logger.info(\"Valid login\")\n            assert dashboard.is_dashboard_visible()\n        else:\n            logger.info(\"Invalid login\")\n            try:\n                expect(login.get_error_message()).to_be_visible()\n            except AssertionError:\n                # If not invalid, then it must be required\n>               expect(login.get_required_field_message()).to_be_visible()\nE               AssertionError: Locator expected to be visible\nE               Actual value: None\nE               Error: element(s) not found \nE               Call log:\nE                 - Expect \"to_be_visible\" with timeout 5000ms\nE                 - waiting for locator(\".oxd-input-field-error-message\").first\n\ntests\\e2e\\test_login.py:29: AssertionError","steps":[],"attachments":[{"uid":"e096c54c1fde6c5","name":"Failure Screenshot","source":"e096c54c1fde6c5.png","type":"image/png","size":61027},{"uid":"3999b3029bcc6495","name":"log","source":"3999b3029bcc6495.txt","type":"text/plain","size":378}],"parameters":[],"stepsCount":0,"attachmentStep":false,"shouldDisplayMessage":true,"attachmentsCount":2,"hasContent":true},"afterStages":[{"name":"page::0","time":{"start":1769264353249,"stop":1769264353454,"duration":205},"status":"passed","steps":[],"attachments":[],"parameters":[],"stepsCount":0,"attachmentStep":false,"shouldDisplayMessage":false,"attachmentsCount":0,"hasContent":false}],"labels":[{"name":"parentSuite","value":"tests.e2e"},{"name":"suite","value":"test_login"},{"name":"subSuite","value":"TestLogin"},{"name":"host","value":"ASUS-A15"},{"name":"thread","value":"9568-MainThread"},{"name":"framework","value":"pytest"},{"name":"language","value":"cpython3"},{"name":"package","value":"tests.e2e.test_login"},{"name":"resultFormat","value":"allure2"}],"parameters":[{"name":"page","value":"'chromium'"},{"name":"password","value":"'ADMIN123'"},{"name":"username","value":"'Admin'"},{"name":"validity","value":"'invalid'"}],"links":[],"hidden":true,"retry":true,"extra":{"categories":[],"tags":[]},"source":"3027768d3b00a89d.json","parameterValues":["'chromium'","'ADMIN123'","'Admin'","'invalid'"]}