{"uid":"55e5540980383bed","name":"test_login[chromium--12345]","fullName":"tests.e2e.test_login.TestLogin#test_login","historyId":"9a43d99e229907c1d8fed9a305abf980","time":{"start":1769243123839,"stop":1769243125818,"duration":1979},"status":"failed","statusMessage":"AssertionError: Expected error message not shown for invalid login\nassert (False or False)\n +  where False = get_error_message()\n +    where get_error_message = <pages.LoginPage.LoginPage object at 0x00000252A7B63360>.get_error_message\n +  and   False = get_error_message()\n +    where get_error_message = <pages.LoginPage.LoginPage object at 0x00000252A7B63360>.get_error_message","statusTrace":"self = <e2e.test_login.TestLogin object at 0x00000252A65D4230>\npage = <Page url='https://opensource-demo.orangehrmlive.com/web/index.php/auth/login'>\nusername = '', password = '12345'\n\n    @pytest.mark.parametrize(\"username,password\", test_data())\n    \n    def test_login(self, page, username, password):\n        login = LoginPage(page)\n        dashboard = DashboardPage(page)\n    \n        login.login(username, password)\n    \n        if username == \"Admin\" and password == \"admin123\":\n            assert dashboard.is_dashboard_visible(), \\\n                f\"Login failed for valid data: {username}/{password}\"\n        else:\n>           assert (\n                    login.get_error_message()\n                    or login.get_error_message()\n            ), \"Expected error message not shown for invalid login\"\nE           AssertionError: Expected error message not shown for invalid login\nE           assert (False or False)\nE            +  where False = get_error_message()\nE            +    where get_error_message = <pages.LoginPage.LoginPage object at 0x00000252A7B63360>.get_error_message\nE            +  and   False = get_error_message()\nE            +    where get_error_message = <pages.LoginPage.LoginPage object at 0x00000252A7B63360>.get_error_message\n\ntests\\e2e\\test_login.py:20: AssertionError","flaky":false,"newFailed":false,"newBroken":false,"newPassed":false,"retriesCount":4,"retriesStatusChange":true,"beforeStages":[{"name":"_session_faker","time":{"start":1769243014385,"stop":1769243014499,"duration":114},"status":"passed","steps":[],"attachments":[],"parameters":[],"stepsCount":0,"attachmentStep":false,"shouldDisplayMessage":false,"attachmentsCount":0,"hasContent":false},{"name":"base_url","time":{"start":1769243014499,"stop":1769243014500,"duration":1},"status":"passed","steps":[],"attachments":[],"parameters":[],"stepsCount":0,"attachmentStep":false,"shouldDisplayMessage":false,"attachmentsCount":0,"hasContent":false},{"name":"delete_output_dir","time":{"start":1769243014500,"stop":1769243014500,"duration":0},"status":"passed","steps":[],"attachments":[],"parameters":[],"stepsCount":0,"attachmentStep":false,"shouldDisplayMessage":false,"attachmentsCount":0,"hasContent":false},{"name":"pytestconfig","time":{"start":1769243014500,"stop":1769243014500,"duration":0},"status":"passed","steps":[],"attachments":[],"parameters":[],"stepsCount":0,"attachmentStep":false,"shouldDisplayMessage":false,"attachmentsCount":0,"hasContent":false},{"name":"_verify_url","time":{"start":1769243014500,"stop":1769243014500,"duration":0},"status":"passed","steps":[],"attachments":[],"parameters":[],"stepsCount":0,"attachmentStep":false,"shouldDisplayMessage":false,"attachmentsCount":0,"hasContent":false},{"name":"page","time":{"start":1769243111706,"stop":1769243123838,"duration":12132},"status":"passed","steps":[],"attachments":[],"parameters":[],"stepsCount":0,"attachmentStep":false,"shouldDisplayMessage":false,"attachmentsCount":0,"hasContent":false}],"testStage":{"status":"failed","statusMessage":"AssertionError: Expected error message not shown for invalid login\nassert (False or False)\n +  where False = get_error_message()\n +    where get_error_message = <pages.LoginPage.LoginPage object at 0x00000252A7B63360>.get_error_message\n +  and   False = get_error_message()\n +    where get_error_message = <pages.LoginPage.LoginPage object at 0x00000252A7B63360>.get_error_message","statusTrace":"self = <e2e.test_login.TestLogin object at 0x00000252A65D4230>\npage = <Page url='https://opensource-demo.orangehrmlive.com/web/index.php/auth/login'>\nusername = '', password = '12345'\n\n    @pytest.mark.parametrize(\"username,password\", test_data())\n    \n    def test_login(self, page, username, password):\n        login = LoginPage(page)\n        dashboard = DashboardPage(page)\n    \n        login.login(username, password)\n    \n        if username == \"Admin\" and password == \"admin123\":\n            assert dashboard.is_dashboard_visible(), \\\n                f\"Login failed for valid data: {username}/{password}\"\n        else:\n>           assert (\n                    login.get_error_message()\n                    or login.get_error_message()\n            ), \"Expected error message not shown for invalid login\"\nE           AssertionError: Expected error message not shown for invalid login\nE           assert (False or False)\nE            +  where False = get_error_message()\nE            +    where get_error_message = <pages.LoginPage.LoginPage object at 0x00000252A7B63360>.get_error_message\nE            +  and   False = get_error_message()\nE            +    where get_error_message = <pages.LoginPage.LoginPage object at 0x00000252A7B63360>.get_error_message\n\ntests\\e2e\\test_login.py:20: AssertionError","steps":[],"attachments":[{"uid":"955823447a0a1029","name":"Failure Screenshot","source":"955823447a0a1029.png","type":"image/png","size":57773}],"parameters":[],"stepsCount":0,"attachmentStep":false,"shouldDisplayMessage":true,"attachmentsCount":1,"hasContent":true},"afterStages":[{"name":"page::0","time":{"start":1769243127092,"stop":1769243127288,"duration":196},"status":"passed","steps":[],"attachments":[],"parameters":[],"stepsCount":0,"attachmentStep":false,"shouldDisplayMessage":false,"attachmentsCount":0,"hasContent":false}],"labels":[{"name":"parentSuite","value":"tests.e2e"},{"name":"suite","value":"test_login"},{"name":"subSuite","value":"TestLogin"},{"name":"host","value":"ASUS-A15"},{"name":"thread","value":"4208-MainThread"},{"name":"framework","value":"pytest"},{"name":"language","value":"cpython3"},{"name":"package","value":"tests.e2e.test_login"},{"name":"resultFormat","value":"allure2"}],"parameters":[{"name":"page","value":"'chromium'"},{"name":"password","value":"'12345'"},{"name":"username","value":"''"}],"links":[],"hidden":false,"retry":false,"extra":{"severity":"normal","retries":[{"uid":"41f5ab2a946ae48d","status":"passed","time":{"start":1769242522400,"stop":1769242526955,"duration":4555}},{"uid":"67d8302f2c4abca4","status":"broken","statusDetails":"TypeError: argument of type 'Locator' is not a container or iterable","time":{"start":1769241955056,"stop":1769241957208,"duration":2152}},{"uid":"98e148b90b79a8ea","status":"broken","statusDetails":"TypeError: argument of type 'Locator' is not a container or iterable","time":{"start":1769208392098,"stop":1769208393007,"duration":909}},{"uid":"e3585b5df33a4dcc","status":"passed","time":{"start":1769207900950,"stop":1769207901883,"duration":933}}],"categories":[{"name":"Product defects","matchedStatuses":[]}],"tags":[]},"source":"55e5540980383bed.json","parameterValues":["'chromium'","'12345'","''"]}