{"uid":"64ab7a53146ba872","name":"test_login[chromium-Adm!n-admin123-invalid]","fullName":"tests.e2e.test_login.TestLogin#test_login","historyId":"868677150c7abd20eb7004f9ba736546","time":{"start":1769264395945,"stop":1769264409451,"duration":13506},"status":"failed","statusMessage":"AssertionError: Locator expected to be visible\nActual value: None\nError: element(s) not found \nCall log:\n  - Expect \"to_be_visible\" with timeout 5000ms\n  - waiting for locator(\".oxd-input-field-error-message\").first\n    - waiting for\" https://opensource-demo.orangehrmlive.com/web/index.php/auth/login\" navigation to finish...\n    - navigated to \"https://opensource-demo.orangehrmlive.com/web/index.php/auth/login\"","statusTrace":"self = <e2e.test_login.TestLogin object at 0x00000177E6ABA7B0>\npage = <Page url='https://opensource-demo.orangehrmlive.com/web/index.php/auth/login'>\nusername = 'Adm!n', password = 'admin123', validity = 'invalid'\nlogger = <Logger test_login[chromium-Adm!n-admin123-invalid] (INFO)>\n\n    @pytest.mark.parametrize(\"username,password,validity\", data())\n    \n    def test_login(self, page, username, password, validity,logger):\n        login = LoginPage(page)\n        logger.info(\"Navigate to login page\")\n        dashboard = DashboardPage(page)\n        logger.info(\"Navigate to dashboard page\")\n    \n        login.login(username, password)\n    \n        if validity==\"valid\":\n            logger.info(\"Valid login\")\n            assert dashboard.is_dashboard_visible()\n        else:\n            logger.info(\"Invalid login\")\n            try:\n>               expect(login.get_error_message()).to_be_visible()\nE               AssertionError: Locator expected to be visible\nE               Actual value: None\nE               Error: element(s) not found \nE               Call log:\nE                 - Expect \"to_be_visible\" with timeout 5000ms\nE                 - waiting for locator(\".oxd-alert-content-text\")\nE                   - waiting for\" https://opensource-demo.orangehrmlive.com/web/index.php/auth/validate\" navigation to finish...\n\ntests\\e2e\\test_login.py:26: AssertionError\n\nDuring handling of the above exception, another exception occurred:\n\nself = <e2e.test_login.TestLogin object at 0x00000177E6ABA7B0>\npage = <Page url='https://opensource-demo.orangehrmlive.com/web/index.php/auth/login'>\nusername = 'Adm!n', password = 'admin123', validity = 'invalid'\nlogger = <Logger test_login[chromium-Adm!n-admin123-invalid] (INFO)>\n\n    @pytest.mark.parametrize(\"username,password,validity\", data())\n    \n    def test_login(self, page, username, password, validity,logger):\n        login = LoginPage(page)\n        logger.info(\"Navigate to login page\")\n        dashboard = DashboardPage(page)\n        logger.info(\"Navigate to dashboard page\")\n    \n        login.login(username, password)\n    \n        if validity==\"valid\":\n            logger.info(\"Valid login\")\n            assert dashboard.is_dashboard_visible()\n        else:\n            logger.info(\"Invalid login\")\n            try:\n                expect(login.get_error_message()).to_be_visible()\n            except AssertionError:\n                # If not invalid, then it must be required\n>               expect(login.get_required_field_message()).to_be_visible()\nE               AssertionError: Locator expected to be visible\nE               Actual value: None\nE               Error: element(s) not found \nE               Call log:\nE                 - Expect \"to_be_visible\" with timeout 5000ms\nE                 - waiting for locator(\".oxd-input-field-error-message\").first\nE                   - waiting for\" https://opensource-demo.orangehrmlive.com/web/index.php/auth/login\" navigation to finish...\nE                   - navigated to \"https://opensource-demo.orangehrmlive.com/web/index.php/auth/login\"\n\ntests\\e2e\\test_login.py:29: AssertionError","flaky":false,"newFailed":false,"newBroken":false,"newPassed":false,"retriesCount":0,"retriesStatusChange":false,"beforeStages":[{"name":"_session_faker","time":{"start":1769264310037,"stop":1769264310157,"duration":120},"status":"passed","steps":[],"attachments":[],"parameters":[],"stepsCount":0,"attachmentStep":false,"shouldDisplayMessage":false,"attachmentsCount":0,"hasContent":false},{"name":"base_url","time":{"start":1769264310157,"stop":1769264310157,"duration":0},"status":"passed","steps":[],"attachments":[],"parameters":[],"stepsCount":0,"attachmentStep":false,"shouldDisplayMessage":false,"attachmentsCount":0,"hasContent":false},{"name":"_verify_url","time":{"start":1769264310157,"stop":1769264310157,"duration":0},"status":"passed","steps":[],"attachments":[],"parameters":[],"stepsCount":0,"attachmentStep":false,"shouldDisplayMessage":false,"attachmentsCount":0,"hasContent":false},{"name":"delete_output_dir","time":{"start":1769264310157,"stop":1769264310157,"duration":0},"status":"passed","steps":[],"attachments":[],"parameters":[],"stepsCount":0,"attachmentStep":false,"shouldDisplayMessage":false,"attachmentsCount":0,"hasContent":false},{"name":"pytestconfig","time":{"start":1769264310157,"stop":1769264310157,"duration":0},"status":"passed","steps":[],"attachments":[],"parameters":[],"stepsCount":0,"attachmentStep":false,"shouldDisplayMessage":false,"attachmentsCount":0,"hasContent":false},{"name":"page","time":{"start":1769264381884,"stop":1769264395942,"duration":14058},"status":"passed","steps":[],"attachments":[],"parameters":[],"stepsCount":0,"attachmentStep":false,"shouldDisplayMessage":false,"attachmentsCount":0,"hasContent":false},{"name":"logger","time":{"start":1769264395943,"stop":1769264395944,"duration":1},"status":"passed","steps":[],"attachments":[],"parameters":[],"stepsCount":0,"attachmentStep":false,"shouldDisplayMessage":false,"attachmentsCount":0,"hasContent":false}],"testStage":{"status":"failed","statusMessage":"AssertionError: Locator expected to be visible\nActual value: None\nError: element(s) not found \nCall log:\n  - Expect \"to_be_visible\" with timeout 5000ms\n  - waiting for locator(\".oxd-input-field-error-message\").first\n    - waiting for\" https://opensource-demo.orangehrmlive.com/web/index.php/auth/login\" navigation to finish...\n    - navigated to \"https://opensource-demo.orangehrmlive.com/web/index.php/auth/login\"","statusTrace":"self = <e2e.test_login.TestLogin object at 0x00000177E6ABA7B0>\npage = <Page url='https://opensource-demo.orangehrmlive.com/web/index.php/auth/login'>\nusername = 'Adm!n', password = 'admin123', validity = 'invalid'\nlogger = <Logger test_login[chromium-Adm!n-admin123-invalid] (INFO)>\n\n    @pytest.mark.parametrize(\"username,password,validity\", data())\n    \n    def test_login(self, page, username, password, validity,logger):\n        login = LoginPage(page)\n        logger.info(\"Navigate to login page\")\n        dashboard = DashboardPage(page)\n        logger.info(\"Navigate to dashboard page\")\n    \n        login.login(username, password)\n    \n        if validity==\"valid\":\n            logger.info(\"Valid login\")\n            assert dashboard.is_dashboard_visible()\n        else:\n            logger.info(\"Invalid login\")\n            try:\n>               expect(login.get_error_message()).to_be_visible()\nE               AssertionError: Locator expected to be visible\nE               Actual value: None\nE               Error: element(s) not found \nE               Call log:\nE                 - Expect \"to_be_visible\" with timeout 5000ms\nE                 - waiting for locator(\".oxd-alert-content-text\")\nE                   - waiting for\" https://opensource-demo.orangehrmlive.com/web/index.php/auth/validate\" navigation to finish...\n\ntests\\e2e\\test_login.py:26: AssertionError\n\nDuring handling of the above exception, another exception occurred:\n\nself = <e2e.test_login.TestLogin object at 0x00000177E6ABA7B0>\npage = <Page url='https://opensource-demo.orangehrmlive.com/web/index.php/auth/login'>\nusername = 'Adm!n', password = 'admin123', validity = 'invalid'\nlogger = <Logger test_login[chromium-Adm!n-admin123-invalid] (INFO)>\n\n    @pytest.mark.parametrize(\"username,password,validity\", data())\n    \n    def test_login(self, page, username, password, validity,logger):\n        login = LoginPage(page)\n        logger.info(\"Navigate to login page\")\n        dashboard = DashboardPage(page)\n        logger.info(\"Navigate to dashboard page\")\n    \n        login.login(username, password)\n    \n        if validity==\"valid\":\n            logger.info(\"Valid login\")\n            assert dashboard.is_dashboard_visible()\n        else:\n            logger.info(\"Invalid login\")\n            try:\n                expect(login.get_error_message()).to_be_visible()\n            except AssertionError:\n                # If not invalid, then it must be required\n>               expect(login.get_required_field_message()).to_be_visible()\nE               AssertionError: Locator expected to be visible\nE               Actual value: None\nE               Error: element(s) not found \nE               Call log:\nE                 - Expect \"to_be_visible\" with timeout 5000ms\nE                 - waiting for locator(\".oxd-input-field-error-message\").first\nE                   - waiting for\" https://opensource-demo.orangehrmlive.com/web/index.php/auth/login\" navigation to finish...\nE                   - navigated to \"https://opensource-demo.orangehrmlive.com/web/index.php/auth/login\"\n\ntests\\e2e\\test_login.py:29: AssertionError","steps":[],"attachments":[{"uid":"e10c60f2f87a7f82","name":"Failure Screenshot","source":"e10c60f2f87a7f82.png","type":"image/png","size":61027},{"uid":"eae8f792017e14c8","name":"log","source":"eae8f792017e14c8.txt","type":"text/plain","size":378}],"parameters":[],"stepsCount":0,"attachmentStep":false,"shouldDisplayMessage":true,"attachmentsCount":2,"hasContent":true},"afterStages":[{"name":"page::0","time":{"start":1769264409631,"stop":1769264409846,"duration":215},"status":"passed","steps":[],"attachments":[],"parameters":[],"stepsCount":0,"attachmentStep":false,"shouldDisplayMessage":false,"attachmentsCount":0,"hasContent":false}],"labels":[{"name":"parentSuite","value":"tests.e2e"},{"name":"suite","value":"test_login"},{"name":"subSuite","value":"TestLogin"},{"name":"host","value":"ASUS-A15"},{"name":"thread","value":"26872-MainThread"},{"name":"framework","value":"pytest"},{"name":"language","value":"cpython3"},{"name":"package","value":"tests.e2e.test_login"},{"name":"resultFormat","value":"allure2"}],"parameters":[{"name":"page","value":"'chromium'"},{"name":"password","value":"'admin123'"},{"name":"username","value":"'Adm!n'"},{"name":"validity","value":"'invalid'"}],"links":[],"hidden":true,"retry":true,"extra":{"categories":[],"tags":[]},"source":"64ab7a53146ba872.json","parameterValues":["'chromium'","'admin123'","'Adm!n'","'invalid'"]}