{"uid":"6929aee8650859f7","name":"test_login[chromium-Admin-12345-invalid]","fullName":"tests.e2e.test_login.TestLogin#test_login","historyId":"7f67530a7f21ea1f70f82b4928162077","time":{"start":1769250841178,"stop":1769250850204,"duration":9026},"status":"failed","statusMessage":"AssertionError: Locator expected to be visible\nActual value: None\nError: element(s) not found \nCall log:\n  - Expect \"to_be_visible\" with timeout 5000ms\n  - waiting for locator(\".oxd-input-field-error-message\")","statusTrace":"self = <e2e.test_login.TestLogin object at 0x0000019E29CC5810>\npage = <Page url='https://opensource-demo.orangehrmlive.com/web/index.php/auth/login'>\nusername = 'Admin', password = '12345', validity = 'invalid'\n\n    @pytest.mark.parametrize(\"username,password,validity\", data())\n    \n    def test_login(self, page, username, password, validity):\n        login = LoginPage(page)\n        dashboard = DashboardPage(page)\n    \n        login.login(username, password)\n    \n        if validity==\"valid\":\n            assert dashboard.is_dashboard_visible(), \\\n                f\"Login failed for valid data: {username}/{password}\"\n        else:\n            if login.get_error_message().is_visible():\n                expect(login.get_error_message()).to_be_visible()\n            else:\n>               expect(login.get_required_field_message()).to_be_visible()\nE               AssertionError: Locator expected to be visible\nE               Actual value: None\nE               Error: element(s) not found \nE               Call log:\nE                 - Expect \"to_be_visible\" with timeout 5000ms\nE                 - waiting for locator(\".oxd-input-field-error-message\")\n\ntests\\e2e\\test_login.py:25: AssertionError","flaky":false,"newFailed":false,"newBroken":false,"newPassed":false,"retriesCount":0,"retriesStatusChange":false,"beforeStages":[{"name":"page","time":{"start":1769250829618,"stop":1769250841177,"duration":11559},"status":"passed","steps":[],"attachments":[],"parameters":[],"stepsCount":0,"attachmentStep":false,"shouldDisplayMessage":false,"attachmentsCount":0,"hasContent":false}],"testStage":{"status":"failed","statusMessage":"AssertionError: Locator expected to be visible\nActual value: None\nError: element(s) not found \nCall log:\n  - Expect \"to_be_visible\" with timeout 5000ms\n  - waiting for locator(\".oxd-input-field-error-message\")","statusTrace":"self = <e2e.test_login.TestLogin object at 0x0000019E29CC5810>\npage = <Page url='https://opensource-demo.orangehrmlive.com/web/index.php/auth/login'>\nusername = 'Admin', password = '12345', validity = 'invalid'\n\n    @pytest.mark.parametrize(\"username,password,validity\", data())\n    \n    def test_login(self, page, username, password, validity):\n        login = LoginPage(page)\n        dashboard = DashboardPage(page)\n    \n        login.login(username, password)\n    \n        if validity==\"valid\":\n            assert dashboard.is_dashboard_visible(), \\\n                f\"Login failed for valid data: {username}/{password}\"\n        else:\n            if login.get_error_message().is_visible():\n                expect(login.get_error_message()).to_be_visible()\n            else:\n>               expect(login.get_required_field_message()).to_be_visible()\nE               AssertionError: Locator expected to be visible\nE               Actual value: None\nE               Error: element(s) not found \nE               Call log:\nE                 - Expect \"to_be_visible\" with timeout 5000ms\nE                 - waiting for locator(\".oxd-input-field-error-message\")\n\ntests\\e2e\\test_login.py:25: AssertionError","steps":[],"attachments":[{"uid":"4f72ecf33cacf48d","name":"Failure Screenshot","source":"4f72ecf33cacf48d.png","type":"image/png","size":61027}],"parameters":[],"stepsCount":0,"attachmentStep":false,"shouldDisplayMessage":true,"attachmentsCount":1,"hasContent":true},"afterStages":[{"name":"page::0","time":{"start":1769250850362,"stop":1769250850553,"duration":191},"status":"passed","steps":[],"attachments":[],"parameters":[],"stepsCount":0,"attachmentStep":false,"shouldDisplayMessage":false,"attachmentsCount":0,"hasContent":false}],"labels":[{"name":"parentSuite","value":"tests.e2e"},{"name":"suite","value":"test_login"},{"name":"subSuite","value":"TestLogin"},{"name":"host","value":"ASUS-A15"},{"name":"thread","value":"32748-MainThread"},{"name":"framework","value":"pytest"},{"name":"language","value":"cpython3"},{"name":"package","value":"tests.e2e.test_login"},{"name":"resultFormat","value":"allure2"}],"parameters":[{"name":"page","value":"'chromium'"},{"name":"password","value":"'12345'"},{"name":"username","value":"'Admin'"},{"name":"validity","value":"'invalid'"}],"links":[],"hidden":true,"retry":true,"extra":{"categories":[],"tags":[]},"source":"6929aee8650859f7.json","parameterValues":["'chromium'","'12345'","'Admin'","'invalid'"]}