{"uid":"70fec3a4b91af18a","name":"test_login[chromium-12345-admin123]","fullName":"tests.e2e.test_login.TestLogin#test_login","historyId":"d084eae4916a4d87a61938da0ab99e4f","time":{"start":1769246307856,"stop":1769246310307,"duration":2451},"status":"failed","statusMessage":"AssertionError: Expected error message not shown for invalid login\nassert (False or False)\n +  where False = get_error_message()\n +    where get_error_message = <pages.LoginPage.LoginPage object at 0x000001C82C480980>.get_error_message\n +  and   False = get_error_message()\n +    where get_error_message = <pages.LoginPage.LoginPage object at 0x000001C82C480980>.get_error_message","statusTrace":"self = <e2e.test_login.TestLogin object at 0x000001C82BFF3360>\npage = <Page url='https://opensource-demo.orangehrmlive.com/web/index.php/auth/login'>\nusername = '12345', password = 'admin123'\n\n    @pytest.mark.parametrize(\"username,password\", test_data())\n    \n    def test_login(self, page, username, password):\n        login = LoginPage(page)\n        dashboard = DashboardPage(page)\n    \n        login.login(username, password)\n    \n        if username == \"Admin\" and password == \"admin123\":\n            assert dashboard.is_dashboard_visible(), \\\n                f\"Login failed for valid data: {username}/{password}\"\n        else:\n>           assert (\n                    login.get_error_message()\n                    or login.get_error_message()\n            ), \"Expected error message not shown for invalid login\"\nE           AssertionError: Expected error message not shown for invalid login\nE           assert (False or False)\nE            +  where False = get_error_message()\nE            +    where get_error_message = <pages.LoginPage.LoginPage object at 0x000001C82C480980>.get_error_message\nE            +  and   False = get_error_message()\nE            +    where get_error_message = <pages.LoginPage.LoginPage object at 0x000001C82C480980>.get_error_message\n\ntests\\e2e\\test_login.py:20: AssertionError","flaky":false,"newFailed":false,"newBroken":false,"newPassed":false,"retriesCount":12,"retriesStatusChange":true,"beforeStages":[{"name":"_session_faker","time":{"start":1769246295547,"stop":1769246295659,"duration":112},"status":"passed","steps":[],"attachments":[],"parameters":[],"stepsCount":0,"attachmentStep":false,"shouldDisplayMessage":false,"attachmentsCount":0,"hasContent":false},{"name":"_verify_url","time":{"start":1769246295660,"stop":1769246295660,"duration":0},"status":"passed","steps":[],"attachments":[],"parameters":[],"stepsCount":0,"attachmentStep":false,"shouldDisplayMessage":false,"attachmentsCount":0,"hasContent":false},{"name":"base_url","time":{"start":1769246295660,"stop":1769246295660,"duration":0},"status":"passed","steps":[],"attachments":[],"parameters":[],"stepsCount":0,"attachmentStep":false,"shouldDisplayMessage":false,"attachmentsCount":0,"hasContent":false},{"name":"delete_output_dir","time":{"start":1769246295660,"stop":1769246295660,"duration":0},"status":"passed","steps":[],"attachments":[],"parameters":[],"stepsCount":0,"attachmentStep":false,"shouldDisplayMessage":false,"attachmentsCount":0,"hasContent":false},{"name":"pytestconfig","time":{"start":1769246295660,"stop":1769246295660,"duration":0},"status":"passed","steps":[],"attachments":[],"parameters":[],"stepsCount":0,"attachmentStep":false,"shouldDisplayMessage":false,"attachmentsCount":0,"hasContent":false},{"name":"page","time":{"start":1769246295660,"stop":1769246307855,"duration":12195},"status":"passed","steps":[],"attachments":[],"parameters":[],"stepsCount":0,"attachmentStep":false,"shouldDisplayMessage":false,"attachmentsCount":0,"hasContent":false}],"testStage":{"status":"failed","statusMessage":"AssertionError: Expected error message not shown for invalid login\nassert (False or False)\n +  where False = get_error_message()\n +    where get_error_message = <pages.LoginPage.LoginPage object at 0x000001C82C480980>.get_error_message\n +  and   False = get_error_message()\n +    where get_error_message = <pages.LoginPage.LoginPage object at 0x000001C82C480980>.get_error_message","statusTrace":"self = <e2e.test_login.TestLogin object at 0x000001C82BFF3360>\npage = <Page url='https://opensource-demo.orangehrmlive.com/web/index.php/auth/login'>\nusername = '12345', password = 'admin123'\n\n    @pytest.mark.parametrize(\"username,password\", test_data())\n    \n    def test_login(self, page, username, password):\n        login = LoginPage(page)\n        dashboard = DashboardPage(page)\n    \n        login.login(username, password)\n    \n        if username == \"Admin\" and password == \"admin123\":\n            assert dashboard.is_dashboard_visible(), \\\n                f\"Login failed for valid data: {username}/{password}\"\n        else:\n>           assert (\n                    login.get_error_message()\n                    or login.get_error_message()\n            ), \"Expected error message not shown for invalid login\"\nE           AssertionError: Expected error message not shown for invalid login\nE           assert (False or False)\nE            +  where False = get_error_message()\nE            +    where get_error_message = <pages.LoginPage.LoginPage object at 0x000001C82C480980>.get_error_message\nE            +  and   False = get_error_message()\nE            +    where get_error_message = <pages.LoginPage.LoginPage object at 0x000001C82C480980>.get_error_message\n\ntests\\e2e\\test_login.py:20: AssertionError","steps":[],"attachments":[{"uid":"6427e22815fb26e3","name":"Failure Screenshot","source":"6427e22815fb26e3.png","type":"image/png","size":4256}],"parameters":[],"stepsCount":0,"attachmentStep":false,"shouldDisplayMessage":true,"attachmentsCount":1,"hasContent":true},"afterStages":[{"name":"page::0","time":{"start":1769246310413,"stop":1769246310659,"duration":246},"status":"passed","steps":[],"attachments":[],"parameters":[],"stepsCount":0,"attachmentStep":false,"shouldDisplayMessage":false,"attachmentsCount":0,"hasContent":false}],"labels":[{"name":"parentSuite","value":"tests.e2e"},{"name":"suite","value":"test_login"},{"name":"subSuite","value":"TestLogin"},{"name":"host","value":"ASUS-A15"},{"name":"thread","value":"24064-MainThread"},{"name":"framework","value":"pytest"},{"name":"language","value":"cpython3"},{"name":"package","value":"tests.e2e.test_login"},{"name":"resultFormat","value":"allure2"}],"parameters":[{"name":"page","value":"'chromium'"},{"name":"password","value":"'admin123'"},{"name":"username","value":"'12345'"}],"links":[],"hidden":false,"retry":false,"extra":{"severity":"normal","retries":[{"uid":"e926b69b3551809c","status":"failed","statusDetails":"AssertionError: Expected error message not shown for invalid login\nassert (False or False)\n +  where False = get_error_message()\n +    where get_error_message = <pages.LoginPage.LoginPage object at 0x00000252A6990980>.get_error_message\n +  and   False = get_error_message()\n +    where get_error_message = <pages.LoginPage.LoginPage object at 0x00000252A6990980>.get_error_message","time":{"start":1769243053279,"stop":1769243058050,"duration":4771}},{"uid":"43b4f04f017f2e20","status":"broken","statusDetails":"playwright._impl._errors.TimeoutError: Locator.inner_text: Timeout 60000ms exceeded.\nCall log:\n  - waiting for get_by_text(\"Required\")","time":{"start":1769242292624,"stop":1769242355571,"duration":62947}},{"uid":"1a459f712dfc857","status":"broken","statusDetails":"TypeError: argument of type 'Locator' is not a container or iterable","time":{"start":1769241910118,"stop":1769241913336,"duration":3218}},{"uid":"c6c14741841cef23","status":"broken","statusDetails":"TypeError: argument of type 'Locator' is not a container or iterable","time":{"start":1769208354684,"stop":1769208356863,"duration":2179}},{"uid":"5225cd387a905584","status":"failed","statusDetails":"AssertionError: assert (False or False)\n +  where False = get_required_field_message()\n +    where get_required_field_message = <pages.LoginPage.LoginPage object at 0x00000136B0750980>.get_required_field_message\n +  and   False = get_error_message()\n +    where get_error_message = <pages.LoginPage.LoginPage object at 0x00000136B0750980>.get_error_message","time":{"start":1769207873978,"stop":1769207876401,"duration":2423}},{"uid":"90465cdbec90e7dd","status":"failed","statusDetails":"AssertionError: assert (False or False)\n +  where False = get_required_field_message()\n +    where get_required_field_message = <pages.LoginPage.LoginPage object at 0x0000021A3CD68830>.get_required_field_message\n +  and   False = get_error_message()\n +    where get_error_message = <pages.LoginPage.LoginPage object at 0x0000021A3CD68830>.get_error_message","time":{"start":1769207413120,"stop":1769207415539,"duration":2419}},{"uid":"be00e0aff5b6cc9d","status":"broken","statusDetails":"TypeError: argument of type 'bool' is not a container or iterable","time":{"start":1769207291493,"stop":1769207293852,"duration":2359}},{"uid":"7c833d473cf1f8af","status":"broken","statusDetails":"playwright._impl._errors.TimeoutError: Locator.inner_text: Timeout 60000ms exceeded.\nCall log:\n  - waiting for get_by_text(\"Required\")","time":{"start":1769206970133,"stop":1769207032606,"duration":62473}},{"uid":"6099e3881a098b73","status":"broken","statusDetails":"playwright._impl._errors.TimeoutError: Locator.inner_text: Timeout 60000ms exceeded.\nCall log:\n  - waiting for get_by_text(\"Required\")","time":{"start":1769206707032,"stop":1769206770977,"duration":63945}},{"uid":"559b78bd5334abda","status":"broken","statusDetails":"TypeError: argument of type 'Locator' is not a container or iterable","time":{"start":1769206134203,"stop":1769206139670,"duration":5467}},{"uid":"643a8c96cf6c03ee","status":"broken","statusDetails":"AttributeError: 'LoginPage' object has no attribute 'RequiredFields'. Did you mean: 'required_fields'?","time":{"start":1769206002389,"stop":1769206005121,"duration":2732}},{"uid":"e0b1bbe2d7a1b75","status":"broken","statusDetails":"_pytest.fixtures.FixtureLookupError: ('test_data', <FixtureRequest for <Function test_login[chromium-12345-admin123]>>)","time":{"start":1769205076706,"stop":1769205076706,"duration":0}}],"categories":[{"name":"Product defects","matchedStatuses":[]}],"tags":[]},"source":"70fec3a4b91af18a.json","parameterValues":["'chromium'","'admin123'","'12345'"]}