{"uid":"933d87029e113b8d","name":"test_login[chromium-Admin-admin123]","fullName":"tests.e2e.test_login.TestLogin#test_login","historyId":"5ee8f2ebecc723fab26c9bbbae004564","time":{"start":1769206133299,"stop":1769206138390,"duration":5091},"status":"failed","statusMessage":"AssertionError: Login failed for valid data: Admin/admin123\nassert False\n +  where False = is_dashboard_visible()\n +    where is_dashboard_visible = <pages.DashboardPage.DashboardPage object at 0x00000273B2B18C20>.is_dashboard_visible","statusTrace":"self = <e2e.test_login.TestLogin object at 0x00000273B26E5590>\npage = <Page url='https://opensource-demo.orangehrmlive.com/web/index.php/auth/login'>\nusername = 'Admin', password = 'admin123'\n\n    @pytest.mark.parametrize(\"username,password\", test_data())\n    \n    def test_login(self, page, username, password):\n        login = LoginPage(page)\n        dashboard = DashboardPage(page)\n    \n        login.login(username, password)\n    \n        if username == \"Admin\" and password == \"admin123\":\n>           assert dashboard.is_dashboard_visible(), \\\n                f\"Login failed for valid data: {username}/{password}\"\nE           AssertionError: Login failed for valid data: Admin/admin123\nE           assert False\nE            +  where False = is_dashboard_visible()\nE            +    where is_dashboard_visible = <pages.DashboardPage.DashboardPage object at 0x00000273B2B18C20>.is_dashboard_visible\n\ntests\\e2e\\test_login.py:17: AssertionError","flaky":false,"newFailed":false,"newBroken":false,"newPassed":false,"retriesCount":0,"retriesStatusChange":false,"beforeStages":[{"name":"_session_faker","time":{"start":1769206125093,"stop":1769206125197,"duration":104},"status":"passed","steps":[],"attachments":[],"parameters":[],"stepsCount":0,"attachmentStep":false,"shouldDisplayMessage":false,"attachmentsCount":0,"hasContent":false},{"name":"delete_output_dir","time":{"start":1769206125198,"stop":1769206125198,"duration":0},"status":"passed","steps":[],"attachments":[],"parameters":[],"stepsCount":0,"attachmentStep":false,"shouldDisplayMessage":false,"attachmentsCount":0,"hasContent":false},{"name":"pytestconfig","time":{"start":1769206125198,"stop":1769206125198,"duration":0},"status":"passed","steps":[],"attachments":[],"parameters":[],"stepsCount":0,"attachmentStep":false,"shouldDisplayMessage":false,"attachmentsCount":0,"hasContent":false},{"name":"_verify_url","time":{"start":1769206125198,"stop":1769206125198,"duration":0},"status":"passed","steps":[],"attachments":[],"parameters":[],"stepsCount":0,"attachmentStep":false,"shouldDisplayMessage":false,"attachmentsCount":0,"hasContent":false},{"name":"page","time":{"start":1769206125198,"stop":1769206133297,"duration":8099},"status":"passed","steps":[],"attachments":[],"parameters":[],"stepsCount":0,"attachmentStep":false,"shouldDisplayMessage":false,"attachmentsCount":0,"hasContent":false},{"name":"base_url","time":{"start":1769206125198,"stop":1769206125198,"duration":0},"status":"passed","steps":[],"attachments":[],"parameters":[],"stepsCount":0,"attachmentStep":false,"shouldDisplayMessage":false,"attachmentsCount":0,"hasContent":false}],"testStage":{"status":"failed","statusMessage":"AssertionError: Login failed for valid data: Admin/admin123\nassert False\n +  where False = is_dashboard_visible()\n +    where is_dashboard_visible = <pages.DashboardPage.DashboardPage object at 0x00000273B2B18C20>.is_dashboard_visible","statusTrace":"self = <e2e.test_login.TestLogin object at 0x00000273B26E5590>\npage = <Page url='https://opensource-demo.orangehrmlive.com/web/index.php/auth/login'>\nusername = 'Admin', password = 'admin123'\n\n    @pytest.mark.parametrize(\"username,password\", test_data())\n    \n    def test_login(self, page, username, password):\n        login = LoginPage(page)\n        dashboard = DashboardPage(page)\n    \n        login.login(username, password)\n    \n        if username == \"Admin\" and password == \"admin123\":\n>           assert dashboard.is_dashboard_visible(), \\\n                f\"Login failed for valid data: {username}/{password}\"\nE           AssertionError: Login failed for valid data: Admin/admin123\nE           assert False\nE            +  where False = is_dashboard_visible()\nE            +    where is_dashboard_visible = <pages.DashboardPage.DashboardPage object at 0x00000273B2B18C20>.is_dashboard_visible\n\ntests\\e2e\\test_login.py:17: AssertionError","steps":[],"attachments":[{"uid":"4efc2d356401570c","name":"Failure Screenshot","source":"4efc2d356401570c.png","type":"image/png","size":4256}],"parameters":[],"stepsCount":0,"attachmentStep":false,"shouldDisplayMessage":true,"attachmentsCount":1,"hasContent":true},"afterStages":[{"name":"page::0","time":{"start":1769206138497,"stop":1769206138701,"duration":204},"status":"passed","steps":[],"attachments":[],"parameters":[],"stepsCount":0,"attachmentStep":false,"shouldDisplayMessage":false,"attachmentsCount":0,"hasContent":false}],"labels":[{"name":"parentSuite","value":"tests.e2e"},{"name":"suite","value":"test_login"},{"name":"subSuite","value":"TestLogin"},{"name":"host","value":"ASUS-A15"},{"name":"thread","value":"35428-MainThread"},{"name":"framework","value":"pytest"},{"name":"language","value":"cpython3"},{"name":"package","value":"tests.e2e.test_login"},{"name":"resultFormat","value":"allure2"}],"parameters":[{"name":"page","value":"'chromium'"},{"name":"password","value":"'admin123'"},{"name":"username","value":"'Admin'"}],"links":[],"hidden":true,"retry":true,"extra":{"categories":[],"tags":[]},"source":"933d87029e113b8d.json","parameterValues":["'chromium'","'admin123'","'Admin'"]}