{"uid":"ae7ded5baeb2a5e5","name":"test_login[chromium-@@@@@@-********]","fullName":"tests.e2e.test_login.TestLogin#test_login","historyId":"526515c90c598aa61795e646d16115df","time":{"start":1769207891581,"stop":1769207894445,"duration":2864},"status":"failed","statusMessage":"AssertionError: assert (False or False)\n +  where False = get_required_field_message()\n +    where get_required_field_message = <pages.LoginPage.LoginPage object at 0x000002105B881810>.get_required_field_message\n +  and   False = get_error_message()\n +    where get_error_message = <pages.LoginPage.LoginPage object at 0x000002105B881810>.get_error_message","statusTrace":"self = <e2e.test_login.TestLogin object at 0x000002105A2CD550>\npage = <Page url='https://opensource-demo.orangehrmlive.com/web/index.php/auth/login'>\nusername = '@@@@@@', password = '********'\n\n    @pytest.mark.parametrize(\"username,password\", test_data())\n    \n    def test_login(self, page, username, password):\n        login = LoginPage(page)\n        dashboard = DashboardPage(page)\n    \n        login.login(username, password)\n    \n        if username == \"Admin\" and password == \"admin123\":\n            assert dashboard.is_dashboard_visible(), \\\n                f\"Login failed for valid data: {username}/{password}\"\n        else:\n            # assert (\"Required\" in login.get_required_field_message() or \"Invalid\" in login.get_error_message())\n>           assert (login.get_required_field_message() or login.get_error_message())\nE           assert (False or False)\nE            +  where False = get_required_field_message()\nE            +    where get_required_field_message = <pages.LoginPage.LoginPage object at 0x000002105B881810>.get_required_field_message\nE            +  and   False = get_error_message()\nE            +    where get_error_message = <pages.LoginPage.LoginPage object at 0x000002105B881810>.get_error_message\n\ntests\\e2e\\test_login.py:21: AssertionError","flaky":false,"newFailed":false,"newBroken":false,"newPassed":false,"retriesCount":0,"retriesStatusChange":false,"beforeStages":[{"name":"_session_faker","time":{"start":1769207864972,"stop":1769207865077,"duration":105},"status":"passed","steps":[],"attachments":[],"parameters":[],"stepsCount":0,"attachmentStep":false,"shouldDisplayMessage":false,"attachmentsCount":0,"hasContent":false},{"name":"_verify_url","time":{"start":1769207865077,"stop":1769207865077,"duration":0},"status":"passed","steps":[],"attachments":[],"parameters":[],"stepsCount":0,"attachmentStep":false,"shouldDisplayMessage":false,"attachmentsCount":0,"hasContent":false},{"name":"base_url","time":{"start":1769207865077,"stop":1769207865077,"duration":0},"status":"passed","steps":[],"attachments":[],"parameters":[],"stepsCount":0,"attachmentStep":false,"shouldDisplayMessage":false,"attachmentsCount":0,"hasContent":false},{"name":"delete_output_dir","time":{"start":1769207865078,"stop":1769207865078,"duration":0},"status":"passed","steps":[],"attachments":[],"parameters":[],"stepsCount":0,"attachmentStep":false,"shouldDisplayMessage":false,"attachmentsCount":0,"hasContent":false},{"name":"pytestconfig","time":{"start":1769207865078,"stop":1769207865078,"duration":0},"status":"passed","steps":[],"attachments":[],"parameters":[],"stepsCount":0,"attachmentStep":false,"shouldDisplayMessage":false,"attachmentsCount":0,"hasContent":false},{"name":"page","time":{"start":1769207886395,"stop":1769207891580,"duration":5185},"status":"passed","steps":[],"attachments":[],"parameters":[],"stepsCount":0,"attachmentStep":false,"shouldDisplayMessage":false,"attachmentsCount":0,"hasContent":false}],"testStage":{"status":"failed","statusMessage":"AssertionError: assert (False or False)\n +  where False = get_required_field_message()\n +    where get_required_field_message = <pages.LoginPage.LoginPage object at 0x000002105B881810>.get_required_field_message\n +  and   False = get_error_message()\n +    where get_error_message = <pages.LoginPage.LoginPage object at 0x000002105B881810>.get_error_message","statusTrace":"self = <e2e.test_login.TestLogin object at 0x000002105A2CD550>\npage = <Page url='https://opensource-demo.orangehrmlive.com/web/index.php/auth/login'>\nusername = '@@@@@@', password = '********'\n\n    @pytest.mark.parametrize(\"username,password\", test_data())\n    \n    def test_login(self, page, username, password):\n        login = LoginPage(page)\n        dashboard = DashboardPage(page)\n    \n        login.login(username, password)\n    \n        if username == \"Admin\" and password == \"admin123\":\n            assert dashboard.is_dashboard_visible(), \\\n                f\"Login failed for valid data: {username}/{password}\"\n        else:\n            # assert (\"Required\" in login.get_required_field_message() or \"Invalid\" in login.get_error_message())\n>           assert (login.get_required_field_message() or login.get_error_message())\nE           assert (False or False)\nE            +  where False = get_required_field_message()\nE            +    where get_required_field_message = <pages.LoginPage.LoginPage object at 0x000002105B881810>.get_required_field_message\nE            +  and   False = get_error_message()\nE            +    where get_error_message = <pages.LoginPage.LoginPage object at 0x000002105B881810>.get_error_message\n\ntests\\e2e\\test_login.py:21: AssertionError","steps":[],"attachments":[{"uid":"bc5df0e1de679b46","name":"Failure Screenshot","source":"bc5df0e1de679b46.png","type":"image/png","size":4256}],"parameters":[],"stepsCount":0,"attachmentStep":false,"shouldDisplayMessage":true,"attachmentsCount":1,"hasContent":true},"afterStages":[{"name":"page::0","time":{"start":1769207894506,"stop":1769207894731,"duration":225},"status":"passed","steps":[],"attachments":[],"parameters":[],"stepsCount":0,"attachmentStep":false,"shouldDisplayMessage":false,"attachmentsCount":0,"hasContent":false}],"labels":[{"name":"parentSuite","value":"tests.e2e"},{"name":"suite","value":"test_login"},{"name":"subSuite","value":"TestLogin"},{"name":"host","value":"ASUS-A15"},{"name":"thread","value":"24660-MainThread"},{"name":"framework","value":"pytest"},{"name":"language","value":"cpython3"},{"name":"package","value":"tests.e2e.test_login"},{"name":"resultFormat","value":"allure2"}],"parameters":[{"name":"page","value":"'chromium'"},{"name":"password","value":"'********'"},{"name":"username","value":"'@@@@@@'"}],"links":[],"hidden":true,"retry":true,"extra":{"categories":[],"tags":[]},"source":"ae7ded5baeb2a5e5.json","parameterValues":["'chromium'","'********'","'@@@@@@'"]}