{"uid":"b01349787d7bb714","name":"test_login[chromium---invalid]","fullName":"tests.e2e.test_login.TestLogin#test_login","historyId":"1f2c2a5e6b5b786268e5cc56c832f7e3","time":{"start":1769276290466,"stop":1769276298491,"duration":8025},"status":"failed","statusMessage":"AssertionError: Locator expected to be visible\nActual value: None\nError: strict mode violation: locator(\".oxd-input-field-error-message\") resolved to 2 elements:\n    1) <span data-v-7b563373=\"\" data-v-957b4417=\"\" class=\"oxd-text oxd-text--span oxd-input-field-error-message oxd-input-group__message\">Required</span> aka get_by_text(\"Required\").first\n    2) <span data-v-7b563373=\"\" data-v-957b4417=\"\" class=\"oxd-text oxd-text--span oxd-input-field-error-message oxd-input-group__message\">Required</span> aka get_by_text(\"Required\").nth(1)\n \nCall log:\n  - Expect \"to_be_visible\" with timeout 5000ms\n  - waiting for locator(\".oxd-input-field-error-message\")","statusTrace":"self = <e2e.test_login.TestLogin object at 0x00000297019BE5F0>\npage = <Page url='https://opensource-demo.orangehrmlive.com/web/index.php/auth/login'>\nusername = '', password = '', validity = 'invalid'\nlogger = <Logger test_login[chromium---invalid] (INFO)>\n\n    @pytest.mark.parametrize(\"username,password,validity\", data())\n    \n    def test_login(self, page, username, password, validity,logger):\n        login = LoginPage(page, logger)\n        dashboard = DashboardPage(page)\n    \n        login.login(username, password)\n    \n        if validity==\"valid\":\n            logger.info(\"Successfully logged in\")\n            assert dashboard.is_dashboard_visible()\n        else:\n            try:\n                logger.info(\"Getting error message, Invalid credentials\")\n>               expect(login.get_error_message()).to_be_visible()\nE               AssertionError: Locator expected to be visible\nE               Actual value: None\nE               Error: element(s) not found \nE               Call log:\nE                 - Expect \"to_be_visible\" with timeout 5000ms\nE                 - waiting for locator(\".oxd-alert-content-text\")\n\ntests\\e2e\\test_login.py:24: AssertionError\n\nDuring handling of the above exception, another exception occurred:\n\nself = <e2e.test_login.TestLogin object at 0x00000297019BE5F0>\npage = <Page url='https://opensource-demo.orangehrmlive.com/web/index.php/auth/login'>\nusername = '', password = '', validity = 'invalid'\nlogger = <Logger test_login[chromium---invalid] (INFO)>\n\n    @pytest.mark.parametrize(\"username,password,validity\", data())\n    \n    def test_login(self, page, username, password, validity,logger):\n        login = LoginPage(page, logger)\n        dashboard = DashboardPage(page)\n    \n        login.login(username, password)\n    \n        if validity==\"valid\":\n            logger.info(\"Successfully logged in\")\n            assert dashboard.is_dashboard_visible()\n        else:\n            try:\n                logger.info(\"Getting error message, Invalid credentials\")\n                expect(login.get_error_message()).to_be_visible()\n            except AssertionError:\n                # If not invalid, then it must be required\n                logger.info(\"Getting validation message, Required \")\n>               expect(login.get_required_field_message()).to_be_visible()\nE               AssertionError: Locator expected to be visible\nE               Actual value: None\nE               Error: strict mode violation: locator(\".oxd-input-field-error-message\") resolved to 2 elements:\nE                   1) <span data-v-7b563373=\"\" data-v-957b4417=\"\" class=\"oxd-text oxd-text--span oxd-input-field-error-message oxd-input-group__message\">Required</span> aka get_by_text(\"Required\").first\nE                   2) <span data-v-7b563373=\"\" data-v-957b4417=\"\" class=\"oxd-text oxd-text--span oxd-input-field-error-message oxd-input-group__message\">Required</span> aka get_by_text(\"Required\").nth(1)\nE                \nE               Call log:\nE                 - Expect \"to_be_visible\" with timeout 5000ms\nE                 - waiting for locator(\".oxd-input-field-error-message\")\n\ntests\\e2e\\test_login.py:28: AssertionError","flaky":false,"newFailed":false,"newBroken":false,"newPassed":false,"retriesCount":0,"retriesStatusChange":false,"beforeStages":[{"name":"_session_faker","time":{"start":1769276171509,"stop":1769276171632,"duration":123},"status":"passed","steps":[],"attachments":[],"parameters":[],"stepsCount":0,"attachmentStep":false,"shouldDisplayMessage":false,"attachmentsCount":0,"hasContent":false},{"name":"base_url","time":{"start":1769276171632,"stop":1769276171632,"duration":0},"status":"passed","steps":[],"attachments":[],"parameters":[],"stepsCount":0,"attachmentStep":false,"shouldDisplayMessage":false,"attachmentsCount":0,"hasContent":false},{"name":"_verify_url","time":{"start":1769276171632,"stop":1769276171633,"duration":1},"status":"passed","steps":[],"attachments":[],"parameters":[],"stepsCount":0,"attachmentStep":false,"shouldDisplayMessage":false,"attachmentsCount":0,"hasContent":false},{"name":"pytestconfig","time":{"start":1769276171633,"stop":1769276171633,"duration":0},"status":"passed","steps":[],"attachments":[],"parameters":[],"stepsCount":0,"attachmentStep":false,"shouldDisplayMessage":false,"attachmentsCount":0,"hasContent":false},{"name":"delete_output_dir","time":{"start":1769276171633,"stop":1769276171633,"duration":0},"status":"passed","steps":[],"attachments":[],"parameters":[],"stepsCount":0,"attachmentStep":false,"shouldDisplayMessage":false,"attachmentsCount":0,"hasContent":false},{"name":"logger","time":{"start":1769276251435,"stop":1769276251436,"duration":1},"status":"passed","steps":[],"attachments":[],"parameters":[],"stepsCount":0,"attachmentStep":false,"shouldDisplayMessage":false,"attachmentsCount":0,"hasContent":false},{"name":"page","time":{"start":1769276251436,"stop":1769276290464,"duration":39028},"status":"passed","steps":[],"attachments":[],"parameters":[],"stepsCount":0,"attachmentStep":false,"shouldDisplayMessage":false,"attachmentsCount":0,"hasContent":false}],"testStage":{"status":"failed","statusMessage":"AssertionError: Locator expected to be visible\nActual value: None\nError: strict mode violation: locator(\".oxd-input-field-error-message\") resolved to 2 elements:\n    1) <span data-v-7b563373=\"\" data-v-957b4417=\"\" class=\"oxd-text oxd-text--span oxd-input-field-error-message oxd-input-group__message\">Required</span> aka get_by_text(\"Required\").first\n    2) <span data-v-7b563373=\"\" data-v-957b4417=\"\" class=\"oxd-text oxd-text--span oxd-input-field-error-message oxd-input-group__message\">Required</span> aka get_by_text(\"Required\").nth(1)\n \nCall log:\n  - Expect \"to_be_visible\" with timeout 5000ms\n  - waiting for locator(\".oxd-input-field-error-message\")","statusTrace":"self = <e2e.test_login.TestLogin object at 0x00000297019BE5F0>\npage = <Page url='https://opensource-demo.orangehrmlive.com/web/index.php/auth/login'>\nusername = '', password = '', validity = 'invalid'\nlogger = <Logger test_login[chromium---invalid] (INFO)>\n\n    @pytest.mark.parametrize(\"username,password,validity\", data())\n    \n    def test_login(self, page, username, password, validity,logger):\n        login = LoginPage(page, logger)\n        dashboard = DashboardPage(page)\n    \n        login.login(username, password)\n    \n        if validity==\"valid\":\n            logger.info(\"Successfully logged in\")\n            assert dashboard.is_dashboard_visible()\n        else:\n            try:\n                logger.info(\"Getting error message, Invalid credentials\")\n>               expect(login.get_error_message()).to_be_visible()\nE               AssertionError: Locator expected to be visible\nE               Actual value: None\nE               Error: element(s) not found \nE               Call log:\nE                 - Expect \"to_be_visible\" with timeout 5000ms\nE                 - waiting for locator(\".oxd-alert-content-text\")\n\ntests\\e2e\\test_login.py:24: AssertionError\n\nDuring handling of the above exception, another exception occurred:\n\nself = <e2e.test_login.TestLogin object at 0x00000297019BE5F0>\npage = <Page url='https://opensource-demo.orangehrmlive.com/web/index.php/auth/login'>\nusername = '', password = '', validity = 'invalid'\nlogger = <Logger test_login[chromium---invalid] (INFO)>\n\n    @pytest.mark.parametrize(\"username,password,validity\", data())\n    \n    def test_login(self, page, username, password, validity,logger):\n        login = LoginPage(page, logger)\n        dashboard = DashboardPage(page)\n    \n        login.login(username, password)\n    \n        if validity==\"valid\":\n            logger.info(\"Successfully logged in\")\n            assert dashboard.is_dashboard_visible()\n        else:\n            try:\n                logger.info(\"Getting error message, Invalid credentials\")\n                expect(login.get_error_message()).to_be_visible()\n            except AssertionError:\n                # If not invalid, then it must be required\n                logger.info(\"Getting validation message, Required \")\n>               expect(login.get_required_field_message()).to_be_visible()\nE               AssertionError: Locator expected to be visible\nE               Actual value: None\nE               Error: strict mode violation: locator(\".oxd-input-field-error-message\") resolved to 2 elements:\nE                   1) <span data-v-7b563373=\"\" data-v-957b4417=\"\" class=\"oxd-text oxd-text--span oxd-input-field-error-message oxd-input-group__message\">Required</span> aka get_by_text(\"Required\").first\nE                   2) <span data-v-7b563373=\"\" data-v-957b4417=\"\" class=\"oxd-text oxd-text--span oxd-input-field-error-message oxd-input-group__message\">Required</span> aka get_by_text(\"Required\").nth(1)\nE                \nE               Call log:\nE                 - Expect \"to_be_visible\" with timeout 5000ms\nE                 - waiting for locator(\".oxd-input-field-error-message\")\n\ntests\\e2e\\test_login.py:28: AssertionError","steps":[],"attachments":[{"uid":"9f507a76bfe12223","name":"Failure Screenshot","source":"9f507a76bfe12223.png","type":"image/png","size":58554},{"uid":"a1861190b12d79ae","name":"log","source":"a1861190b12d79ae.txt","type":"text/plain","size":932}],"parameters":[],"stepsCount":0,"attachmentStep":false,"shouldDisplayMessage":true,"attachmentsCount":2,"hasContent":true},"afterStages":[{"name":"page::0","time":{"start":1769276298622,"stop":1769276298859,"duration":237},"status":"passed","steps":[],"attachments":[],"parameters":[],"stepsCount":0,"attachmentStep":false,"shouldDisplayMessage":false,"attachmentsCount":0,"hasContent":false}],"labels":[{"name":"parentSuite","value":"tests.e2e"},{"name":"suite","value":"test_login"},{"name":"subSuite","value":"TestLogin"},{"name":"host","value":"ASUS-A15"},{"name":"thread","value":"7664-MainThread"},{"name":"framework","value":"pytest"},{"name":"language","value":"cpython3"},{"name":"package","value":"tests.e2e.test_login"},{"name":"resultFormat","value":"allure2"}],"parameters":[{"name":"page","value":"'chromium'"},{"name":"password","value":"''"},{"name":"username","value":"''"},{"name":"validity","value":"'invalid'"}],"links":[],"hidden":true,"retry":true,"extra":{"categories":[],"tags":[]},"source":"b01349787d7bb714.json","parameterValues":["'chromium'","''","''","'invalid'"]}