{"uid":"e4b9342b419fe354","name":"test_login[chromium-Admin-admin123]","fullName":"tests.e2e.test_login.TestLogin#test_login","historyId":"5ee8f2ebecc723fab26c9bbbae004564","time":{"start":1769206003204,"stop":1769206006329,"duration":3125},"status":"failed","statusMessage":"AssertionError: Login failed for valid data: Admin/admin123\nassert False\n +  where False = is_dashboard_visible()\n +    where is_dashboard_visible = <pages.DashboardPage.DashboardPage object at 0x00000267A94F8C20>.is_dashboard_visible","statusTrace":"self = <e2e.test_login.TestLogin object at 0x00000267A90E5590>\npage = <Page url='https://opensource-demo.orangehrmlive.com/web/index.php/dashboard/index'>\nusername = 'Admin', password = 'admin123'\n\n    @pytest.mark.parametrize(\"username,password\", test_data())\n    \n    def test_login(self, page, username, password):\n        login = LoginPage(page)\n        dashboard = DashboardPage(page)\n    \n        login.login(username, password)\n    \n        if username == \"Admin\" and password == \"admin123\":\n>           assert dashboard.is_dashboard_visible(), \\\n                f\"Login failed for valid data: {username}/{password}\"\nE           AssertionError: Login failed for valid data: Admin/admin123\nE           assert False\nE            +  where False = is_dashboard_visible()\nE            +    where is_dashboard_visible = <pages.DashboardPage.DashboardPage object at 0x00000267A94F8C20>.is_dashboard_visible\n\ntests\\e2e\\test_login.py:17: AssertionError","flaky":false,"newFailed":false,"newBroken":false,"newPassed":false,"retriesCount":0,"retriesStatusChange":false,"beforeStages":[{"name":"_session_faker","time":{"start":1769205995913,"stop":1769205996020,"duration":107},"status":"passed","steps":[],"attachments":[],"parameters":[],"stepsCount":0,"attachmentStep":false,"shouldDisplayMessage":false,"attachmentsCount":0,"hasContent":false},{"name":"_verify_url","time":{"start":1769205996020,"stop":1769205996020,"duration":0},"status":"passed","steps":[],"attachments":[],"parameters":[],"stepsCount":0,"attachmentStep":false,"shouldDisplayMessage":false,"attachmentsCount":0,"hasContent":false},{"name":"base_url","time":{"start":1769205996020,"stop":1769205996020,"duration":0},"status":"passed","steps":[],"attachments":[],"parameters":[],"stepsCount":0,"attachmentStep":false,"shouldDisplayMessage":false,"attachmentsCount":0,"hasContent":false},{"name":"pytestconfig","time":{"start":1769205996020,"stop":1769205996020,"duration":0},"status":"passed","steps":[],"attachments":[],"parameters":[],"stepsCount":0,"attachmentStep":false,"shouldDisplayMessage":false,"attachmentsCount":0,"hasContent":false},{"name":"page","time":{"start":1769205996020,"stop":1769206003203,"duration":7183},"status":"passed","steps":[],"attachments":[],"parameters":[],"stepsCount":0,"attachmentStep":false,"shouldDisplayMessage":false,"attachmentsCount":0,"hasContent":false},{"name":"delete_output_dir","time":{"start":1769205996020,"stop":1769205996020,"duration":0},"status":"passed","steps":[],"attachments":[],"parameters":[],"stepsCount":0,"attachmentStep":false,"shouldDisplayMessage":false,"attachmentsCount":0,"hasContent":false}],"testStage":{"status":"failed","statusMessage":"AssertionError: Login failed for valid data: Admin/admin123\nassert False\n +  where False = is_dashboard_visible()\n +    where is_dashboard_visible = <pages.DashboardPage.DashboardPage object at 0x00000267A94F8C20>.is_dashboard_visible","statusTrace":"self = <e2e.test_login.TestLogin object at 0x00000267A90E5590>\npage = <Page url='https://opensource-demo.orangehrmlive.com/web/index.php/dashboard/index'>\nusername = 'Admin', password = 'admin123'\n\n    @pytest.mark.parametrize(\"username,password\", test_data())\n    \n    def test_login(self, page, username, password):\n        login = LoginPage(page)\n        dashboard = DashboardPage(page)\n    \n        login.login(username, password)\n    \n        if username == \"Admin\" and password == \"admin123\":\n>           assert dashboard.is_dashboard_visible(), \\\n                f\"Login failed for valid data: {username}/{password}\"\nE           AssertionError: Login failed for valid data: Admin/admin123\nE           assert False\nE            +  where False = is_dashboard_visible()\nE            +    where is_dashboard_visible = <pages.DashboardPage.DashboardPage object at 0x00000267A94F8C20>.is_dashboard_visible\n\ntests\\e2e\\test_login.py:17: AssertionError","steps":[],"attachments":[{"uid":"7a1006ee91b1c5c5","name":"Failure Screenshot","source":"7a1006ee91b1c5c5.png","type":"image/png","size":4256}],"parameters":[],"stepsCount":0,"attachmentStep":false,"shouldDisplayMessage":true,"attachmentsCount":1,"hasContent":true},"afterStages":[{"name":"page::0","time":{"start":1769206006403,"stop":1769206006629,"duration":226},"status":"passed","steps":[],"attachments":[],"parameters":[],"stepsCount":0,"attachmentStep":false,"shouldDisplayMessage":false,"attachmentsCount":0,"hasContent":false}],"labels":[{"name":"parentSuite","value":"tests.e2e"},{"name":"suite","value":"test_login"},{"name":"subSuite","value":"TestLogin"},{"name":"host","value":"ASUS-A15"},{"name":"thread","value":"23596-MainThread"},{"name":"framework","value":"pytest"},{"name":"language","value":"cpython3"},{"name":"package","value":"tests.e2e.test_login"},{"name":"resultFormat","value":"allure2"}],"parameters":[{"name":"page","value":"'chromium'"},{"name":"password","value":"'admin123'"},{"name":"username","value":"'Admin'"}],"links":[],"hidden":true,"retry":true,"extra":{"categories":[],"tags":[]},"source":"e4b9342b419fe354.json","parameterValues":["'chromium'","'admin123'","'Admin'"]}