{"uid":"e876f1b9380c6c68","name":"test_login[chromium-@@@@@@-12345]","fullName":"tests.e2e.test_login.TestLogin#test_login","historyId":"25e3778199197434b7166b54e848909c","time":{"start":1769243077657,"stop":1769243082208,"duration":4551},"status":"failed","statusMessage":"AssertionError: Expected error message not shown for invalid login\nassert (False or False)\n +  where False = get_error_message()\n +    where get_error_message = <pages.LoginPage.LoginPage object at 0x000001F70A231950>.get_error_message\n +  and   False = get_error_message()\n +    where get_error_message = <pages.LoginPage.LoginPage object at 0x000001F70A231950>.get_error_message","statusTrace":"self = <e2e.test_login.TestLogin object at 0x000001F708C71450>\npage = <Page url='https://opensource-demo.orangehrmlive.com/web/index.php/auth/login'>\nusername = '@@@@@@', password = '12345'\n\n    @pytest.mark.parametrize(\"username,password\", test_data())\n    \n    def test_login(self, page, username, password):\n        login = LoginPage(page)\n        dashboard = DashboardPage(page)\n    \n        login.login(username, password)\n    \n        if username == \"Admin\" and password == \"admin123\":\n            assert dashboard.is_dashboard_visible(), \\\n                f\"Login failed for valid data: {username}/{password}\"\n        else:\n>           assert (\n                    login.get_error_message()\n                    or login.get_error_message()\n            ), \"Expected error message not shown for invalid login\"\nE           AssertionError: Expected error message not shown for invalid login\nE           assert (False or False)\nE            +  where False = get_error_message()\nE            +    where get_error_message = <pages.LoginPage.LoginPage object at 0x000001F70A231950>.get_error_message\nE            +  and   False = get_error_message()\nE            +    where get_error_message = <pages.LoginPage.LoginPage object at 0x000001F70A231950>.get_error_message\n\ntests\\e2e\\test_login.py:20: AssertionError","flaky":false,"newFailed":false,"newBroken":false,"newPassed":false,"retriesCount":4,"retriesStatusChange":true,"beforeStages":[{"name":"_session_faker","time":{"start":1769243014385,"stop":1769243014501,"duration":116},"status":"passed","steps":[],"attachments":[],"parameters":[],"stepsCount":0,"attachmentStep":false,"shouldDisplayMessage":false,"attachmentsCount":0,"hasContent":false},{"name":"_verify_url","time":{"start":1769243014501,"stop":1769243014501,"duration":0},"status":"passed","steps":[],"attachments":[],"parameters":[],"stepsCount":0,"attachmentStep":false,"shouldDisplayMessage":false,"attachmentsCount":0,"hasContent":false},{"name":"base_url","time":{"start":1769243014501,"stop":1769243014501,"duration":0},"status":"passed","steps":[],"attachments":[],"parameters":[],"stepsCount":0,"attachmentStep":false,"shouldDisplayMessage":false,"attachmentsCount":0,"hasContent":false},{"name":"pytestconfig","time":{"start":1769243014501,"stop":1769243014501,"duration":0},"status":"passed","steps":[],"attachments":[],"parameters":[],"stepsCount":0,"attachmentStep":false,"shouldDisplayMessage":false,"attachmentsCount":0,"hasContent":false},{"name":"delete_output_dir","time":{"start":1769243014501,"stop":1769243014502,"duration":1},"status":"passed","steps":[],"attachments":[],"parameters":[],"stepsCount":0,"attachmentStep":false,"shouldDisplayMessage":false,"attachmentsCount":0,"hasContent":false},{"name":"page","time":{"start":1769243066673,"stop":1769243077656,"duration":10983},"status":"passed","steps":[],"attachments":[],"parameters":[],"stepsCount":0,"attachmentStep":false,"shouldDisplayMessage":false,"attachmentsCount":0,"hasContent":false}],"testStage":{"status":"failed","statusMessage":"AssertionError: Expected error message not shown for invalid login\nassert (False or False)\n +  where False = get_error_message()\n +    where get_error_message = <pages.LoginPage.LoginPage object at 0x000001F70A231950>.get_error_message\n +  and   False = get_error_message()\n +    where get_error_message = <pages.LoginPage.LoginPage object at 0x000001F70A231950>.get_error_message","statusTrace":"self = <e2e.test_login.TestLogin object at 0x000001F708C71450>\npage = <Page url='https://opensource-demo.orangehrmlive.com/web/index.php/auth/login'>\nusername = '@@@@@@', password = '12345'\n\n    @pytest.mark.parametrize(\"username,password\", test_data())\n    \n    def test_login(self, page, username, password):\n        login = LoginPage(page)\n        dashboard = DashboardPage(page)\n    \n        login.login(username, password)\n    \n        if username == \"Admin\" and password == \"admin123\":\n            assert dashboard.is_dashboard_visible(), \\\n                f\"Login failed for valid data: {username}/{password}\"\n        else:\n>           assert (\n                    login.get_error_message()\n                    or login.get_error_message()\n            ), \"Expected error message not shown for invalid login\"\nE           AssertionError: Expected error message not shown for invalid login\nE           assert (False or False)\nE            +  where False = get_error_message()\nE            +    where get_error_message = <pages.LoginPage.LoginPage object at 0x000001F70A231950>.get_error_message\nE            +  and   False = get_error_message()\nE            +    where get_error_message = <pages.LoginPage.LoginPage object at 0x000001F70A231950>.get_error_message\n\ntests\\e2e\\test_login.py:20: AssertionError","steps":[],"attachments":[{"uid":"9c050034437ca95d","name":"Failure Screenshot","source":"9c050034437ca95d.png","type":"image/png","size":4256}],"parameters":[],"stepsCount":0,"attachmentStep":false,"shouldDisplayMessage":true,"attachmentsCount":1,"hasContent":true},"afterStages":[{"name":"page::0","time":{"start":1769243082316,"stop":1769243082511,"duration":195},"status":"passed","steps":[],"attachments":[],"parameters":[],"stepsCount":0,"attachmentStep":false,"shouldDisplayMessage":false,"attachmentsCount":0,"hasContent":false}],"labels":[{"name":"parentSuite","value":"tests.e2e"},{"name":"suite","value":"test_login"},{"name":"subSuite","value":"TestLogin"},{"name":"host","value":"ASUS-A15"},{"name":"thread","value":"12612-MainThread"},{"name":"framework","value":"pytest"},{"name":"language","value":"cpython3"},{"name":"package","value":"tests.e2e.test_login"},{"name":"resultFormat","value":"allure2"}],"parameters":[{"name":"page","value":"'chromium'"},{"name":"password","value":"'12345'"},{"name":"username","value":"'@@@@@@'"}],"links":[],"hidden":false,"retry":false,"extra":{"severity":"normal","retries":[{"uid":"d17d2f36abde6132","status":"broken","statusDetails":"playwright._impl._errors.TimeoutError: Locator.inner_text: Timeout 60000ms exceeded.\nCall log:\n  - waiting for get_by_text(\"Required\")","time":{"start":1769242418536,"stop":1769242479472,"duration":60936}},{"uid":"a4947c09ea369233","status":"broken","statusDetails":"TypeError: argument of type 'Locator' is not a container or iterable","time":{"start":1769241924067,"stop":1769241926711,"duration":2644}},{"uid":"eee51b5bce87992","status":"broken","statusDetails":"TypeError: argument of type 'Locator' is not a container or iterable","time":{"start":1769208372399,"stop":1769208374735,"duration":2336}},{"uid":"57ada3034888b67b","status":"failed","statusDetails":"AssertionError: assert (False or False)\n +  where False = get_required_field_message()\n +    where get_required_field_message = <pages.LoginPage.LoginPage object at 0x00000136B08DE0D0>.get_required_field_message\n +  and   False = get_error_message()\n +    where get_error_message = <pages.LoginPage.LoginPage object at 0x00000136B08DE0D0>.get_error_message","time":{"start":1769207890906,"stop":1769207893984,"duration":3078}}],"categories":[{"name":"Product defects","matchedStatuses":[]}],"tags":[]},"source":"e876f1b9380c6c68.json","parameterValues":["'chromium'","'12345'","'@@@@@@'"]}