{"uid":"edcc7c4fd2e477d5","name":"test_login[chromium-Admin-********]","fullName":"tests.e2e.test_login.TestLogin#test_login","historyId":"4c04b68e7be167dd89d203f8d12efac9","time":{"start":1769243063546,"stop":1769243069199,"duration":5653},"status":"failed","statusMessage":"AssertionError: Expected error message not shown for invalid login\nassert (False or False)\n +  where False = get_error_message()\n +    where get_error_message = <pages.LoginPage.LoginPage object at 0x00000151A2F4D6D0>.get_error_message\n +  and   False = get_error_message()\n +    where get_error_message = <pages.LoginPage.LoginPage object at 0x00000151A2F4D6D0>.get_error_message","statusTrace":"self = <e2e.test_login.TestLogin object at 0x00000151A29F3230>\npage = <Page url='https://opensource-demo.orangehrmlive.com/web/index.php/auth/login'>\nusername = 'Admin', password = '********'\n\n    @pytest.mark.parametrize(\"username,password\", test_data())\n    \n    def test_login(self, page, username, password):\n        login = LoginPage(page)\n        dashboard = DashboardPage(page)\n    \n        login.login(username, password)\n    \n        if username == \"Admin\" and password == \"admin123\":\n            assert dashboard.is_dashboard_visible(), \\\n                f\"Login failed for valid data: {username}/{password}\"\n        else:\n>           assert (\n                    login.get_error_message()\n                    or login.get_error_message()\n            ), \"Expected error message not shown for invalid login\"\nE           AssertionError: Expected error message not shown for invalid login\nE           assert (False or False)\nE            +  where False = get_error_message()\nE            +    where get_error_message = <pages.LoginPage.LoginPage object at 0x00000151A2F4D6D0>.get_error_message\nE            +  and   False = get_error_message()\nE            +    where get_error_message = <pages.LoginPage.LoginPage object at 0x00000151A2F4D6D0>.get_error_message\n\ntests\\e2e\\test_login.py:20: AssertionError","flaky":false,"newFailed":false,"newBroken":false,"newPassed":false,"retriesCount":4,"retriesStatusChange":true,"beforeStages":[{"name":"_session_faker","time":{"start":1769243014384,"stop":1769243014503,"duration":119},"status":"passed","steps":[],"attachments":[],"parameters":[],"stepsCount":0,"attachmentStep":false,"shouldDisplayMessage":false,"attachmentsCount":0,"hasContent":false},{"name":"base_url","time":{"start":1769243014503,"stop":1769243014504,"duration":1},"status":"passed","steps":[],"attachments":[],"parameters":[],"stepsCount":0,"attachmentStep":false,"shouldDisplayMessage":false,"attachmentsCount":0,"hasContent":false},{"name":"_verify_url","time":{"start":1769243014504,"stop":1769243014504,"duration":0},"status":"passed","steps":[],"attachments":[],"parameters":[],"stepsCount":0,"attachmentStep":false,"shouldDisplayMessage":false,"attachmentsCount":0,"hasContent":false},{"name":"pytestconfig","time":{"start":1769243014504,"stop":1769243014504,"duration":0},"status":"passed","steps":[],"attachments":[],"parameters":[],"stepsCount":0,"attachmentStep":false,"shouldDisplayMessage":false,"attachmentsCount":0,"hasContent":false},{"name":"delete_output_dir","time":{"start":1769243014504,"stop":1769243014504,"duration":0},"status":"passed","steps":[],"attachments":[],"parameters":[],"stepsCount":0,"attachmentStep":false,"shouldDisplayMessage":false,"attachmentsCount":0,"hasContent":false},{"name":"page","time":{"start":1769243024199,"stop":1769243063545,"duration":39346},"status":"passed","steps":[],"attachments":[],"parameters":[],"stepsCount":0,"attachmentStep":false,"shouldDisplayMessage":false,"attachmentsCount":0,"hasContent":false}],"testStage":{"status":"failed","statusMessage":"AssertionError: Expected error message not shown for invalid login\nassert (False or False)\n +  where False = get_error_message()\n +    where get_error_message = <pages.LoginPage.LoginPage object at 0x00000151A2F4D6D0>.get_error_message\n +  and   False = get_error_message()\n +    where get_error_message = <pages.LoginPage.LoginPage object at 0x00000151A2F4D6D0>.get_error_message","statusTrace":"self = <e2e.test_login.TestLogin object at 0x00000151A29F3230>\npage = <Page url='https://opensource-demo.orangehrmlive.com/web/index.php/auth/login'>\nusername = 'Admin', password = '********'\n\n    @pytest.mark.parametrize(\"username,password\", test_data())\n    \n    def test_login(self, page, username, password):\n        login = LoginPage(page)\n        dashboard = DashboardPage(page)\n    \n        login.login(username, password)\n    \n        if username == \"Admin\" and password == \"admin123\":\n            assert dashboard.is_dashboard_visible(), \\\n                f\"Login failed for valid data: {username}/{password}\"\n        else:\n>           assert (\n                    login.get_error_message()\n                    or login.get_error_message()\n            ), \"Expected error message not shown for invalid login\"\nE           AssertionError: Expected error message not shown for invalid login\nE           assert (False or False)\nE            +  where False = get_error_message()\nE            +    where get_error_message = <pages.LoginPage.LoginPage object at 0x00000151A2F4D6D0>.get_error_message\nE            +  and   False = get_error_message()\nE            +    where get_error_message = <pages.LoginPage.LoginPage object at 0x00000151A2F4D6D0>.get_error_message\n\ntests\\e2e\\test_login.py:20: AssertionError","steps":[],"attachments":[{"uid":"a83e8b628b6d35f1","name":"Failure Screenshot","source":"a83e8b628b6d35f1.png","type":"image/png","size":4256}],"parameters":[],"stepsCount":0,"attachmentStep":false,"shouldDisplayMessage":true,"attachmentsCount":1,"hasContent":true},"afterStages":[{"name":"page::0","time":{"start":1769243069346,"stop":1769243069554,"duration":208},"status":"passed","steps":[],"attachments":[],"parameters":[],"stepsCount":0,"attachmentStep":false,"shouldDisplayMessage":false,"attachmentsCount":0,"hasContent":false}],"labels":[{"name":"parentSuite","value":"tests.e2e"},{"name":"suite","value":"test_login"},{"name":"subSuite","value":"TestLogin"},{"name":"host","value":"ASUS-A15"},{"name":"thread","value":"13736-MainThread"},{"name":"framework","value":"pytest"},{"name":"language","value":"cpython3"},{"name":"package","value":"tests.e2e.test_login"},{"name":"resultFormat","value":"allure2"}],"parameters":[{"name":"page","value":"'chromium'"},{"name":"password","value":"'********'"},{"name":"username","value":"'Admin'"}],"links":[],"hidden":false,"retry":false,"extra":{"severity":"normal","retries":[{"uid":"1d781c0ca81b7724","status":"broken","statusDetails":"playwright._impl._errors.TimeoutError: Locator.inner_text: Timeout 60000ms exceeded.\nCall log:\n  - waiting for get_by_text(\"Required\")","time":{"start":1769242351569,"stop":1769242412481,"duration":60912}},{"uid":"5fe19df546f961d2","status":"broken","statusDetails":"TypeError: argument of type 'Locator' is not a container or iterable","time":{"start":1769241914026,"stop":1769241915488,"duration":1462}},{"uid":"f485554d55989d66","status":"broken","statusDetails":"TypeError: argument of type 'Locator' is not a container or iterable","time":{"start":1769208364601,"stop":1769208366999,"duration":2398}},{"uid":"a564bb68acd9b55d","status":"failed","statusDetails":"AssertionError: assert (False or False)\n +  where False = get_required_field_message()\n +    where get_required_field_message = <pages.LoginPage.LoginPage object at 0x0000018D896BD590>.get_required_field_message\n +  and   False = get_error_message()\n +    where get_error_message = <pages.LoginPage.LoginPage object at 0x0000018D896BD590>.get_error_message","time":{"start":1769207879860,"stop":1769207883175,"duration":3315}}],"categories":[{"name":"Product defects","matchedStatuses":[]}],"tags":[]},"source":"edcc7c4fd2e477d5.json","parameterValues":["'chromium'","'********'","'Admin'"]}