{"name": "test_login[chromium-Admin-admin123-valid]", "status": "failed", "statusDetails": {"message": "AssertionError: Locator expected to be visible\nActual value: None\nError: element(s) not found \nCall log:\n  - Expect \"to_be_visible\" with timeout 5000ms\n  - waiting for get_by_role(\"heading\", name=\"Dashboard\")", "trace": "self = <end_to_end.test_login.TestLogin object at 0x000001A656275810>\npage = <Page url='https://opensource-demo.orangehrmlive.com/web/index.php/dashboard/index'>\nusername = 'Admin', password = 'admin123', validity = 'valid'\nlogger = <Logger test_login[chromium-Admin-admin123-valid] (INFO)>\n\n>   ???\nE   AssertionError: Locator expected to be visible\nE   Actual value: None\nE   Error: element(s) not found \nE   Call log:\nE     - Expect \"to_be_visible\" with timeout 5000ms\nE     - waiting for get_by_role(\"heading\", name=\"Dashboard\")\n\nD:\\Piyush_Kasture\\Github\\CDAC_Project\\tests\\e2e\\test_login.py:24: AssertionError"}, "attachments": [{"name": "Failure Screenshot", "source": "86834a50-6422-4cf0-80a9-13e1c576dfb7-attachment.png", "type": "image/png"}, {"name": "log", "source": "e1e5bcf3-7072-4b8c-a60d-a5f210fb6391-attachment.txt", "type": "text/plain"}], "parameters": [{"name": "page", "value": "'chromium'"}, {"name": "username", "value": "'Admin'"}, {"name": "password", "value": "'admin123'"}, {"name": "validity", "value": "'valid'"}], "start": 1769508865651, "stop": 1769508900206, "uuid": "f1622e7a-55a3-49bb-8323-be040e0c74f5", "historyId": "d3d42be6956c0bee047740b1bd817e4d", "testCaseId": "cecbd2ace9a5f6a44d6d31d6350b8da6", "fullName": "tests.end_to_end.test_login.TestLogin#test_login", "labels": [{"name": "parentSuite", "value": "tests.end_to_end"}, {"name": "suite", "value": "test_login"}, {"name": "subSuite", "value": "TestLogin"}, {"name": "host", "value": "ASUS-A15"}, {"name": "thread", "value": "28380-MainThread"}, {"name": "framework", "value": "pytest"}, {"name": "language", "value": "cpython3"}, {"name": "package", "value": "tests.end_to_end.test_login"}], "titlePath": ["tests", "end_to_end", "test_login.py", "TestLogin"]}