{"name": "test_elements_visible_after_refresh", "status": "failed", "statusDetails": {"message": "AssertionError: Locator expected to be visible\nActual value: None\nError: element(s) not found \nCall log:\n  - Expect \"to_be_visible\" with timeout 5000ms\n  - waiting for get_by_role(\"button\").filter(has=locator(\"i.oxd-userdropdown-icon\"))", "trace": "self = <end_to_end.test_dashboard.TestDashboard object at 0x00000205787BD040>\ndashboard_page = <Page url='https://opensource-demo.orangehrmlive.com/web/index.php/dashboard/index'>\n\n    def test_elements_visible_after_refresh(self, dashboard_page):\n        dashboard = DashboardPage(dashboard_page)\n        dashboard_page.reload()\n>       expect(dashboard.get_profile_icon()).to_be_visible()\nE       AssertionError: Locator expected to be visible\nE       Actual value: None\nE       Error: element(s) not found \nE       Call log:\nE         - Expect \"to_be_visible\" with timeout 5000ms\nE         - waiting for get_by_role(\"button\").filter(has=locator(\"i.oxd-userdropdown-icon\"))\n\ntests\\end_to_end\\test_dashboard.py:70: AssertionError"}, "attachments": [{"name": "Failure Screenshot", "source": "b9781145-2e4d-4cc4-99fe-fe740963f8d7-attachment.png", "type": "image/png"}], "start": 1769688938964, "stop": 1769688946321, "uuid": "7824bff2-6091-4ea7-b0f5-d26c1214301d", "historyId": "0fcaced6b931ecff15e7ecb58a2ff7bc", "testCaseId": "0fcaced6b931ecff15e7ecb58a2ff7bc", "fullName": "tests.end_to_end.test_dashboard.TestDashboard#test_elements_visible_after_refresh", "labels": [{"name": "parentSuite", "value": "tests.end_to_end"}, {"name": "suite", "value": "test_dashboard"}, {"name": "subSuite", "value": "TestDashboard"}, {"name": "host", "value": "ASUS-A15"}, {"name": "thread", "value": "35708-MainThread"}, {"name": "framework", "value": "pytest"}, {"name": "language", "value": "cpython3"}, {"name": "package", "value": "tests.end_to_end.test_dashboard"}], "titlePath": ["tests", "end_to_end", "test_dashboard.py", "TestDashboard"]}