{"name": "test_search_with_invalid_username[chromium]", "status": "failed", "statusDetails": {"message": "AssertionError: Locator expected to have text 'No Records Found'\nActual value: None\nError: element(s) not found \nCall log:\n  - Expect \"to_have_text\" with timeout 5000ms\n  - waiting for locator(\"div.oxd-table-body span.oxd-text\")", "trace": "self = <tests.end_to_end.test_admin.TestAdmin object at 0x000001F377945150>\nlogger = <Logger test_search_with_invalid_username[chromium] (INFO)>\nadmin_page = <Page url='https://opensource-demo.orangehrmlive.com/web/index.php/admin/viewSystemUsers'>\n\n    def test_search_with_invalid_username(self,logger, admin_page):\n        admin_user = AdminUserPage(admin_page)\n        admin_user.click_reset()\n        admin_user.enter_username(\"piyushkasture\")\n        admin_user.click_search()\n    \n>       expect(admin_user.no_records_message).to_have_text(\"No Records Found\")\nE       AssertionError: Locator expected to have text 'No Records Found'\nE       Actual value: None\nE       Error: element(s) not found \nE       Call log:\nE         - Expect \"to_have_text\" with timeout 5000ms\nE         - waiting for locator(\"div.oxd-table-body span.oxd-text\")\n\ntests\\end_to_end\\test_admin.py:91: AssertionError"}, "attachments": [{"name": "Failure Screenshot", "source": "d2b864a0-405f-4a5f-a21c-d258395d3d34-attachment.png", "type": "image/png"}, {"name": "log", "source": "1b9bb142-f06b-4486-83c8-946e5a51115a-attachment.txt", "type": "text/plain"}], "parameters": [{"name": "page", "value": "'chromium'"}], "start": 1769983979536, "stop": 1769983984608, "uuid": "5a1148c8-385d-461d-bdd8-dd006a452413", "historyId": "7e10f0c6e2473363e328d5c63bbf92f7", "testCaseId": "db748816810a3159b03746121d3964fb", "fullName": "tests.end_to_end.test_admin.TestAdmin#test_search_with_invalid_username", "labels": [{"name": "parentSuite", "value": "tests.end_to_end"}, {"name": "suite", "value": "test_admin"}, {"name": "subSuite", "value": "TestAdmin"}, {"name": "host", "value": "ASUS-A15"}, {"name": "thread", "value": "18888-MainThread"}, {"name": "framework", "value": "pytest"}, {"name": "language", "value": "cpython3"}, {"name": "package", "value": "tests.end_to_end.test_admin"}], "titlePath": ["tests", "end_to_end", "test_admin.py", "TestAdmin"]}