{"name": "test_creating_text_only_buzz_post[chromium]", "status": "failed", "statusDetails": {"message": "AssertionError: Locator expected to be visible\nActual value: None\nError: element(s) not found \nCall log:\n  - Expect \"to_be_visible\" with timeout 5000ms\n  - waiting for locator(\".orangehrm-buzz-post-input\").get_by_role(\"button\", name=\"Post\")", "trace": "self = <tests.end_to_end.test_buzz.TestBuzz object at 0x000002136D95D6D0>\nbuzz_page = <Page url='https://opensource-demo.orangehrmlive.com/web/index.php/buzz/viewBuzz'>\n\n    def test_creating_text_only_buzz_post(self, buzz_page):\n        buzz = BuzzPage(buzz_page)\n>       buzz.create_text_post()\n\ntests\\end_to_end\\test_buzz.py:22: \n_ _ _ _ _ _ _ _ _ _ _ _ _ _ _ _ _ _ _ _ _ _ _ _ _ _ _ _ _ _ _ _ _ _ _ _ _ _ _ _\n\nself = <pages.BuzzPage.BuzzPage object at 0x000002136DCF42D0>\n\n    def create_text_post(self):\n        self.post_textarea.click()\n    \n        self.post_textarea.fill(\"Hi, my name is Automation\")\n>       expect(self.post_button).to_be_visible()\nE       AssertionError: Locator expected to be visible\nE       Actual value: None\nE       Error: element(s) not found \nE       Call log:\nE         - Expect \"to_be_visible\" with timeout 5000ms\nE         - waiting for locator(\".orangehrm-buzz-post-input\").get_by_role(\"button\", name=\"Post\")\n\npages\\BuzzPage.py:52: AssertionError"}, "attachments": [{"name": "Failure Screenshot", "source": "1fb54778-6ae7-4fcd-9aff-d2711a4b7282-attachment.png", "type": "image/png"}, {"name": "log", "source": "27189d48-4791-4f1a-a739-6d36dd553114-attachment.txt", "type": "text/plain"}], "parameters": [{"name": "page", "value": "'chromium'"}], "start": 1770082824392, "stop": 1770082830259, "uuid": "f9bff6af-317a-41b8-95b0-3679353cdd23", "historyId": "0458040cdf1515c5ddce4fdf7e48f6e8", "testCaseId": "b5327859a4bd955efd5cf796e6578dee", "fullName": "tests.end_to_end.test_buzz.TestBuzz#test_creating_text_only_buzz_post", "labels": [{"name": "parentSuite", "value": "tests.end_to_end"}, {"name": "suite", "value": "test_buzz"}, {"name": "subSuite", "value": "TestBuzz"}, {"name": "host", "value": "ASUS-A15"}, {"name": "thread", "value": "49340-MainThread"}, {"name": "framework", "value": "pytest"}, {"name": "language", "value": "cpython3"}, {"name": "package", "value": "tests.end_to_end.test_buzz"}], "titlePath": ["tests", "end_to_end", "test_buzz.py", "TestBuzz"]}