{"name": "test_login[chromium-12345-admin123-invalid]", "status": "failed", "statusDetails": {"message": "AssertionError: Locator expected to be visible\nActual value: None\nError: element(s) not found \nCall log:\n  - Expect \"to_be_visible\" with timeout 5000ms\n  - waiting for get_by_text(\"Required\")", "trace": "self = <e2e.test_login.TestLogin object at 0x000002183AAB2BE0>\npage = <Page url='https://opensource-demo.orangehrmlive.com/web/index.php/auth/login'>\nusername = '12345', password = 'admin123', validity = 'invalid'\n\n    @pytest.mark.parametrize(\"username,password,validity\", data())\n    \n    def test_login(self, page, username, password, validity):\n        login = LoginPage(page)\n        dashboard = DashboardPage(page)\n    \n        login.login(username, password)\n    \n        if validity==\"valid\":\n            assert dashboard.is_dashboard_visible(), \\\n                f\"Login failed for valid data: {username}/{password}\"\n        else:\n            if login.get_error_message().is_visible():\n                expect(login.get_error_message()).to_be_visible()\n            else:\n>               expect(login.get_required_field_message()).to_be_visible()\nE               AssertionError: Locator expected to be visible\nE               Actual value: None\nE               Error: element(s) not found \nE               Call log:\nE                 - Expect \"to_be_visible\" with timeout 5000ms\nE                 - waiting for get_by_text(\"Required\")\n\ntests\\e2e\\test_login.py:25: AssertionError"}, "attachments": [{"name": "Failure Screenshot", "source": "fb090abf-bb97-4dce-b4e1-f7d809ca087a-attachment.png", "type": "image/png"}], "parameters": [{"name": "page", "value": "'chromium'"}, {"name": "username", "value": "'12345'"}, {"name": "password", "value": "'admin123'"}, {"name": "validity", "value": "'invalid'"}], "start": 1769250584146, "stop": 1769250593074, "uuid": "35df8122-9edd-49c0-8a32-5af581e10309", "historyId": "db99fc7d6be7a1f0b919eeb4cbc6f702", "testCaseId": "af9957825c38d625762cf2f75d42c2a0", "fullName": "tests.e2e.test_login.TestLogin#test_login", "labels": [{"name": "parentSuite", "value": "tests.e2e"}, {"name": "suite", "value": "test_login"}, {"name": "subSuite", "value": "TestLogin"}, {"name": "host", "value": "ASUS-A15"}, {"name": "thread", "value": "25284-MainThread"}, {"name": "framework", "value": "pytest"}, {"name": "language", "value": "cpython3"}, {"name": "package", "value": "tests.e2e.test_login"}], "titlePath": ["tests", "e2e", "test_login.py", "TestLogin"]}