{"name": "test_login[chromium-Admin-admin123-valid]", "status": "failed", "statusDetails": {"message": "AssertionError: Locator expected to be visible\nActual value: None \nCall log:\n  - Expect \"to_be_visible\" with timeout 5000ms\n  - waiting for get_by_role(\"heading\", name=\"Dashboard\")\n    - waiting for navigation to finish...", "trace": "self = <end_to_end.test_login.TestLogin object at 0x000001EDA69C9810>\npage = <Page url='https://opensource-demo.orangehrmlive.com/web/index.php/auth/login'>\nusername = 'Admin', password = 'admin123', validity = 'valid'\nlogger = <Logger test_login[chromium-Admin-admin123-valid] (INFO)>\n\n>   ???\nE   AssertionError: Locator expected to be visible\nE   Actual value: None \nE   Call log:\nE     - Expect \"to_be_visible\" with timeout 5000ms\nE     - waiting for get_by_role(\"heading\", name=\"Dashboard\")\nE       - waiting for navigation to finish...\n\nD:\\Piyush_Kasture\\Github\\CDAC_Project\\tests\\e2e\\test_login.py:24: AssertionError"}, "attachments": [{"name": "Failure Screenshot", "source": "66228705-80a8-429f-b1c1-8152c4a48803-attachment.png", "type": "image/png"}, {"name": "log", "source": "95c8be85-efc1-4bac-b1fe-69bb649ff0e4-attachment.txt", "type": "text/plain"}], "parameters": [{"name": "page", "value": "'chromium'"}, {"name": "username", "value": "'Admin'"}, {"name": "password", "value": "'admin123'"}, {"name": "validity", "value": "'valid'"}], "start": 1769508974501, "stop": 1769508989765, "uuid": "ad918e78-08a2-429d-94d3-d874f21c8ed7", "historyId": "d3d42be6956c0bee047740b1bd817e4d", "testCaseId": "cecbd2ace9a5f6a44d6d31d6350b8da6", "fullName": "tests.end_to_end.test_login.TestLogin#test_login", "labels": [{"name": "parentSuite", "value": "tests.end_to_end"}, {"name": "suite", "value": "test_login"}, {"name": "subSuite", "value": "TestLogin"}, {"name": "host", "value": "ASUS-A15"}, {"name": "thread", "value": "19984-MainThread"}, {"name": "framework", "value": "pytest"}, {"name": "language", "value": "cpython3"}, {"name": "package", "value": "tests.end_to_end.test_login"}], "titlePath": ["tests", "end_to_end", "test_login.py", "TestLogin"]}