{"name": "test_assign_leave_page[chromium]", "status": "failed", "statusDetails": {"message": "AssertionError: Locator expected to be visible\nActual value: None\nError: element(s) not found \nCall log:\n  - Expect \"to_be_visible\" with timeout 5000ms\n  - waiting for get_by_placeholder(\"yyyy-dd-mm\").first", "trace": "self = <tests.end_to_end.test_leave.TestLeave object at 0x0000018BC36516D0>\nlogger = <Logger test_assign_leave_page[chromium] (INFO)>\nleave_page = <Page url='https://opensource-demo.orangehrmlive.com/web/index.php/leave/assignLeave'>\n\n    def test_assign_leave_page(self, logger, leave_page):\n        leave = LeavePage(leave_page)\n>       leave.click_assign_leave_and_assert()\n\ntests\\end_to_end\\test_leave.py:32: \n_ _ _ _ _ _ _ _ _ _ _ _ _ _ _ _ _ _ _ _ _ _ _ _ _ _ _ _ _ _ _ _ _ _ _ _ _ _ _ _\n\nself = <pages.LeavePage.LeavePage object at 0x0000018BC4B790F0>\n\n    def click_assign_leave_and_assert(self):\n        # Click Assign Leave tab\n        self.page.get_by_role(\"link\", name=\"Assign Leave\").click()\n    \n        # Assert Assign Leave page\n        expect(\n            self.page.get_by_role(\"heading\", name=\"Assign Leave\")\n        ).to_be_visible()\n    \n        expect(\n            self.page.get_by_placeholder(\"Type for hints...\")\n        ).to_be_visible()   # Employee Name\n    \n        expect(\n            self.page.get_by_text(\"-- Select --\").first\n        ).to_be_visible()   # Leave Type\n    \n        expect(\n            self.page.get_by_placeholder(\"yyyy-dd-mm\").first\n>       ).to_be_visible()   # From Date\n          ^^^^^^^^^^^^^^^\nE       AssertionError: Locator expected to be visible\nE       Actual value: None\nE       Error: element(s) not found \nE       Call log:\nE         - Expect \"to_be_visible\" with timeout 5000ms\nE         - waiting for get_by_placeholder(\"yyyy-dd-mm\").first\n\npages\\LeavePage.py:175: AssertionError"}, "attachments": [{"name": "Failure Screenshot", "source": "89bf19fb-4b3b-4812-97e2-97e55186e921-attachment.png", "type": "image/png"}], "parameters": [{"name": "page", "value": "'chromium'"}], "start": 1770111061882, "stop": 1770111075589, "uuid": "0660c6e7-9e3e-48b7-9ae1-ce8d680af2e5", "historyId": "704283278db1868979a7970e9e3fdd8e", "testCaseId": "87df61439e6f16a3d7403a9b8a4026b0", "fullName": "tests.end_to_end.test_leave.TestLeave#test_assign_leave_page", "labels": [{"name": "parentSuite", "value": "tests.end_to_end"}, {"name": "suite", "value": "test_leave"}, {"name": "subSuite", "value": "TestLeave"}, {"name": "host", "value": "ASUS-A15"}, {"name": "thread", "value": "30112-MainThread"}, {"name": "framework", "value": "pytest"}, {"name": "language", "value": "cpython3"}, {"name": "package", "value": "tests.end_to_end.test_leave"}], "titlePath": ["tests", "end_to_end", "test_leave.py", "TestLeave"]}