{"name": "test_leave_list_page_flow[chromium]", "status": "failed", "statusDetails": {"message": "AssertionError: Locator expected to be visible\nActual value: None\nError: element(s) not found \nCall log:\n  - Expect \"to_be_visible\" with timeout 5000ms\n  - waiting for get_by_label(\"From Date\")", "trace": "logger = <tests.end_to_end.test_leave.TestLeave object at 0x0000018BC3698180>\nleave_page = <Page url='https://opensource-demo.orangehrmlive.com/web/index.php/leave/viewLeaveList'>\n\n    def test_leave_list_page_flow(logger, leave_page):\n        leave = LeavePage(leave_page)\n>       leave.verify_leave_list_page()\n\ntests\\end_to_end\\test_leave.py:21: \n_ _ _ _ _ _ _ _ _ _ _ _ _ _ _ _ _ _ _ _ _ _ _ _ _ _ _ _ _ _ _ _ _ _ _ _ _ _ _ _\n\nself = <pages.LeavePage.LeavePage object at 0x0000018BC4B407D0>\n\n    def verify_leave_list_page(self):\n        # Heading\n        expect(\n            self.page.get_by_role(\"heading\", name=\"Leave List\")\n        ).to_be_visible()\n    \n        # From Date\n        expect(\n            self.page.get_by_label(\"From Date\")\n>       ).to_be_visible()\n          ^^^^^^^^^^^^^^^\nE       AssertionError: Locator expected to be visible\nE       Actual value: None\nE       Error: element(s) not found \nE       Call log:\nE         - Expect \"to_be_visible\" with timeout 5000ms\nE         - waiting for get_by_label(\"From Date\")\n\npages\\LeavePage.py:19: AssertionError"}, "attachments": [{"name": "Failure Screenshot", "source": "43d09ae1-1a61-4b76-9d2a-45f5490d0bec-attachment.png", "type": "image/png"}], "parameters": [{"name": "page", "value": "'chromium'"}], "start": 1770111039413, "stop": 1770111044422, "uuid": "4d2b9aed-f4fb-4c75-a55f-038145f92fb3", "historyId": "facbad3fdb816f9c1cdc4ce6f2f189d7", "testCaseId": "3d1f6333f504c16afa1f78cb6f5612f2", "fullName": "tests.end_to_end.test_leave.TestLeave#test_leave_list_page_flow", "labels": [{"name": "parentSuite", "value": "tests.end_to_end"}, {"name": "suite", "value": "test_leave"}, {"name": "subSuite", "value": "TestLeave"}, {"name": "host", "value": "ASUS-A15"}, {"name": "thread", "value": "30112-MainThread"}, {"name": "framework", "value": "pytest"}, {"name": "language", "value": "cpython3"}, {"name": "package", "value": "tests.end_to_end.test_leave"}], "titlePath": ["tests", "end_to_end", "test_leave.py", "TestLeave"]}