{"name": "test_liking_a_buzz_post[chromium]", "status": "failed", "statusDetails": {"message": "AssertionError: Locator expected to be visible\nActual value: None\nError: element(s) not found \nCall log:\n  - Expect \"to_be_visible\" with timeout 5000ms\n  - waiting for locator(\".oxd-buzz-post\").first.locator(\".orangehrm-buzz-post-actions button\").first", "trace": "self = <tests.end_to_end.test_buzz.TestBuzz object at 0x0000012A491FDA90>\nbuzz_page = <Page url='https://opensource-demo.orangehrmlive.com/web/index.php/buzz/viewBuzz'>\n\n    def test_liking_a_buzz_post(self, buzz_page):\n        buzz = BuzzPage(buzz_page)\n    \n        count_before = buzz.like_count_first_post()\n>       buzz.like_first_post()\n\ntests\\end_to_end\\test_buzz.py:64: \n_ _ _ _ _ _ _ _ _ _ _ _ _ _ _ _ _ _ _ _ _ _ _ _ _ _ _ _ _ _ _ _ _ _ _ _ _ _ _ _\n\nself = <pages.BuzzPage.BuzzPage object at 0x0000012A495B9D30>\n\n    def like_first_post(self):\n        post = self.page.locator(\".oxd-buzz-post\").first\n        post.hover()\n    \n        btn = post.locator(\".orangehrm-buzz-post-actions button\").first\n>       expect(btn).to_be_visible()\nE       AssertionError: Locator expected to be visible\nE       Actual value: None\nE       Error: element(s) not found \nE       Call log:\nE         - Expect \"to_be_visible\" with timeout 5000ms\nE         - waiting for locator(\".oxd-buzz-post\").first.locator(\".orangehrm-buzz-post-actions button\").first\n\npages\\BuzzPage.py:130: AssertionError"}, "attachments": [{"name": "Failure Screenshot", "source": "71849b16-b3ec-407f-bd17-f16819954c62-attachment.png", "type": "image/png"}], "parameters": [{"name": "page", "value": "'chromium'"}], "start": 1770100915776, "stop": 1770100926269, "uuid": "3280ac8c-a9c0-4391-ab59-2c413c2c9e36", "historyId": "50781a89f524e20f41bdb16af6301d36", "testCaseId": "e840094be669efca3102acaf8576b13c", "fullName": "tests.end_to_end.test_buzz.TestBuzz#test_liking_a_buzz_post", "labels": [{"name": "parentSuite", "value": "tests.end_to_end"}, {"name": "suite", "value": "test_buzz"}, {"name": "subSuite", "value": "TestBuzz"}, {"name": "host", "value": "ASUS-A15"}, {"name": "thread", "value": "21672-MainThread"}, {"name": "framework", "value": "pytest"}, {"name": "language", "value": "cpython3"}, {"name": "package", "value": "tests.end_to_end.test_buzz"}], "titlePath": ["tests", "end_to_end", "test_buzz.py", "TestBuzz"]}