{"name": "test_08_search_with_username_only[chromium]", "status": "failed", "statusDetails": {"message": "AssertionError: Locator expected to be visible\nActual value: None\nError: element(s) not found \nCall log:\n  - Expect \"to_be_visible\" with timeout 10000ms\n  - waiting for locator(\"div.oxd-table-body div.oxd-table-card\").first", "trace": "self = <tests.end_to_end.test_admin.TestAdmin object at 0x000001B8428BCF50>\nlogger = <Logger test_08_search_with_username_only[chromium] (INFO)>\nadmin_page = <Page url='https://opensource-demo.orangehrmlive.com/web/index.php/admin/viewSystemUsers'>\n\n    def test_08_search_with_username_only(self, logger, admin_page):\n        # TC08: Search users by username only\n        admin_user = AdminUserPage(admin_page)\n    \n        admin_user.enter_username(\"Admin\")\n        admin_user.click_search()\n>       admin_user.wait_for_search_results()\n\ntests\\end_to_end\\test_admin.py:93: \n_ _ _ _ _ _ _ _ _ _ _ _ _ _ _ _ _ _ _ _ _ _ _ _ _ _ _ _ _ _ _ _ _ _ _ _ _ _ _ _\n\nself = <pages.AdminPage.AdminUserPage object at 0x000001B843DE8D10>\n\n    def wait_for_search_results(self):\n>       expect(self.results_rows.first).to_be_visible(timeout=10000)\nE       AssertionError: Locator expected to be visible\nE       Actual value: None\nE       Error: element(s) not found \nE       Call log:\nE         - Expect \"to_be_visible\" with timeout 10000ms\nE         - waiting for locator(\"div.oxd-table-body div.oxd-table-card\").first\n\npages\\AdminPage.py:32: AssertionError"}, "attachments": [{"name": "Failure Screenshot", "source": "05ed08ee-970d-4c46-a70b-985888b74a2d-attachment.png", "type": "image/png"}], "parameters": [{"name": "page", "value": "'chromium'"}], "start": 1769850599428, "stop": 1769850609470, "uuid": "e36ffcc8-8c64-4fbb-9960-c8a52e4c1734", "historyId": "91f5bafe70c353bac31d8a8f928315cb", "testCaseId": "28b319dbf45dffe97cea8faddec6b6f0", "fullName": "tests.end_to_end.test_admin.TestAdmin#test_08_search_with_username_only", "labels": [{"name": "parentSuite", "value": "tests.end_to_end"}, {"name": "suite", "value": "test_admin"}, {"name": "subSuite", "value": "TestAdmin"}, {"name": "host", "value": "ASUS-A15"}, {"name": "thread", "value": "3108-MainThread"}, {"name": "framework", "value": "pytest"}, {"name": "language", "value": "cpython3"}, {"name": "package", "value": "tests.end_to_end.test_admin"}], "titlePath": ["tests", "end_to_end", "test_admin.py", "TestAdmin"]}