{"name": "test_creating_text_only_buzz_post[chromium]", "status": "failed", "statusDetails": {"message": "AssertionError: Locator expected to be visible\nActual value: None\nError: element(s) not found \nCall log:\n  - Expect \"to_be_visible\" with timeout 5000ms\n  - waiting for get_by_role(\"button\", name=\"Post\", exact=True).filter(has=locator(\".oxd-button--main\"))", "trace": "self = <tests.end_to_end.test_buzz.TestBuzz object at 0x000001BD3BCDD6D0>\nbuzz_page = <Page url='https://opensource-demo.orangehrmlive.com/web/index.php/buzz/viewBuzz'>\n\n    def test_creating_text_only_buzz_post(self, buzz_page):\n        buzz = BuzzPage(buzz_page)\n>       buzz.create_text_post()\n\ntests\\end_to_end\\test_buzz.py:22: \n_ _ _ _ _ _ _ _ _ _ _ _ _ _ _ _ _ _ _ _ _ _ _ _ _ _ _ _ _ _ _ _ _ _ _ _ _ _ _ _\n\nself = <pages.BuzzPage.BuzzPage object at 0x000001BD3C0642D0>\n\n    def create_text_post(self):\n        self.post_textarea.click()\n    \n        self.post_textarea.fill(\"Hi, my name is Automation\")\n>       expect(self.post_button).to_be_visible()\nE       AssertionError: Locator expected to be visible\nE       Actual value: None\nE       Error: element(s) not found \nE       Call log:\nE         - Expect \"to_be_visible\" with timeout 5000ms\nE         - waiting for get_by_role(\"button\", name=\"Post\", exact=True).filter(has=locator(\".oxd-button--main\"))\n\npages\\BuzzPage.py:60: AssertionError"}, "attachments": [{"name": "Failure Screenshot", "source": "3bf6e215-c8d4-4359-87a3-ad50c9c46d57-attachment.png", "type": "image/png"}, {"name": "log", "source": "f2a77d10-28d7-47c8-9c3f-cc06d8e4e410-attachment.txt", "type": "text/plain"}], "parameters": [{"name": "page", "value": "'chromium'"}], "start": 1770083045279, "stop": 1770083051132, "uuid": "7199d04a-f890-476d-a315-782d6a87761a", "historyId": "0458040cdf1515c5ddce4fdf7e48f6e8", "testCaseId": "b5327859a4bd955efd5cf796e6578dee", "fullName": "tests.end_to_end.test_buzz.TestBuzz#test_creating_text_only_buzz_post", "labels": [{"name": "parentSuite", "value": "tests.end_to_end"}, {"name": "suite", "value": "test_buzz"}, {"name": "subSuite", "value": "TestBuzz"}, {"name": "host", "value": "ASUS-A15"}, {"name": "thread", "value": "26096-MainThread"}, {"name": "framework", "value": "pytest"}, {"name": "language", "value": "cpython3"}, {"name": "package", "value": "tests.end_to_end.test_buzz"}], "titlePath": ["tests", "end_to_end", "test_buzz.py", "TestBuzz"]}