{"name": "test_attendance_employee_records[chromium]", "status": "failed", "statusDetails": {"message": "AssertionError: Locator expected to be visible\nActual value: None\nError: element(s) not found \nCall log:\n  - Expect \"to_be_visible\" with timeout 5000ms\n  - waiting for get_by_role(\"button\", name=\"Attendance\")", "trace": "self = <tests.end_to_end.test_time.TestTime object at 0x0000023EE1F41370>\nlogger = <Logger test_attendance_employee_records[chromium] (INFO)>\ntime_page = <pages.TimePage.TimePage object at 0x0000023EE3439940>\n\n    def test_attendance_employee_records(self, logger, time_page):\n    \n        time_page = TimePage(time_page)\n    \n        # Employee Records\n>       time_page.click_employee_records_and_assert()\n\ntests\\end_to_end\\test_time.py:36: \n_ _ _ _ _ _ _ _ _ _ _ _ _ _ _ _ _ _ _ _ _ _ _ _ _ _ _ _ _ _ _ _ _ _ _ _ _ _ _ _\npages\\TimePage.py:138: in click_employee_records_and_assert\n    self.open_attendance_dropdown()\n_ _ _ _ _ _ _ _ _ _ _ _ _ _ _ _ _ _ _ _ _ _ _ _ _ _ _ _ _ _ _ _ _ _ _ _ _ _ _ _\n\nself = <pages.TimePage.TimePage object at 0x0000023EE3439940>\n\n    def open_attendance_dropdown(self):\n        attendance_dropdown = self.page.get_by_role(\"button\", name=\"Attendance\")\n>       expect(attendance_dropdown).to_be_visible()\nE       AssertionError: Locator expected to be visible\nE       Actual value: None\nE       Error: element(s) not found \nE       Call log:\nE         - Expect \"to_be_visible\" with timeout 5000ms\nE         - waiting for get_by_role(\"button\", name=\"Attendance\")\n\npages\\TimePage.py:118: AssertionError"}, "attachments": [{"name": "Failure Screenshot", "source": "49a0ff96-bb44-4b4c-9179-e39bddd6643f-attachment.png", "type": "image/png"}], "parameters": [{"name": "page", "value": "'chromium'"}], "start": 1770111456357, "stop": 1770111461369, "uuid": "81fec88e-b093-45da-ad17-7eba2a0428c5", "historyId": "872e437e604edc71e4a1b3704f9a4c4e", "testCaseId": "92a24fbc079b5514f70ac8d1941819ab", "fullName": "tests.end_to_end.test_time.TestTime#test_attendance_employee_records", "labels": [{"name": "parentSuite", "value": "tests.end_to_end"}, {"name": "suite", "value": "test_time"}, {"name": "subSuite", "value": "TestTime"}, {"name": "host", "value": "ASUS-A15"}, {"name": "thread", "value": "11716-MainThread"}, {"name": "framework", "value": "pytest"}, {"name": "language", "value": "cpython3"}, {"name": "package", "value": "tests.end_to_end.test_time"}], "titlePath": ["tests", "end_to_end", "test_time.py", "TestTime"]}