{"name": "test_search_user_by_admin_role[chromium]", "status": "failed", "statusDetails": {"message": "AssertionError: assert 1 > 1\n +  where 1 = count()\n +    where count = <Locator frame=<Frame name= url='https://opensource-demo.orangehrmlive.com/web/index.php/admin/viewSystemUsers'> selector='div.oxd-table-body div.oxd-table-card'>.count", "trace": "self = <e2e.test_admin.TestAdmin object at 0x000001C72ECA9810>\npage = <Page url='https://opensource-demo.orangehrmlive.com/web/index.php/admin/viewSystemUsers'>\nlogger = <Logger test_search_user_by_admin_role[chromium] (INFO)>\n\n    def test_search_user_by_admin_role(self, page, logger):\n        # Initialize page objects with logger\n        login_page = LoginPage(page, logger)\n        login_page.login(\"Admin\", \"admin123\")\n    \n        dashboard = DashboardPage(page)\n        dashboard.go_to_admin()\n    \n        # Initialize AdminUserPage without logger parameter\n        admin_user = AdminUserPage(page)\n        # admin_user.wait_for_users_page()\n        admin_user.select_user_role(\"ESS\")\n        # page.click(\"button:has-text('Search')\")\n        admin_user.search_button.click()\n        admin_user.wait_for_search_results()\n        # Verify that search results table is visible\n        rows = page.locator(\"div.oxd-table-body div.oxd-table-card\")\n>       assert rows.count() > 1\nE       AssertionError: assert 1 > 1\nE        +  where 1 = count()\nE        +    where count = <Locator frame=<Frame name= url='https://opensource-demo.orangehrmlive.com/web/index.php/admin/viewSystemUsers'> selector='div.oxd-table-body div.oxd-table-card'>.count\n\ntests\\e2e\\test_admin.py:28: AssertionError"}, "attachments": [{"name": "Failure Screenshot", "source": "c4cd94a7-6681-4b7e-aa28-8c73d1ab69f3-attachment.png", "type": "image/png"}, {"name": "log", "source": "dab76bf5-9935-4eb9-9fbb-e0c1d3c51b5a-attachment.txt", "type": "text/plain"}], "parameters": [{"name": "page", "value": "'chromium'"}], "start": 1769462513573, "stop": 1769462520904, "uuid": "876a20d1-c174-43f6-8bda-d18a1e406252", "historyId": "dee413bd151030e36e1410e0a882e2d3", "testCaseId": "40f170ef0f33252f8eca425a27f7d2cb", "fullName": "tests.e2e.test_admin.TestAdmin#test_search_user_by_admin_role", "labels": [{"name": "parentSuite", "value": "tests.e2e"}, {"name": "suite", "value": "test_admin"}, {"name": "subSuite", "value": "TestAdmin"}, {"name": "host", "value": "ASUS-A15"}, {"name": "thread", "value": "24204-MainThread"}, {"name": "framework", "value": "pytest"}, {"name": "language", "value": "cpython3"}, {"name": "package", "value": "tests.e2e.test_admin"}], "titlePath": ["tests", "e2e", "test_admin.py", "TestAdmin"]}