{"name": "test_elements_visible_after_refresh[chromium]", "status": "failed", "statusDetails": {"message": "AssertionError: Locator expected to be visible\nActual value: None\nError: element(s) not found \nCall log:\n  - Expect \"to_be_visible\" with timeout 5000ms\n  - waiting for get_by_role(\"button\").filter(has=locator(\"i.oxd-userdropdown-icon\"))", "trace": "self = <tests.end_to_end.test_dashboard.TestDashboard object at 0x000001FEB1BF3AF0>\ndashboard_page = <Page url='https://opensource-demo.orangehrmlive.com/web/index.php/admin/viewSystemUsers'>\n\n    def test_elements_visible_after_refresh(self, dashboard_page):\n        dashboard = DashboardPage(dashboard_page)\n        dashboard_page.reload()\n>       expect(dashboard.get_profile_icon()).to_be_visible()\nE       AssertionError: Locator expected to be visible\nE       Actual value: None\nE       Error: element(s) not found \nE       Call log:\nE         - Expect \"to_be_visible\" with timeout 5000ms\nE         - waiting for get_by_role(\"button\").filter(has=locator(\"i.oxd-userdropdown-icon\"))\n\ntests\\end_to_end\\test_dashboard.py:78: AssertionError"}, "attachments": [{"name": "Failure Screenshot", "source": "5773a6ef-438e-408e-9f85-118c74c398c7-attachment.png", "type": "image/png"}], "parameters": [{"name": "page", "value": "'chromium'"}], "start": 1770117660401, "stop": 1770117666817, "uuid": "01f6faa5-c1dd-4ba8-9c4a-c44a5dd11bfa", "historyId": "48289787f9a80eea68921b6d102d5de5", "testCaseId": "0fcaced6b931ecff15e7ecb58a2ff7bc", "fullName": "tests.end_to_end.test_dashboard.TestDashboard#test_elements_visible_after_refresh", "labels": [{"name": "parentSuite", "value": "tests.end_to_end"}, {"name": "suite", "value": "test_dashboard"}, {"name": "subSuite", "value": "TestDashboard"}, {"name": "host", "value": "ASUS-A15"}, {"name": "thread", "value": "33560-MainThread"}, {"name": "framework", "value": "pytest"}, {"name": "language", "value": "cpython3"}, {"name": "package", "value": "tests.end_to_end.test_dashboard"}], "titlePath": ["tests", "end_to_end", "test_dashboard.py", "TestDashboard"]}