{"name": "test_login[chromium-Admin-admin@123-invalid]", "status": "failed", "statusDetails": {"message": "AssertionError: Locator expected to be visible\nActual value: None\nError: element(s) not found \nCall log:\n  - Expect \"to_be_visible\" with timeout 5000ms\n  - waiting for locator(\".oxd-input-field-error-message\").first", "trace": "self = <end_to_end.test_login.TestLogin object at 0x0000018459A48CB0>\npage = <Page url='https://opensource-demo.orangehrmlive.com/web/index.php/auth/login'>\nusername = 'Admin', password = 'admin@123', validity = 'invalid'\nlogger = <Logger test_login[chromium-Admin-admin@123-invalid] (INFO)>\n\n>   ???\nE   AssertionError: Locator expected to be visible\nE   Actual value: None\nE   Error: element(s) not found \nE   Call log:\nE     - Expect \"to_be_visible\" with timeout 5000ms\nE     - waiting for locator(\".oxd-alert-content-text\")\n\nD:\\Piyush_Kasture\\Github\\CDAC_Project\\tests\\e2e\\test_login.py:30: AssertionError\n\nDuring handling of the above exception, another exception occurred:\n\nself = <end_to_end.test_login.TestLogin object at 0x0000018459A48CB0>\npage = <Page url='https://opensource-demo.orangehrmlive.com/web/index.php/auth/login'>\nusername = 'Admin', password = 'admin@123', validity = 'invalid'\nlogger = <Logger test_login[chromium-Admin-admin@123-invalid] (INFO)>\n\n>   ???\nE   AssertionError: Locator expected to be visible\nE   Actual value: None\nE   Error: element(s) not found \nE   Call log:\nE     - Expect \"to_be_visible\" with timeout 5000ms\nE     - waiting for locator(\".oxd-input-field-error-message\").first\n\nD:\\Piyush_Kasture\\Github\\CDAC_Project\\tests\\e2e\\test_login.py:34: AssertionError"}, "attachments": [{"name": "Failure Screenshot", "source": "227119ce-8b4f-4d24-9bb0-c49d3381ccd8-attachment.png", "type": "image/png"}, {"name": "log", "source": "370742c8-4581-4c27-a32d-d3afa74ced48-attachment.txt", "type": "text/plain"}], "parameters": [{"name": "page", "value": "'chromium'"}, {"name": "username", "value": "'Admin'"}, {"name": "password", "value": "'admin@123'"}, {"name": "validity", "value": "'invalid'"}], "start": 1769508969885, "stop": 1769509013559, "uuid": "c96e2d61-7aca-4f19-95aa-4d0c94a109f4", "historyId": "2eae6a5ad8cfd5edc88d3c1ac5300bf2", "testCaseId": "cecbd2ace9a5f6a44d6d31d6350b8da6", "fullName": "tests.end_to_end.test_login.TestLogin#test_login", "labels": [{"name": "parentSuite", "value": "tests.end_to_end"}, {"name": "suite", "value": "test_login"}, {"name": "subSuite", "value": "TestLogin"}, {"name": "host", "value": "ASUS-A15"}, {"name": "thread", "value": "23960-MainThread"}, {"name": "framework", "value": "pytest"}, {"name": "language", "value": "cpython3"}, {"name": "package", "value": "tests.end_to_end.test_login"}], "titlePath": ["tests", "end_to_end", "test_login.py", "TestLogin"]}