{"name": "test_profile_icon_visible", "status": "failed", "statusDetails": {"message": "AssertionError: Locator expected to be visible\nActual value: None\nError: element(s) not found \nCall log:\n  - Expect \"to_be_visible\" with timeout 5000ms\n  - waiting for get_by_role(\"button\").filter(has=locator(\"i.oxd-userdropdown-icon\"))", "trace": "self = <end_to_end.test_dashboard.TestDashboard object at 0x00000205787FD250>\ndashboard_page = <Page url='https://opensource-demo.orangehrmlive.com/web/index.php/dashboard/index'>\n\n    def test_profile_icon_visible(self, dashboard_page):\n        dashboard = DashboardPage(dashboard_page)\n>       expect(dashboard.get_profile_icon()).to_be_visible()\nE       AssertionError: Locator expected to be visible\nE       Actual value: None\nE       Error: element(s) not found \nE       Call log:\nE         - Expect \"to_be_visible\" with timeout 5000ms\nE         - waiting for get_by_role(\"button\").filter(has=locator(\"i.oxd-userdropdown-icon\"))\n\ntests\\end_to_end\\test_dashboard.py:35: AssertionError"}, "attachments": [{"name": "Failure Screenshot", "source": "85c0cca7-34c5-4dff-ba23-102a18f9ecb8-attachment.png", "type": "image/png"}], "start": 1769688917971, "stop": 1769688922985, "uuid": "7b35a934-54d7-4cbd-910f-5f44841d10b0", "historyId": "086c71f083812b9700b59f7616d80ece", "testCaseId": "086c71f083812b9700b59f7616d80ece", "fullName": "tests.end_to_end.test_dashboard.TestDashboard#test_profile_icon_visible", "labels": [{"name": "parentSuite", "value": "tests.end_to_end"}, {"name": "suite", "value": "test_dashboard"}, {"name": "subSuite", "value": "TestDashboard"}, {"name": "host", "value": "ASUS-A15"}, {"name": "thread", "value": "35708-MainThread"}, {"name": "framework", "value": "pytest"}, {"name": "language", "value": "cpython3"}, {"name": "package", "value": "tests.end_to_end.test_dashboard"}], "titlePath": ["tests", "end_to_end", "test_dashboard.py", "TestDashboard"]}