{"name": "test_add_report[chromium]", "status": "failed", "statusDetails": {"message": "AssertionError: Locator expected to be visible\nActual value: None\nError: element(s) not found \nCall log:\n  - Expect \"to_be_visible\" with timeout 5000ms\n  - waiting for get_by_role(\"button\", name=\"+ Add\")", "trace": "self = <tests.end_to_end.test_pim.TestPIM object at 0x000001FA2431C180>\nlogger = <Logger test_add_report[chromium] (INFO)>\npim_page = <Page url='https://opensource-demo.orangehrmlive.com/web/index.php/pim/viewDefinedPredefinedReports'>\n\n    def test_add_report(self, logger, pim_page):\n        pim = PimPage(pim_page)\n        pim.open_reports_tab()\n        pim.verify_reports_page()\n>       pim.add_report_with_name_and_display_field()\n\ntests\\end_to_end\\test_pim.py:29: \n_ _ _ _ _ _ _ _ _ _ _ _ _ _ _ _ _ _ _ _ _ _ _ _ _ _ _ _ _ _ _ _ _ _ _ _ _ _ _ _\n\nself = <pages.PIMPage.PimPage object at 0x000001FA24788B00>\n\n    def add_report_with_name_and_display_field(self):\n        # Click + Add\n        add_btn = self.page.get_by_role(\"button\", name=\"+ Add\")\n>       expect(add_btn).to_be_visible()\nE       AssertionError: Locator expected to be visible\nE       Actual value: None\nE       Error: element(s) not found \nE       Call log:\nE         - Expect \"to_be_visible\" with timeout 5000ms\nE         - waiting for get_by_role(\"button\", name=\"+ Add\")\n\npages\\PIMPage.py:163: AssertionError"}, "attachments": [{"name": "Failure Screenshot", "source": "c4ec09b4-0db4-479f-bd5f-81409e85b9e8-attachment.png", "type": "image/png"}], "parameters": [{"name": "page", "value": "'chromium'"}], "start": 1770110543344, "stop": 1770110551163, "uuid": "46a5d6d1-c899-46ef-956c-1cb2303c2a84", "historyId": "fab516275dbb038785e05f14b88f44de", "testCaseId": "71a223abd05881aeeda40c0392163bde", "fullName": "tests.end_to_end.test_pim.TestPIM#test_add_report", "labels": [{"name": "parentSuite", "value": "tests.end_to_end"}, {"name": "suite", "value": "test_pim"}, {"name": "subSuite", "value": "TestPIM"}, {"name": "host", "value": "ASUS-A15"}, {"name": "thread", "value": "37356-MainThread"}, {"name": "framework", "value": "pytest"}, {"name": "language", "value": "cpython3"}, {"name": "package", "value": "tests.end_to_end.test_pim"}], "titlePath": ["tests", "end_to_end", "test_pim.py", "TestPIM"]}