{"name": "test_leave_list_cancelled_status[chromium]", "status": "failed", "statusDetails": {"message": "AssertionError: Locator expected to be visible\nActual value: None\nError: element(s) not found \nCall log:\n  - Expect \"to_be_visible\" with timeout 5000ms\n  - waiting for get_by_label(\"From Date\")", "trace": "self = <tests.end_to_end.test_leave.TestLeave object at 0x0000018BC363D810>\nlogger = <Logger test_leave_list_cancelled_status[chromium] (INFO)>\nleave_page = <Page url='https://opensource-demo.orangehrmlive.com/web/index.php/leave/viewLeaveList'>\n\n    def test_leave_list_cancelled_status(self, logger, leave_page):\n        leave = LeavePage(leave_page)\n>       leave.verify_leave_list_page()\n\ntests\\end_to_end\\test_leave.py:15: \n_ _ _ _ _ _ _ _ _ _ _ _ _ _ _ _ _ _ _ _ _ _ _ _ _ _ _ _ _ _ _ _ _ _ _ _ _ _ _ _\n\nself = <pages.LeavePage.LeavePage object at 0x0000018BC49A8690>\n\n    def verify_leave_list_page(self):\n        # Heading\n        expect(\n            self.page.get_by_role(\"heading\", name=\"Leave List\")\n        ).to_be_visible()\n    \n        # From Date\n        expect(\n            self.page.get_by_label(\"From Date\")\n>       ).to_be_visible()\n          ^^^^^^^^^^^^^^^\nE       AssertionError: Locator expected to be visible\nE       Actual value: None\nE       Error: element(s) not found \nE       Call log:\nE         - Expect \"to_be_visible\" with timeout 5000ms\nE         - waiting for get_by_label(\"From Date\")\n\npages\\LeavePage.py:19: AssertionError"}, "attachments": [{"name": "Failure Screenshot", "source": "572b3798-e107-4429-ac16-025da0f2e8a8-attachment.png", "type": "image/png"}], "parameters": [{"name": "page", "value": "'chromium'"}], "start": 1770111030405, "stop": 1770111039320, "uuid": "8091ea13-4783-4285-87b1-ef03cb56cc73", "historyId": "008870529f2e4e220c76df0646bf6eb5", "testCaseId": "e754649daaf75371c9826768bbfc7e4d", "fullName": "tests.end_to_end.test_leave.TestLeave#test_leave_list_cancelled_status", "labels": [{"name": "parentSuite", "value": "tests.end_to_end"}, {"name": "suite", "value": "test_leave"}, {"name": "subSuite", "value": "TestLeave"}, {"name": "host", "value": "ASUS-A15"}, {"name": "thread", "value": "30112-MainThread"}, {"name": "framework", "value": "pytest"}, {"name": "language", "value": "cpython3"}, {"name": "package", "value": "tests.end_to_end.test_leave"}], "titlePath": ["tests", "end_to_end", "test_leave.py", "TestLeave"]}