{"name": "test_dashboard_load_after_login[chromium]", "status": "failed", "statusDetails": {"message": "AssertionError: Locator expected to be visible\nActual value: None\nError: element(s) not found \nCall log:\n  - Expect \"to_be_visible\" with timeout 5000ms\n  - waiting for get_by_role(\"heading\", name=\"Dashboard\")\n    - waiting for\" https://opensource-demo.orangehrmlive.com/web/index.php/auth/validate\" navigation to finish...\n    - navigated to \"https://opensource-demo.orangehrmlive.com/web/index.php/dashboard/index\"", "trace": "self = <tests.end_to_end.test_dashboard.TestDashboard object at 0x0000020A0765CCD0>\ndashboard_page = <Page url='https://opensource-demo.orangehrmlive.com/web/index.php/dashboard/index'>\n\n    def test_dashboard_load_after_login(self, dashboard_page):\n        dashboard = DashboardPage(dashboard_page)\n>       expect(dashboard.is_dashboard_visible()).to_be_visible()\nE       AssertionError: Locator expected to be visible\nE       Actual value: None\nE       Error: element(s) not found \nE       Call log:\nE         - Expect \"to_be_visible\" with timeout 5000ms\nE         - waiting for get_by_role(\"heading\", name=\"Dashboard\")\nE           - waiting for\" https://opensource-demo.orangehrmlive.com/web/index.php/auth/validate\" navigation to finish...\nE           - navigated to \"https://opensource-demo.orangehrmlive.com/web/index.php/dashboard/index\"\n\ntests\\end_to_end\\test_dashboard.py:17: AssertionError"}, "attachments": [{"name": "Failure Screenshot", "source": "b003a5bc-7e7d-40a5-b94b-6e44616d5be0-attachment.png", "type": "image/png"}], "parameters": [{"name": "page", "value": "'chromium'"}], "start": 1770052724324, "stop": 1770052729347, "uuid": "e00dd6ca-7234-40f3-9ca5-241812af5c0a", "historyId": "526aa05c92b8ff8b972c9ad21e2e9c1a", "testCaseId": "901510c7634ff0c99b48dd1bfae664da", "fullName": "tests.end_to_end.test_dashboard.TestDashboard#test_dashboard_load_after_login", "labels": [{"name": "parentSuite", "value": "tests.end_to_end"}, {"name": "suite", "value": "test_dashboard"}, {"name": "subSuite", "value": "TestDashboard"}, {"name": "host", "value": "ASUS-A15"}, {"name": "thread", "value": "3828-MainThread"}, {"name": "framework", "value": "pytest"}, {"name": "language", "value": "cpython3"}, {"name": "package", "value": "tests.end_to_end.test_dashboard"}], "titlePath": ["tests", "end_to_end", "test_dashboard.py", "TestDashboard"]}