{"name": "test_creating_text_only_buzz_post[chromium]", "status": "failed", "statusDetails": {"message": "AssertionError: Locator expected to be visible\nActual value: None\nError: element(s) not found \nCall log:\n  - Expect \"to_be_visible\" with timeout 5000ms\n  - waiting for locator(\".orangehrm-buzz-post-body-text, .oxd-buzz-post-body-text\").filter(has_text=\"Hi, my name is Automation\").first", "trace": "self = <tests.end_to_end.test_buzz.TestBuzz object at 0x00000286437CD6D0>\nbuzz_page = <Page url='https://opensource-demo.orangehrmlive.com/web/index.php/buzz/viewBuzz'>\n\n    def test_creating_text_only_buzz_post(self, buzz_page):\n        buzz = BuzzPage(buzz_page)\n        buzz.create_text_post()\n    \n>       expect(buzz.is_post_text_visible(\"Hi, my name is Automation\")).to_be_visible()\nE       AssertionError: Locator expected to be visible\nE       Actual value: None\nE       Error: element(s) not found \nE       Call log:\nE         - Expect \"to_be_visible\" with timeout 5000ms\nE         - waiting for locator(\".orangehrm-buzz-post-body-text, .oxd-buzz-post-body-text\").filter(has_text=\"Hi, my name is Automation\").first\n\ntests\\end_to_end\\test_buzz.py:18: AssertionError"}, "attachments": [{"name": "Failure Screenshot", "source": "86d828cf-af2d-4219-b83e-7a5395bf2872-attachment.png", "type": "image/png"}], "parameters": [{"name": "page", "value": "'chromium'"}], "start": 1770100154585, "stop": 1770100162038, "uuid": "02972464-e3b2-4c5c-afad-980848fab1ef", "historyId": "0458040cdf1515c5ddce4fdf7e48f6e8", "testCaseId": "b5327859a4bd955efd5cf796e6578dee", "fullName": "tests.end_to_end.test_buzz.TestBuzz#test_creating_text_only_buzz_post", "labels": [{"name": "parentSuite", "value": "tests.end_to_end"}, {"name": "suite", "value": "test_buzz"}, {"name": "subSuite", "value": "TestBuzz"}, {"name": "host", "value": "ASUS-A15"}, {"name": "thread", "value": "53396-MainThread"}, {"name": "framework", "value": "pytest"}, {"name": "language", "value": "cpython3"}, {"name": "package", "value": "tests.end_to_end.test_buzz"}], "titlePath": ["tests", "end_to_end", "test_buzz.py", "TestBuzz"]}