{"name": "test_login[chromium-Admin-admin123-valid]", "status": "failed", "statusDetails": {"message": "AssertionError: Locator expected to be visible\nActual value: None \nCall log:\n  - Expect \"to_be_visible\" with timeout 5000ms\n  - waiting for get_by_role(\"heading\", name=\"Dashboard\")", "trace": "self = <end_to_end.test_login.TestLogin object at 0x00000252E80E96D0>\npage = <Page url='https://opensource-demo.orangehrmlive.com/web/index.php/auth/login'>\nusername = 'Admin', password = 'admin123', validity = 'valid'\nlogger = <Logger test_login[chromium-Admin-admin123-valid] (INFO)>\n\n    @pytest.mark.parametrize(\"username,password,validity\", data())\n    \n    def test_login(self, page, username, password, validity,logger):\n        # Initialize page objects for login and dashboard pages\n        login = LoginPage(page, logger)\n        dashboard = DashboardPage(page)\n    \n        # Perform login with the provided credentials\n        login.login(username, password)\n    \n        # Verify login results based on credential validity\n        if validity==\"valid\":\n            # Valid credentials should successfully log in and show dashboard\n            logger.info(\"Successfully logged in\")\n>           expect(dashboard.is_dashboard_visible()).to_be_visible()\nE           AssertionError: Locator expected to be visible\nE           Actual value: None \nE           Call log:\nE             - Expect \"to_be_visible\" with timeout 5000ms\nE             - waiting for get_by_role(\"heading\", name=\"Dashboard\")\n\ntests\\end_to_end\\test_login.py:24: AssertionError"}, "attachments": [{"name": "Failure Screenshot", "source": "219f8f03-1be8-46d0-a0d9-af2a88b88185-attachment.png", "type": "image/png"}, {"name": "log", "source": "110fac8b-1e58-4266-84c7-99a72cb0c392-attachment.txt", "type": "text/plain"}], "parameters": [{"name": "page", "value": "'chromium'"}, {"name": "username", "value": "'Admin'"}, {"name": "password", "value": "'admin123'"}, {"name": "validity", "value": "'valid'"}], "start": 1769680760908, "stop": 1769680776399, "uuid": "8dc7f7a1-a8d2-4373-a8f5-075bdd44882e", "historyId": "d3d42be6956c0bee047740b1bd817e4d", "testCaseId": "cecbd2ace9a5f6a44d6d31d6350b8da6", "fullName": "tests.end_to_end.test_login.TestLogin#test_login", "labels": [{"name": "parentSuite", "value": "tests.end_to_end"}, {"name": "suite", "value": "test_login"}, {"name": "subSuite", "value": "TestLogin"}, {"name": "host", "value": "ASUS-A15"}, {"name": "thread", "value": "23304-MainThread"}, {"name": "framework", "value": "pytest"}, {"name": "language", "value": "cpython3"}, {"name": "package", "value": "tests.end_to_end.test_login"}], "titlePath": ["tests", "end_to_end", "test_login.py", "TestLogin"]}