{"name": "test_buzz_post_with_special_characters[chromium]", "status": "failed", "statusDetails": {"message": "AssertionError: Locator expected to be visible\nActual value: None\nError: element(s) not found \nCall log:\n  - Expect \"to_be_visible\" with timeout 5000ms\n  - waiting for locator(\".orangehrm-buzz-post-body-text, .oxd-buzz-post-body-text\").filter(has_text=\"@#$%#%^$#@@$#!%^&$&&\").first", "trace": "self = <tests.end_to_end.test_buzz.TestBuzz object at 0x000002712BA31910>\nbuzz_page = <Page url='https://opensource-demo.orangehrmlive.com/web/index.php/buzz/viewBuzz'>\n\n    def test_buzz_post_with_special_characters(self, buzz_page):\n        buzz = BuzzPage(buzz_page)\n        buzz.create_buzz_post_with_special_character()\n>       expect(buzz.is_post_text_visible(\"@#$%#%^$#@@$#!%^&$&&\")).to_be_visible()\nE       AssertionError: Locator expected to be visible\nE       Actual value: None\nE       Error: element(s) not found \nE       Call log:\nE         - Expect \"to_be_visible\" with timeout 5000ms\nE         - waiting for locator(\".orangehrm-buzz-post-body-text, .oxd-buzz-post-body-text\").filter(has_text=\"@#$%#%^$#@@$#!%^&$&&\").first\n\ntests\\end_to_end\\test_buzz.py:34: AssertionError"}, "attachments": [{"name": "Failure Screenshot", "source": "f97aa3e6-75e9-4b33-a017-aa00347e4f54-attachment.png", "type": "image/png"}], "parameters": [{"name": "page", "value": "'chromium'"}], "start": 1770099653230, "stop": 1770099658322, "uuid": "e6f6efd7-b6b4-4429-ace1-7a917f92a48f", "historyId": "e2f361dcb31064208e84abb56fe3228c", "testCaseId": "f29c2c5ef04f3aedc57f6298fcfee888", "fullName": "tests.end_to_end.test_buzz.TestBuzz#test_buzz_post_with_special_characters", "labels": [{"name": "parentSuite", "value": "tests.end_to_end"}, {"name": "suite", "value": "test_buzz"}, {"name": "subSuite", "value": "TestBuzz"}, {"name": "host", "value": "ASUS-A15"}, {"name": "thread", "value": "38836-MainThread"}, {"name": "framework", "value": "pytest"}, {"name": "language", "value": "cpython3"}, {"name": "package", "value": "tests.end_to_end.test_buzz"}], "titlePath": ["tests", "end_to_end", "test_buzz.py", "TestBuzz"]}