{"name": "test_08_search_with_username_only[chrome]", "status": "failed", "statusDetails": {"message": "AssertionError: Locator expected to be visible\nActual value: None\nError: element(s) not found \nCall log:\n  - Expect \"to_be_visible\" with timeout 10000ms\n  - waiting for locator(\"div.oxd-table-body div.oxd-table-card\").first", "trace": "self = <end_to_end.test_admin.TestAdmin object at 0x00000222CBA187D0>\nlogger = <Logger test_08_search_with_username_only[chrome] (INFO)>\nadmin_page = <Page url='https://opensource-demo.orangehrmlive.com/web/index.php/admin/viewSystemUsers'>\n\n    def test_08_search_with_username_only(self, logger, admin_page):\n        # TC08: Search users by username only\n        admin_user = AdminUserPage(admin_page)\n    \n        admin_user.enter_username(\"Admin\")\n        admin_user.click_search()\n>       admin_user.wait_for_search_results()\n\ntests\\end_to_end\\test_admin.py:93: \n_ _ _ _ _ _ _ _ _ _ _ _ _ _ _ _ _ _ _ _ _ _ _ _ _ _ _ _ _ _ _ _ _ _ _ _ _ _ _ _\n\nself = <pages.AdminPage.AdminUserPage object at 0x00000222CB9A3680>\n\n    def wait_for_search_results(self):\n>       expect(self.results_rows.first).to_be_visible(timeout=10000)\nE       AssertionError: Locator expected to be visible\nE       Actual value: None\nE       Error: element(s) not found \nE       Call log:\nE         - Expect \"to_be_visible\" with timeout 10000ms\nE         - waiting for locator(\"div.oxd-table-body div.oxd-table-card\").first\n\npages\\AdminPage.py:32: AssertionError"}, "attachments": [{"name": "Failure Screenshot", "source": "6e35f005-742c-4c54-99d3-9ba5451f2fcb-attachment.png", "type": "image/png"}], "parameters": [{"name": "page", "value": "'chrome'"}], "start": 1769714474263, "stop": 1769714484313, "uuid": "09528d76-78c7-4b1d-88dd-11497f70f0af", "historyId": "f139fdff3e8c53ad40be191a5c449b41", "testCaseId": "28b319dbf45dffe97cea8faddec6b6f0", "fullName": "tests.end_to_end.test_admin.TestAdmin#test_08_search_with_username_only", "labels": [{"name": "parentSuite", "value": "tests.end_to_end"}, {"name": "suite", "value": "test_admin"}, {"name": "subSuite", "value": "TestAdmin"}, {"name": "host", "value": "ASUS-A15"}, {"name": "thread", "value": "32196-MainThread"}, {"name": "framework", "value": "pytest"}, {"name": "language", "value": "cpython3"}, {"name": "package", "value": "tests.end_to_end.test_admin"}], "titlePath": ["tests", "end_to_end", "test_admin.py", "TestAdmin"]}