{"name": "test_login[chromium---invalid]", "status": "failed", "statusDetails": {"message": "AssertionError: Locator expected to be visible\nActual value: None\nError: strict mode violation: get_by_text(\"Required\") resolved to 2 elements:\n    1) <span data-v-7b563373=\"\" data-v-957b4417=\"\" class=\"oxd-text oxd-text--span oxd-input-field-error-message oxd-input-group__message\">Required</span> aka get_by_text(\"Required\").first\n    2) <span data-v-7b563373=\"\" data-v-957b4417=\"\" class=\"oxd-text oxd-text--span oxd-input-field-error-message oxd-input-group__message\">Required</span> aka get_by_text(\"Required\").nth(1)\n \nCall log:\n  - Expect \"to_be_visible\" with timeout 5000ms\n  - waiting for get_by_text(\"Required\")", "trace": "self = <e2e.test_login.TestLogin object at 0x000002103AB7A430>\npage = <Page url='https://opensource-demo.orangehrmlive.com/web/index.php/auth/login'>\nusername = '', password = '', validity = 'invalid'\n\n    @pytest.mark.parametrize(\"username,password,validity\", data())\n    \n    def test_login(self, page, username, password, validity):\n        login = LoginPage(page)\n        dashboard = DashboardPage(page)\n    \n        login.login(username, password)\n    \n        if validity==\"valid\":\n            assert dashboard.is_dashboard_visible(), \\\n                f\"Login failed for valid data: {username}/{password}\"\n        else:\n            if login.get_error_message().is_visible():\n                expect(login.get_error_message()).to_be_visible()\n            else:\n>               expect(login.get_required_field_message()).to_be_visible()\nE               AssertionError: Locator expected to be visible\nE               Actual value: None\nE               Error: strict mode violation: get_by_text(\"Required\") resolved to 2 elements:\nE                   1) <span data-v-7b563373=\"\" data-v-957b4417=\"\" class=\"oxd-text oxd-text--span oxd-input-field-error-message oxd-input-group__message\">Required</span> aka get_by_text(\"Required\").first\nE                   2) <span data-v-7b563373=\"\" data-v-957b4417=\"\" class=\"oxd-text oxd-text--span oxd-input-field-error-message oxd-input-group__message\">Required</span> aka get_by_text(\"Required\").nth(1)\nE                \nE               Call log:\nE                 - Expect \"to_be_visible\" with timeout 5000ms\nE                 - waiting for get_by_text(\"Required\")\n\ntests\\e2e\\test_login.py:25: AssertionError"}, "attachments": [{"name": "Failure Screenshot", "source": "c12f902c-e39f-4a1a-a24e-b30ce2b1efc1-attachment.png", "type": "image/png"}], "parameters": [{"name": "page", "value": "'chromium'"}, {"name": "username", "value": "''"}, {"name": "password", "value": "''"}, {"name": "validity", "value": "'invalid'"}], "start": 1769250609869, "stop": 1769250612355, "uuid": "c46be5b3-3aa4-4c72-975f-66f6fc7475bf", "historyId": "1f2c2a5e6b5b786268e5cc56c832f7e3", "testCaseId": "af9957825c38d625762cf2f75d42c2a0", "fullName": "tests.e2e.test_login.TestLogin#test_login", "labels": [{"name": "parentSuite", "value": "tests.e2e"}, {"name": "suite", "value": "test_login"}, {"name": "subSuite", "value": "TestLogin"}, {"name": "host", "value": "ASUS-A15"}, {"name": "thread", "value": "18052-MainThread"}, {"name": "framework", "value": "pytest"}, {"name": "language", "value": "cpython3"}, {"name": "package", "value": "tests.e2e.test_login"}], "titlePath": ["tests", "e2e", "test_login.py", "TestLogin"]}