{"name": "test_login[chromium-Adm!n-admin123-invalid]", "status": "failed", "statusDetails": {"message": "AssertionError: Locator expected to be visible\nActual value: None\nError: element(s) not found \nCall log:\n  - Expect \"to_be_visible\" with timeout 5000ms\n  - waiting for locator(\".oxd-input-field-error-message\").first\n    - waiting for\" https://opensource-demo.orangehrmlive.com/web/index.php/auth/login\" navigation to finish...\n    - navigated to \"https://opensource-demo.orangehrmlive.com/web/index.php/auth/login\"", "trace": "self = <e2e.test_login.TestLogin object at 0x00000177E6ABA7B0>\npage = <Page url='https://opensource-demo.orangehrmlive.com/web/index.php/auth/login'>\nusername = 'Adm!n', password = 'admin123', validity = 'invalid'\nlogger = <Logger test_login[chromium-Adm!n-admin123-invalid] (INFO)>\n\n    @pytest.mark.parametrize(\"username,password,validity\", data())\n    \n    def test_login(self, page, username, password, validity,logger):\n        login = LoginPage(page)\n        logger.info(\"Navigate to login page\")\n        dashboard = DashboardPage(page)\n        logger.info(\"Navigate to dashboard page\")\n    \n        login.login(username, password)\n    \n        if validity==\"valid\":\n            logger.info(\"Valid login\")\n            assert dashboard.is_dashboard_visible()\n        else:\n            logger.info(\"Invalid login\")\n            try:\n>               expect(login.get_error_message()).to_be_visible()\nE               AssertionError: Locator expected to be visible\nE               Actual value: None\nE               Error: element(s) not found \nE               Call log:\nE                 - Expect \"to_be_visible\" with timeout 5000ms\nE                 - waiting for locator(\".oxd-alert-content-text\")\nE                   - waiting for\" https://opensource-demo.orangehrmlive.com/web/index.php/auth/validate\" navigation to finish...\n\ntests\\e2e\\test_login.py:26: AssertionError\n\nDuring handling of the above exception, another exception occurred:\n\nself = <e2e.test_login.TestLogin object at 0x00000177E6ABA7B0>\npage = <Page url='https://opensource-demo.orangehrmlive.com/web/index.php/auth/login'>\nusername = 'Adm!n', password = 'admin123', validity = 'invalid'\nlogger = <Logger test_login[chromium-Adm!n-admin123-invalid] (INFO)>\n\n    @pytest.mark.parametrize(\"username,password,validity\", data())\n    \n    def test_login(self, page, username, password, validity,logger):\n        login = LoginPage(page)\n        logger.info(\"Navigate to login page\")\n        dashboard = DashboardPage(page)\n        logger.info(\"Navigate to dashboard page\")\n    \n        login.login(username, password)\n    \n        if validity==\"valid\":\n            logger.info(\"Valid login\")\n            assert dashboard.is_dashboard_visible()\n        else:\n            logger.info(\"Invalid login\")\n            try:\n                expect(login.get_error_message()).to_be_visible()\n            except AssertionError:\n                # If not invalid, then it must be required\n>               expect(login.get_required_field_message()).to_be_visible()\nE               AssertionError: Locator expected to be visible\nE               Actual value: None\nE               Error: element(s) not found \nE               Call log:\nE                 - Expect \"to_be_visible\" with timeout 5000ms\nE                 - waiting for locator(\".oxd-input-field-error-message\").first\nE                   - waiting for\" https://opensource-demo.orangehrmlive.com/web/index.php/auth/login\" navigation to finish...\nE                   - navigated to \"https://opensource-demo.orangehrmlive.com/web/index.php/auth/login\"\n\ntests\\e2e\\test_login.py:29: AssertionError"}, "attachments": [{"name": "Failure Screenshot", "source": "04a3835e-8861-47f0-aa48-045496747c9b-attachment.png", "type": "image/png"}, {"name": "log", "source": "efd729ae-2fd2-4783-9f66-c831f496fb12-attachment.txt", "type": "text/plain"}], "parameters": [{"name": "page", "value": "'chromium'"}, {"name": "username", "value": "'Adm!n'"}, {"name": "password", "value": "'admin123'"}, {"name": "validity", "value": "'invalid'"}], "start": 1769264395945, "stop": 1769264409451, "uuid": "599aa5a5-241d-4753-ba09-d0861bb1bd1a", "historyId": "868677150c7abd20eb7004f9ba736546", "testCaseId": "af9957825c38d625762cf2f75d42c2a0", "fullName": "tests.e2e.test_login.TestLogin#test_login", "labels": [{"name": "parentSuite", "value": "tests.e2e"}, {"name": "suite", "value": "test_login"}, {"name": "subSuite", "value": "TestLogin"}, {"name": "host", "value": "ASUS-A15"}, {"name": "thread", "value": "26872-MainThread"}, {"name": "framework", "value": "pytest"}, {"name": "language", "value": "cpython3"}, {"name": "package", "value": "tests.e2e.test_login"}], "titlePath": ["tests", "e2e", "test_login.py", "TestLogin"]}