{"name": "test_navigate_to_admin_page", "status": "failed", "statusDetails": {"message": "AssertionError: Admin page did not load successfully\nassert False\n +  where False = is_admin_page_loaded()\n +    where is_admin_page_loaded = <pages.AdminPage.AdminPage object at 0x000001944604C6E0>.is_admin_page_loaded", "trace": "self = <e2e.test_admin.TestAdmin object at 0x0000019445C54E10>\n\n    def test_navigate_to_admin_page(self):\n        login_page = LoginPage(self.page)\n        dashboard_page = DashboardPage(self.page)\n        admin_page = AdminPage(self.page)\n    \n        login_page.login(\"Admin\", \"admin123\")\n        dashboard_page.go_to_admin()\n    \n>       assert admin_page.is_admin_page_loaded(), \\\n            \"Admin page did not load successfully\"\nE       AssertionError: Admin page did not load successfully\nE       assert False\nE        +  where False = is_admin_page_loaded()\nE        +    where is_admin_page_loaded = <pages.AdminPage.AdminPage object at 0x000001944604C6E0>.is_admin_page_loaded\n\ntests\\e2e\\test_admin.py:17: AssertionError"}, "start": 1769025994446, "stop": 1769025999548, "uuid": "e66d6ae6-e9fd-440b-bdff-6beb316b2dde", "historyId": "62354d2d2b35d4393c7ed545ae01c478", "testCaseId": "62354d2d2b35d4393c7ed545ae01c478", "fullName": "tests.e2e.test_admin.TestAdmin#test_navigate_to_admin_page", "labels": [{"name": "parentSuite", "value": "tests.e2e"}, {"name": "suite", "value": "test_admin"}, {"name": "subSuite", "value": "TestAdmin"}, {"name": "host", "value": "ASUS-A15"}, {"name": "thread", "value": "12276-MainThread"}, {"name": "framework", "value": "pytest"}, {"name": "language", "value": "cpython3"}, {"name": "package", "value": "tests.e2e.test_admin"}], "titlePath": ["tests", "e2e", "test_admin.py", "TestAdmin"]}