{"name": "test_recruitment_candidates_result_section[chromium]", "status": "failed", "statusDetails": {"message": "AssertionError: Locator expected to be visible\nActual value: None\nError: element(s) not found \nCall log:\n  - Expect \"to_be_visible\" with timeout 5000ms\n  - waiting for locator(\"button i.bi-pencil-fill\").first", "trace": "self = <tests.end_to_end.test_recruitment.TestRecruitment object at 0x0000018A3777DA90>\nlogger = <Logger test_recruitment_candidates_result_section[chromium] (INFO)>\nrecruitment_page = <pages.RecruitmentPage.RecruitmentPage object at 0x0000018A37B20550>\n\n    def test_recruitment_candidates_result_section(self, logger, recruitment_page):\n        recruitment_page = RecruitmentPage(recruitment_page)\n    \n        # Verify results table & actions\n>       recruitment_page.verify_candidates_result_section()\n\ntests\\end_to_end\\test_recruitment.py:17: \n_ _ _ _ _ _ _ _ _ _ _ _ _ _ _ _ _ _ _ _ _ _ _ _ _ _ _ _ _ _ _ _ _ _ _ _ _ _ _ _\n\nself = <pages.RecruitmentPage.RecruitmentPage object at 0x0000018A37B20550>\n\n    def verify_candidates_result_section(self):\n        expect(\n            self.page.get_by_role(\"button\", name=\"Add\")\n        ).to_be_visible()\n    \n        expect(\n            self.page.get_by_text(\"Records Found\")\n        ).to_be_visible()\n    \n        expect(\n            self.page.locator(\".orangehrm-container\")\n        ).to_be_visible()\n    \n        # Action buttons\n        expect(\n            self.page.locator(\"button i.bi-pencil-fill\").first\n>       ).to_be_visible()\n          ^^^^^^^^^^^^^^^\nE       AssertionError: Locator expected to be visible\nE       Actual value: None\nE       Error: element(s) not found \nE       Call log:\nE         - Expect \"to_be_visible\" with timeout 5000ms\nE         - waiting for locator(\"button i.bi-pencil-fill\").first\n\npages\\RecruitmentPage.py:72: AssertionError"}, "attachments": [{"name": "Failure Screenshot", "source": "402684d0-98ba-46bf-890d-d15ac4f30990-attachment.png", "type": "image/png"}], "parameters": [{"name": "page", "value": "'chromium'"}], "start": 1770111741005, "stop": 1770111746039, "uuid": "93f4edc5-c5ae-438d-bea4-11a9b3381fd6", "historyId": "3186f2762cb2c69f2e9ee48e6367ff0c", "testCaseId": "84eb1369bcd4d7cb615afd60efed462f", "fullName": "tests.end_to_end.test_recruitment.TestRecruitment#test_recruitment_candidates_result_section", "labels": [{"name": "parentSuite", "value": "tests.end_to_end"}, {"name": "suite", "value": "test_recruitment"}, {"name": "subSuite", "value": "TestRecruitment"}, {"name": "host", "value": "ASUS-A15"}, {"name": "thread", "value": "47340-MainThread"}, {"name": "framework", "value": "pytest"}, {"name": "language", "value": "cpython3"}, {"name": "package", "value": "tests.end_to_end.test_recruitment"}], "titlePath": ["tests", "end_to_end", "test_recruitment.py", "TestRecruitment"]}