{"name": "test_08_search_with_username_only[firefox]", "status": "failed", "statusDetails": {"message": "AssertionError: Locator expected to be visible\nActual value: None\nError: element(s) not found \nCall log:\n  - Expect \"to_be_visible\" with timeout 10000ms\n  - waiting for locator(\"div.oxd-table-body div.oxd-table-card\").first", "trace": "self = <end_to_end.test_admin.TestAdmin object at 0x00000222CBA18890>\nlogger = <Logger test_08_search_with_username_only[firefox] (INFO)>\nadmin_page = <Page url='https://opensource-demo.orangehrmlive.com/web/index.php/admin/viewSystemUsers'>\n\n    def test_08_search_with_username_only(self, logger, admin_page):\n        # TC08: Search users by username only\n        admin_user = AdminUserPage(admin_page)\n    \n        admin_user.enter_username(\"Admin\")\n        admin_user.click_search()\n>       admin_user.wait_for_search_results()\n\ntests\\end_to_end\\test_admin.py:93: \n_ _ _ _ _ _ _ _ _ _ _ _ _ _ _ _ _ _ _ _ _ _ _ _ _ _ _ _ _ _ _ _ _ _ _ _ _ _ _ _\n\nself = <pages.AdminPage.AdminUserPage object at 0x00000222CD2C7F00>\n\n    def wait_for_search_results(self):\n>       expect(self.results_rows.first).to_be_visible(timeout=10000)\nE       AssertionError: Locator expected to be visible\nE       Actual value: None\nE       Error: element(s) not found \nE       Call log:\nE         - Expect \"to_be_visible\" with timeout 10000ms\nE         - waiting for locator(\"div.oxd-table-body div.oxd-table-card\").first\n\npages\\AdminPage.py:32: AssertionError"}, "attachments": [{"name": "Failure Screenshot", "source": "b451aceb-843f-42a4-ad34-15a8d139edf0-attachment.png", "type": "image/png"}], "parameters": [{"name": "page", "value": "'firefox'"}], "start": 1769714606773, "stop": 1769714616892, "uuid": "609d44f4-4caa-4209-87fd-8d0c4c50f75b", "historyId": "cc4c7e4d27b669d882fd3b4d23d1c4fb", "testCaseId": "28b319dbf45dffe97cea8faddec6b6f0", "fullName": "tests.end_to_end.test_admin.TestAdmin#test_08_search_with_username_only", "labels": [{"name": "parentSuite", "value": "tests.end_to_end"}, {"name": "suite", "value": "test_admin"}, {"name": "subSuite", "value": "TestAdmin"}, {"name": "host", "value": "ASUS-A15"}, {"name": "thread", "value": "32196-MainThread"}, {"name": "framework", "value": "pytest"}, {"name": "language", "value": "cpython3"}, {"name": "package", "value": "tests.end_to_end.test_admin"}], "titlePath": ["tests", "end_to_end", "test_admin.py", "TestAdmin"]}