{"name": "test_widgets_section_visible[chromium]", "status": "failed", "statusDetails": {"message": "AssertionError: Locator expected to be visible\nActual value: None\nError: element(s) not found \nCall log:\n  - Expect \"to_be_visible\" with timeout 5000ms\n  - waiting for locator(\"div.oxd-dashboard-widget\").first", "trace": "self = <tests.end_to_end.test_dashboard.TestDashboard object at 0x0000022A25070F30>\ndashboard_page = <Page url='https://opensource-demo.orangehrmlive.com/web/index.php/admin/viewSystemUsers'>\n\n    def test_widgets_section_visible(self, dashboard_page):\n        dashboard = DashboardPage(dashboard_page)\n>       expect(dashboard.get_widgets().first).to_be_visible()\nE       AssertionError: Locator expected to be visible\nE       Actual value: None\nE       Error: element(s) not found \nE       Call log:\nE         - Expect \"to_be_visible\" with timeout 5000ms\nE         - waiting for locator(\"div.oxd-dashboard-widget\").first\n\ntests\\end_to_end\\test_dashboard.py:48: AssertionError"}, "attachments": [{"name": "Failure Screenshot", "source": "c07d9996-cd08-4acf-a5e3-4647d64224d9-attachment.png", "type": "image/png"}], "parameters": [{"name": "page", "value": "'chromium'"}], "start": 1770117730221, "stop": 1770117735227, "uuid": "d73834bf-6c17-4955-9b6d-02ca78a7751e", "historyId": "48d716ac7cfd7ddf32c79958b3aff0e8", "testCaseId": "25f3e66ad11efec87003c46552278e00", "fullName": "tests.end_to_end.test_dashboard.TestDashboard#test_widgets_section_visible", "labels": [{"name": "parentSuite", "value": "tests.end_to_end"}, {"name": "suite", "value": "test_dashboard"}, {"name": "subSuite", "value": "TestDashboard"}, {"name": "host", "value": "ASUS-A15"}, {"name": "thread", "value": "26672-MainThread"}, {"name": "framework", "value": "pytest"}, {"name": "language", "value": "cpython3"}, {"name": "package", "value": "tests.end_to_end.test_dashboard"}], "titlePath": ["tests", "end_to_end", "test_dashboard.py", "TestDashboard"]}