{"name": "test_login[chromium-@@@@@@-admin123]", "status": "failed", "statusDetails": {"message": "AssertionError: assert (False or False)\n +  where False = get_required_field_message()\n +    where get_required_field_message = <pages.LoginPage.LoginPage object at 0x0000018D8977E0D0>.get_required_field_message\n +  and   False = get_error_message()\n +    where get_error_message = <pages.LoginPage.LoginPage object at 0x0000018D8977E0D0>.get_error_message", "trace": "self = <e2e.test_login.TestLogin object at 0x0000018D88192F10>\npage = <Page url='https://opensource-demo.orangehrmlive.com/web/index.php/auth/login'>\nusername = '@@@@@@', password = 'admin123'\n\n    @pytest.mark.parametrize(\"username,password\", test_data())\n    \n    def test_login(self, page, username, password):\n        login = LoginPage(page)\n        dashboard = DashboardPage(page)\n    \n        login.login(username, password)\n    \n        if username == \"Admin\" and password == \"admin123\":\n            assert dashboard.is_dashboard_visible(), \\\n                f\"Login failed for valid data: {username}/{password}\"\n        else:\n            # assert (\"Required\" in login.get_required_field_message() or \"Invalid\" in login.get_error_message())\n>           assert (login.get_required_field_message() or login.get_error_message())\nE           assert (False or False)\nE            +  where False = get_required_field_message()\nE            +    where get_required_field_message = <pages.LoginPage.LoginPage object at 0x0000018D8977E0D0>.get_required_field_message\nE            +  and   False = get_error_message()\nE            +    where get_error_message = <pages.LoginPage.LoginPage object at 0x0000018D8977E0D0>.get_error_message\n\ntests\\e2e\\test_login.py:21: AssertionError"}, "attachments": [{"name": "Failure Screenshot", "source": "37ec6630-d9e6-468e-ae68-83b53bfac69a-attachment.png", "type": "image/png"}], "parameters": [{"name": "page", "value": "'chromium'"}, {"name": "username", "value": "'@@@@@@'"}, {"name": "password", "value": "'admin123'"}], "start": 1769207891947, "stop": 1769207895306, "uuid": "0a66065b-b48b-442e-8e5f-dc42ba55f94a", "historyId": "3daa3abdee3bd139a26f71bc1d2975cf", "testCaseId": "af9957825c38d625762cf2f75d42c2a0", "fullName": "tests.e2e.test_login.TestLogin#test_login", "labels": [{"name": "parentSuite", "value": "tests.e2e"}, {"name": "suite", "value": "test_login"}, {"name": "subSuite", "value": "TestLogin"}, {"name": "host", "value": "ASUS-A15"}, {"name": "thread", "value": "34628-MainThread"}, {"name": "framework", "value": "pytest"}, {"name": "language", "value": "cpython3"}, {"name": "package", "value": "tests.e2e.test_login"}], "titlePath": ["tests", "e2e", "test_login.py", "TestLogin"]}