{"name": "test_login[chromium-AdminAdmin-admin123-invalid]", "status": "failed", "statusDetails": {"message": "AssertionError: Locator expected to be visible\nActual value: None\nError: element(s) not found \nCall log:\n  - Expect \"to_be_visible\" with timeout 5000ms\n  - waiting for locator(\".oxd-input-field-error-message\").first", "trace": "self = <end_to_end.test_login.TestLogin object at 0x00000194CA0E8050>\npage = <Page url='https://opensource-demo.orangehrmlive.com/web/index.php/auth/login'>\nusername = 'AdminAdmin', password = 'admin123', validity = 'invalid'\nlogger = <Logger test_login[chromium-AdminAdmin-admin123-invalid] (INFO)>\n\n>   ???\nE   AssertionError: Locator expected to be visible\nE   Actual value: None\nE   Error: element(s) not found \nE   Call log:\nE     - Expect \"to_be_visible\" with timeout 5000ms\nE     - waiting for locator(\".oxd-alert-content-text\")\n\nD:\\Piyush_Kasture\\Github\\CDAC_Project\\tests\\e2e\\test_login.py:30: AssertionError\n\nDuring handling of the above exception, another exception occurred:\n\nself = <end_to_end.test_login.TestLogin object at 0x00000194CA0E8050>\npage = <Page url='https://opensource-demo.orangehrmlive.com/web/index.php/auth/login'>\nusername = 'AdminAdmin', password = 'admin123', validity = 'invalid'\nlogger = <Logger test_login[chromium-AdminAdmin-admin123-invalid] (INFO)>\n\n>   ???\nE   AssertionError: Locator expected to be visible\nE   Actual value: None\nE   Error: element(s) not found \nE   Call log:\nE     - Expect \"to_be_visible\" with timeout 5000ms\nE     - waiting for locator(\".oxd-input-field-error-message\").first\n\nD:\\Piyush_Kasture\\Github\\CDAC_Project\\tests\\e2e\\test_login.py:34: AssertionError"}, "attachments": [{"name": "Failure Screenshot", "source": "49508bb7-65bc-4e51-944c-d05070cc5f68-attachment.png", "type": "image/png"}, {"name": "log", "source": "3b33bfb2-b1a3-41ad-b76c-98f3b6fdd15e-attachment.txt", "type": "text/plain"}], "parameters": [{"name": "page", "value": "'chromium'"}, {"name": "username", "value": "'AdminAdmin'"}, {"name": "password", "value": "'admin123'"}, {"name": "validity", "value": "'invalid'"}], "start": 1769509016875, "stop": 1769509063926, "uuid": "6d0b5da8-4103-45bc-b305-1fe440edb9e0", "historyId": "d0b27c9da0f900263baa8831fba2081f", "testCaseId": "cecbd2ace9a5f6a44d6d31d6350b8da6", "fullName": "tests.end_to_end.test_login.TestLogin#test_login", "labels": [{"name": "parentSuite", "value": "tests.end_to_end"}, {"name": "suite", "value": "test_login"}, {"name": "subSuite", "value": "TestLogin"}, {"name": "host", "value": "ASUS-A15"}, {"name": "thread", "value": "13196-MainThread"}, {"name": "framework", "value": "pytest"}, {"name": "language", "value": "cpython3"}, {"name": "package", "value": "tests.end_to_end.test_login"}], "titlePath": ["tests", "end_to_end", "test_login.py", "TestLogin"]}