{"name": "test_emergency_contacts_add_edit_delete[chromium]", "status": "failed", "statusDetails": {"message": "AssertionError: Locator expected to be visible\nActual value: None\nError: element(s) not found \nCall log:\n  - Expect \"to_be_visible\" with timeout 5000ms\n  - waiting for get_by_text(\"Successfully Saved\")", "trace": "self = <tests.end_to_end.test_my_info.TestMyInfo object at 0x000001F6AC0DDE50>\nlogger = <Logger test_emergency_contacts_add_edit_delete[chromium] (INFO)>\nmyinfo_page = <Page url='https://opensource-demo.orangehrmlive.com/web/index.php/pim/viewEmergencyContacts/empNumber/7'>\nget_my_info_data = {'contact': {'email': 'test@gmail.com', 'mobile': '9876543210', 'street1': 'cdac panchavati'}, 'dependent': {'dob': '2...6655', 'edit_name': 'Emergency Contact Updated', 'edit_relationship': 'Sibling', 'home_phone': '9123456789', ...}, ...}\n\n    def test_emergency_contacts_add_edit_delete(self, logger, myinfo_page, get_my_info_data):\n        myinfo = MyInfoPage(myinfo_page)\n        myinfo.open_emergency_contacts()\n        ec = get_my_info_data[\"emergency_contact\"]\n>       myinfo.add_emergency_contact(ec[\"name\"], ec[\"relationship\"], ec[\"home_phone\"])\n\ntests\\end_to_end\\test_my_info.py:27: \n_ _ _ _ _ _ _ _ _ _ _ _ _ _ _ _ _ _ _ _ _ _ _ _ _ _ _ _ _ _ _ _ _ _ _ _ _ _ _ _\n\nself = <pages.MyInfoPage.MyInfoPage object at 0x000001F6AD47DE80>, name = 'One'\nrelationship = 'Brother', home_phone = '9123456789'\n\n    def add_emergency_contact(self, name: str, relationship: str, home_phone: str):\n        self.logger.info(\"Adding emergency contact\")\n    \n        # Click correct Add button (Emergency Contacts section only)\n        self.click_add()\n    \n        # Scope to OrangeHRM drawer/form\n        name_field= (self.page.locator(\"label:has-text('Name')\")\n            .locator(\"xpath=following::input[1]\")\n        )\n        expect(name_field).to_be_visible()\n        name_field.fill(name)\n        # Assert success toast\n>       expect(self.page.get_by_text(\"Successfully Saved\")).to_be_visible()\nE       AssertionError: Locator expected to be visible\nE       Actual value: None\nE       Error: element(s) not found \nE       Call log:\nE         - Expect \"to_be_visible\" with timeout 5000ms\nE         - waiting for get_by_text(\"Successfully Saved\")\n\npages\\MyInfoPage.py:274: AssertionError"}, "attachments": [{"name": "Failure Screenshot", "source": "a6248538-4ca5-4b7a-8bfa-01f2c889ed5e-attachment.png", "type": "image/png"}, {"name": "log", "source": "084ce899-0cbb-49c5-badb-793c55c7561a-attachment.txt", "type": "text/plain"}], "parameters": [{"name": "page", "value": "'chromium'"}], "start": 1770054106790, "stop": 1770054118649, "uuid": "cfd2a05c-7a37-4632-bca6-23ed905e513c", "historyId": "bdac9170c6ec1641120001a99b55d406", "testCaseId": "03f907ef2967baf80311ba59cc246ffd", "fullName": "tests.end_to_end.test_my_info.TestMyInfo#test_emergency_contacts_add_edit_delete", "labels": [{"name": "parentSuite", "value": "tests.end_to_end"}, {"name": "suite", "value": "test_my_info"}, {"name": "subSuite", "value": "TestMyInfo"}, {"name": "host", "value": "ASUS-A15"}, {"name": "thread", "value": "46320-MainThread"}, {"name": "framework", "value": "pytest"}, {"name": "language", "value": "cpython3"}, {"name": "package", "value": "tests.end_to_end.test_my_info"}], "titlePath": ["tests", "end_to_end", "test_my_info.py", "TestMyInfo"]}