{"name": "test_login[chromium--12345]", "status": "failed", "statusDetails": {"message": "AssertionError: Expected error message not shown for invalid login\nassert (False or False)\n +  where False = get_error_message()\n +    where get_error_message = <pages.LoginPage.LoginPage object at 0x00000252A7B63360>.get_error_message\n +  and   False = get_error_message()\n +    where get_error_message = <pages.LoginPage.LoginPage object at 0x00000252A7B63360>.get_error_message", "trace": "self = <e2e.test_login.TestLogin object at 0x00000252A65D4230>\npage = <Page url='https://opensource-demo.orangehrmlive.com/web/index.php/auth/login'>\nusername = '', password = '12345'\n\n    @pytest.mark.parametrize(\"username,password\", test_data())\n    \n    def test_login(self, page, username, password):\n        login = LoginPage(page)\n        dashboard = DashboardPage(page)\n    \n        login.login(username, password)\n    \n        if username == \"Admin\" and password == \"admin123\":\n            assert dashboard.is_dashboard_visible(), \\\n                f\"Login failed for valid data: {username}/{password}\"\n        else:\n>           assert (\n                    login.get_error_message()\n                    or login.get_error_message()\n            ), \"Expected error message not shown for invalid login\"\nE           AssertionError: Expected error message not shown for invalid login\nE           assert (False or False)\nE            +  where False = get_error_message()\nE            +    where get_error_message = <pages.LoginPage.LoginPage object at 0x00000252A7B63360>.get_error_message\nE            +  and   False = get_error_message()\nE            +    where get_error_message = <pages.LoginPage.LoginPage object at 0x00000252A7B63360>.get_error_message\n\ntests\\e2e\\test_login.py:20: AssertionError"}, "attachments": [{"name": "Failure Screenshot", "source": "4d2532ca-826c-4bec-ad97-8c660ec331e7-attachment.png", "type": "image/png"}], "parameters": [{"name": "page", "value": "'chromium'"}, {"name": "username", "value": "''"}, {"name": "password", "value": "'12345'"}], "start": 1769243123839, "stop": 1769243125818, "uuid": "0ee41845-bf70-43e7-aa45-3c8ad500a1b7", "historyId": "9a43d99e229907c1d8fed9a305abf980", "testCaseId": "af9957825c38d625762cf2f75d42c2a0", "fullName": "tests.e2e.test_login.TestLogin#test_login", "labels": [{"name": "parentSuite", "value": "tests.e2e"}, {"name": "suite", "value": "test_login"}, {"name": "subSuite", "value": "TestLogin"}, {"name": "host", "value": "ASUS-A15"}, {"name": "thread", "value": "4208-MainThread"}, {"name": "framework", "value": "pytest"}, {"name": "language", "value": "cpython3"}, {"name": "package", "value": "tests.e2e.test_login"}], "titlePath": ["tests", "e2e", "test_login.py", "TestLogin"]}