{"name": "test_search_by_employee_name[chromium]", "status": "failed", "statusDetails": {"message": "AssertionError: Locator expected to contain text 'Peter Mac Anderson'\nActual value: None\nError: element(s) not found \nCall log:\n  - Expect \"to_contain_text\" with timeout 5000ms\n  - waiting for get_by_role(\"cell\", name=\"Peter Mac Anderson\")", "trace": "self = <tests.end_to_end.test_admin.TestAdmin object at 0x0000013D208043E0>\nlogger = <Logger test_search_by_employee_name[chromium] (INFO)>\nadmin_page = <Page url='https://opensource-demo.orangehrmlive.com/web/index.php/admin/viewSystemUsers'>\n\n    def test_search_by_employee_name(self, logger, admin_page):\n        admin_user = AdminUserPage(admin_page)\n        admin_user.click_reset()\n        admin_user.enter_employee_name(\"Peter Mac Anderson\")\n        admin_user.search_button.click()\n    \n>       expect(admin_user.result_one_row).to_contain_text(\"Peter Mac Anderson\")\nE       AssertionError: Locator expected to contain text 'Peter Mac Anderson'\nE       Actual value: None\nE       Error: element(s) not found \nE       Call log:\nE         - Expect \"to_contain_text\" with timeout 5000ms\nE         - waiting for get_by_role(\"cell\", name=\"Peter Mac Anderson\")\n\ntests\\end_to_end\\test_admin.py:56: AssertionError"}, "attachments": [{"name": "Failure Screenshot", "source": "c6835590-4966-41b2-bea1-ca2dc1d9cf1f-attachment.png", "type": "image/png"}], "parameters": [{"name": "page", "value": "'chromium'"}], "start": 1769980429271, "stop": 1769980436185, "uuid": "21cc3359-53b4-4d4a-b83b-cdb982c4010f", "historyId": "5c9d49180c74159709a86dafb6a70b1d", "testCaseId": "b313dbe9afbcc31f28d535408e4ef378", "fullName": "tests.end_to_end.test_admin.TestAdmin#test_search_by_employee_name", "labels": [{"name": "parentSuite", "value": "tests.end_to_end"}, {"name": "suite", "value": "test_admin"}, {"name": "subSuite", "value": "TestAdmin"}, {"name": "host", "value": "ASUS-A15"}, {"name": "thread", "value": "13284-MainThread"}, {"name": "framework", "value": "pytest"}, {"name": "language", "value": "cpython3"}, {"name": "package", "value": "tests.end_to_end.test_admin"}], "titlePath": ["tests", "end_to_end", "test_admin.py", "TestAdmin"]}