{"name": "test_at_least_one_widget_present[chromium]", "status": "failed", "statusDetails": {"message": "AssertionError: assert 0 > 0\n +  where 0 = count()\n +    where count = <Locator frame=<Frame name= url='https://opensource-demo.orangehrmlive.com/web/index.php/dashboard/index'> selector='div.oxd-dashboard-widget'>.count\n +      where <Locator frame=<Frame name= url='https://opensource-demo.orangehrmlive.com/web/index.php/dashboard/index'> selector='div.oxd-dashboard-widget'> = get_widgets()\n +        where get_widgets = <pages.DashboardPage.DashboardPage object at 0x000001B93EEF1B80>.get_widgets", "trace": "self = <end_to_end.test_dashboard.TestDashboard object at 0x000001B93D4D3240>\npage = <Page url='https://opensource-demo.orangehrmlive.com/web/index.php/dashboard/index'>\n\n    def test_at_least_one_widget_present(self, page):\n        dashboard = DashboardPage(page)\n>       assert dashboard.get_widgets().count() > 0\nE       AssertionError: assert 0 > 0\nE        +  where 0 = count()\nE        +    where count = <Locator frame=<Frame name= url='https://opensource-demo.orangehrmlive.com/web/index.php/dashboard/index'> selector='div.oxd-dashboard-widget'>.count\nE        +      where <Locator frame=<Frame name= url='https://opensource-demo.orangehrmlive.com/web/index.php/dashboard/index'> selector='div.oxd-dashboard-widget'> = get_widgets()\nE        +        where get_widgets = <pages.DashboardPage.DashboardPage object at 0x000001B93EEF1B80>.get_widgets\n\ntests\\end_to_end\\test_dashboard.py:59: AssertionError"}, "attachments": [{"name": "Failure Screenshot", "source": "3de772bb-06c8-4cee-b75b-efc70773c3ab-attachment.png", "type": "image/png"}, {"name": "log", "source": "0e9cbb23-1c4e-4831-af81-08b981cc6642-attachment.txt", "type": "text/plain"}], "parameters": [{"name": "page", "value": "'chromium'"}], "start": 1769686557632, "stop": 1769686557639, "uuid": "a4aa447b-a7c4-41b6-aece-7e33f6dd51e6", "historyId": "8cf2f78e4798688bda07d47dedf4cd49", "testCaseId": "42706c1ca07ca2cff5534c5635b0cef5", "fullName": "tests.end_to_end.test_dashboard.TestDashboard#test_at_least_one_widget_present", "labels": [{"name": "parentSuite", "value": "tests.end_to_end"}, {"name": "suite", "value": "test_dashboard"}, {"name": "subSuite", "value": "TestDashboard"}, {"name": "host", "value": "ASUS-A15"}, {"name": "thread", "value": "31092-MainThread"}, {"name": "framework", "value": "pytest"}, {"name": "language", "value": "cpython3"}, {"name": "package", "value": "tests.end_to_end.test_dashboard"}], "titlePath": ["tests", "end_to_end", "test_dashboard.py", "TestDashboard"]}