{"name": "test_login[chromium---invalid]", "status": "failed", "statusDetails": {"message": "AssertionError: Locator expected to be visible\nActual value: None\nError: strict mode violation: locator(\".oxd-input-field-error-message\") resolved to 2 elements:\n    1) <span data-v-7b563373=\"\" data-v-957b4417=\"\" class=\"oxd-text oxd-text--span oxd-input-field-error-message oxd-input-group__message\">Required</span> aka get_by_text(\"Required\").first\n    2) <span data-v-7b563373=\"\" data-v-957b4417=\"\" class=\"oxd-text oxd-text--span oxd-input-field-error-message oxd-input-group__message\">Required</span> aka get_by_text(\"Required\").nth(1)\n \nCall log:\n  - Expect \"to_be_visible\" with timeout 5000ms\n  - waiting for locator(\".oxd-input-field-error-message\")", "trace": "self = <e2e.test_login.TestLogin object at 0x000002B632ECE510>\npage = <Page url='https://opensource-demo.orangehrmlive.com/web/index.php/auth/login'>\nusername = '', password = '', validity = 'invalid'\nlogger = <Logger test_login[chromium---invalid] (INFO)>\n\n    @pytest.mark.parametrize(\"username,password,validity\", data())\n    \n    def test_login(self, page, username, password, validity,logger):\n        login = LoginPage(page, logger)\n        dashboard = DashboardPage(page)\n    \n        login.login(username, password)\n    \n        if validity==\"valid\":\n            logger.info(\"Successfully logged in\")\n            assert dashboard.is_dashboard_visible()\n        else:\n            try:\n                logger.info(\"Getting error message, Invalid credentials\")\n>               expect(login.get_error_message()).to_be_visible()\nE               AssertionError: Locator expected to be visible\nE               Actual value: None\nE               Error: element(s) not found \nE               Call log:\nE                 - Expect \"to_be_visible\" with timeout 5000ms\nE                 - waiting for locator(\".oxd-alert-content-text\")\n\ntests\\e2e\\test_login.py:24: AssertionError\n\nDuring handling of the above exception, another exception occurred:\n\nself = <e2e.test_login.TestLogin object at 0x000002B632ECE510>\npage = <Page url='https://opensource-demo.orangehrmlive.com/web/index.php/auth/login'>\nusername = '', password = '', validity = 'invalid'\nlogger = <Logger test_login[chromium---invalid] (INFO)>\n\n    @pytest.mark.parametrize(\"username,password,validity\", data())\n    \n    def test_login(self, page, username, password, validity,logger):\n        login = LoginPage(page, logger)\n        dashboard = DashboardPage(page)\n    \n        login.login(username, password)\n    \n        if validity==\"valid\":\n            logger.info(\"Successfully logged in\")\n            assert dashboard.is_dashboard_visible()\n        else:\n            try:\n                logger.info(\"Getting error message, Invalid credentials\")\n                expect(login.get_error_message()).to_be_visible()\n            except AssertionError:\n                # If not invalid, then it must be required\n                logger.info(\"Getting validation message, Required \")\n>               expect(login.get_required_field_message()).to_be_visible()\nE               AssertionError: Locator expected to be visible\nE               Actual value: None\nE               Error: strict mode violation: locator(\".oxd-input-field-error-message\") resolved to 2 elements:\nE                   1) <span data-v-7b563373=\"\" data-v-957b4417=\"\" class=\"oxd-text oxd-text--span oxd-input-field-error-message oxd-input-group__message\">Required</span> aka get_by_text(\"Required\").first\nE                   2) <span data-v-7b563373=\"\" data-v-957b4417=\"\" class=\"oxd-text oxd-text--span oxd-input-field-error-message oxd-input-group__message\">Required</span> aka get_by_text(\"Required\").nth(1)\nE                \nE               Call log:\nE                 - Expect \"to_be_visible\" with timeout 5000ms\nE                 - waiting for locator(\".oxd-input-field-error-message\")\n\ntests\\e2e\\test_login.py:28: AssertionError"}, "attachments": [{"name": "Failure Screenshot", "source": "c73807c8-59ac-44d8-818c-2667a0339934-attachment.png", "type": "image/png"}, {"name": "log", "source": "febfa6f9-6617-4a3e-bf90-fe376419bc1f-attachment.txt", "type": "text/plain"}], "parameters": [{"name": "page", "value": "'chromium'"}, {"name": "username", "value": "''"}, {"name": "password", "value": "''"}, {"name": "validity", "value": "'invalid'"}], "start": 1769280903763, "stop": 1769280909821, "uuid": "33b41cbe-0f2b-4e5e-9c61-b1417cab8204", "historyId": "1f2c2a5e6b5b786268e5cc56c832f7e3", "testCaseId": "af9957825c38d625762cf2f75d42c2a0", "fullName": "tests.e2e.test_login.TestLogin#test_login", "labels": [{"name": "parentSuite", "value": "tests.e2e"}, {"name": "suite", "value": "test_login"}, {"name": "subSuite", "value": "TestLogin"}, {"name": "host", "value": "ASUS-A15"}, {"name": "thread", "value": "14676-MainThread"}, {"name": "framework", "value": "pytest"}, {"name": "language", "value": "cpython3"}, {"name": "package", "value": "tests.e2e.test_login"}], "titlePath": ["tests", "e2e", "test_login.py", "TestLogin"]}