{"name": "test_login[chromium-Admin-*****-invalid]", "status": "failed", "statusDetails": {"message": "AssertionError: Locator expected to be visible\nActual value: None\nError: element(s) not found \nCall log:\n  - Expect \"to_be_visible\" with timeout 5000ms\n  - waiting for locator(\".oxd-input-field-error-message\").first", "trace": "self = <end_to_end.test_login.TestLogin object at 0x00000252E806F100>\npage = <Page url='https://opensource-demo.orangehrmlive.com/web/index.php/auth/login'>\nusername = 'Admin', password = '*****', validity = 'invalid'\nlogger = <Logger test_login[chromium-Admin-*****-invalid] (INFO)>\n\n    @pytest.mark.parametrize(\"username,password,validity\", data())\n    \n    def test_login(self, page, username, password, validity,logger):\n        # Initialize page objects for login and dashboard pages\n        login = LoginPage(page, logger)\n        dashboard = DashboardPage(page)\n    \n        # Perform login with the provided credentials\n        login.login(username, password)\n    \n        # Verify login results based on credential validity\n        if validity==\"valid\":\n            # Valid credentials should successfully log in and show dashboard\n            logger.info(\"Successfully logged in\")\n            expect(dashboard.is_dashboard_visible()).to_be_visible()\n        else:\n            # Invalid credentials should show error or validation message\n            try:\n                # Check for invalid credentials error message\n                logger.info(\"Getting error message, Invalid credentials\")\n>               expect(login.get_error_message().first).to_be_visible()\nE               AssertionError: Locator expected to be visible\nE               Actual value: None \nE               Call log:\nE                 - Expect \"to_be_visible\" with timeout 5000ms\nE                 - waiting for locator(\".oxd-alert-content-text\").first\n\ntests\\end_to_end\\test_login.py:30: AssertionError\n\nDuring handling of the above exception, another exception occurred:\n\nself = <end_to_end.test_login.TestLogin object at 0x00000252E806F100>\npage = <Page url='https://opensource-demo.orangehrmlive.com/web/index.php/auth/login'>\nusername = 'Admin', password = '*****', validity = 'invalid'\nlogger = <Logger test_login[chromium-Admin-*****-invalid] (INFO)>\n\n    @pytest.mark.parametrize(\"username,password,validity\", data())\n    \n    def test_login(self, page, username, password, validity,logger):\n        # Initialize page objects for login and dashboard pages\n        login = LoginPage(page, logger)\n        dashboard = DashboardPage(page)\n    \n        # Perform login with the provided credentials\n        login.login(username, password)\n    \n        # Verify login results based on credential validity\n        if validity==\"valid\":\n            # Valid credentials should successfully log in and show dashboard\n            logger.info(\"Successfully logged in\")\n            expect(dashboard.is_dashboard_visible()).to_be_visible()\n        else:\n            # Invalid credentials should show error or validation message\n            try:\n                # Check for invalid credentials error message\n                logger.info(\"Getting error message, Invalid credentials\")\n                expect(login.get_error_message().first).to_be_visible()\n            except AssertionError:\n                # Check for required field validation message\n                logger.info(\"Getting validation message, Required \")\n>               expect(login.get_required_field_message()).to_be_visible()\nE               AssertionError: Locator expected to be visible\nE               Actual value: None\nE               Error: element(s) not found \nE               Call log:\nE                 - Expect \"to_be_visible\" with timeout 5000ms\nE                 - waiting for locator(\".oxd-input-field-error-message\").first\n\ntests\\end_to_end\\test_login.py:34: AssertionError"}, "attachments": [{"name": "Failure Screenshot", "source": "5d75521e-3d72-467e-ade2-c2d383f2f090-attachment.png", "type": "image/png"}, {"name": "log", "source": "665cd981-720d-477c-a108-0712c06a2ac6-attachment.txt", "type": "text/plain"}], "parameters": [{"name": "page", "value": "'chromium'"}, {"name": "username", "value": "'Admin'"}, {"name": "password", "value": "'*****'"}, {"name": "validity", "value": "'invalid'"}], "start": 1769680818058, "stop": 1769680835487, "uuid": "7e949bc1-124c-4d3c-89ee-e096cd04ca46", "historyId": "61b85651204bdfb79520039c175f5a5f", "testCaseId": "cecbd2ace9a5f6a44d6d31d6350b8da6", "fullName": "tests.end_to_end.test_login.TestLogin#test_login", "labels": [{"name": "parentSuite", "value": "tests.end_to_end"}, {"name": "suite", "value": "test_login"}, {"name": "subSuite", "value": "TestLogin"}, {"name": "host", "value": "ASUS-A15"}, {"name": "thread", "value": "23304-MainThread"}, {"name": "framework", "value": "pytest"}, {"name": "language", "value": "cpython3"}, {"name": "package", "value": "tests.end_to_end.test_login"}], "titlePath": ["tests", "end_to_end", "test_login.py", "TestLogin"]}