{"name": "test_search_by_employee_name[chromium]", "status": "failed", "statusDetails": {"message": "AssertionError: Locator expected to contain text 'Peter Mac Anderson'\nActual value: None\nError: element(s) not found \nCall log:\n  - Expect \"to_contain_text\" with timeout 5000ms\n  - waiting for get_by_role(\"cell\", name=\"Peter Mac Anderson\")", "trace": "self = <tests.end_to_end.test_admin.TestAdmin object at 0x00000248379E4180>\nlogger = <Logger test_search_by_employee_name[chromium] (INFO)>\nadmin_page = <Page url='https://opensource-demo.orangehrmlive.com/web/index.php/admin/viewSystemUsers'>\n\n    def test_search_by_employee_name(self, logger, admin_page):\n        admin_user = AdminUserPage(admin_page)\n        admin_user.click_reset()\n        admin_user.enter_employee_name(\"Peter Mac Anderson\")\n        admin_user.search_button.click()\n    \n>       expect(admin_user.result_one_row).to_contain_text(\"Peter Mac Anderson\")\nE       AssertionError: Locator expected to contain text 'Peter Mac Anderson'\nE       Actual value: None\nE       Error: element(s) not found \nE       Call log:\nE         - Expect \"to_contain_text\" with timeout 5000ms\nE         - waiting for get_by_role(\"cell\", name=\"Peter Mac Anderson\")\n\ntests\\end_to_end\\test_admin.py:56: AssertionError"}, "attachments": [{"name": "Failure Screenshot", "source": "0729f595-6704-4ca5-a4e7-4d5791d4a115-attachment.png", "type": "image/png"}, {"name": "log", "source": "3c01d574-97bf-446d-b400-2faf58c22019-attachment.txt", "type": "text/plain"}], "parameters": [{"name": "page", "value": "'chromium'"}], "start": 1769980528362, "stop": 1769980535285, "uuid": "8d4af5b7-e841-41ca-90a9-707b543a6fee", "historyId": "5c9d49180c74159709a86dafb6a70b1d", "testCaseId": "b313dbe9afbcc31f28d535408e4ef378", "fullName": "tests.end_to_end.test_admin.TestAdmin#test_search_by_employee_name", "labels": [{"name": "parentSuite", "value": "tests.end_to_end"}, {"name": "suite", "value": "test_admin"}, {"name": "subSuite", "value": "TestAdmin"}, {"name": "host", "value": "ASUS-A15"}, {"name": "thread", "value": "44680-MainThread"}, {"name": "framework", "value": "pytest"}, {"name": "language", "value": "cpython3"}, {"name": "package", "value": "tests.end_to_end.test_admin"}], "titlePath": ["tests", "end_to_end", "test_admin.py", "TestAdmin"]}