{"name": "test_search_by_status[chromium]", "status": "failed", "statusDetails": {"message": "AssertionError: assert 0 > 0\n +  where 0 = count()\n +    where count = <Locator frame=<Frame name= url='https://opensource-demo.orangehrmlive.com/web/index.php/admin/viewSystemUsers'> selector='div.oxd-table-body div.oxd-table-card'>.count", "trace": "self = <tests.end_to_end.test_admin.TestAdmin object at 0x000002844C839370>\nlogger = <Logger test_search_by_status[chromium] (INFO)>\nadmin_page = <Page url='https://opensource-demo.orangehrmlive.com/web/index.php/admin/viewSystemUsers'>\n\n    def test_search_by_status(self, logger, admin_page):\n        admin_user = AdminUserPage(admin_page)\n        admin_user.clear_employee_name()\n        admin_user.select_status(\"Enabled\")\n        admin_user.search_button.click()\n    \n        rows = admin_user.results_rows\n>       assert rows.count() > 0\nE       AssertionError: assert 0 > 0\nE        +  where 0 = count()\nE        +    where count = <Locator frame=<Frame name= url='https://opensource-demo.orangehrmlive.com/web/index.php/admin/viewSystemUsers'> selector='div.oxd-table-body div.oxd-table-card'>.count\n\ntests\\end_to_end\\test_admin.py:67: AssertionError"}, "attachments": [{"name": "Failure Screenshot", "source": "020f8082-7701-48d4-b9a9-733a8d7d3831-attachment.png", "type": "image/png"}], "parameters": [{"name": "page", "value": "'chromium'"}], "start": 1769982219077, "stop": 1769982219155, "uuid": "8f380632-8ac7-4f1b-8e50-a77dcdddedcc", "historyId": "256e0bbb99de26fec1557f7938b25c6f", "testCaseId": "db20814cb9f35b7f9b23f2560fd097a2", "fullName": "tests.end_to_end.test_admin.TestAdmin#test_search_by_status", "labels": [{"name": "parentSuite", "value": "tests.end_to_end"}, {"name": "suite", "value": "test_admin"}, {"name": "subSuite", "value": "TestAdmin"}, {"name": "host", "value": "ASUS-A15"}, {"name": "thread", "value": "28364-MainThread"}, {"name": "framework", "value": "pytest"}, {"name": "language", "value": "cpython3"}, {"name": "package", "value": "tests.end_to_end.test_admin"}], "titlePath": ["tests", "end_to_end", "test_admin.py", "TestAdmin"]}