{"name": "test_submitting_empty_buzz_post[chromium]", "status": "failed", "statusDetails": {"message": "AssertionError: Locator expected to have count '0'\nActual value: 1 \nCall log:\n  - Expect \"to_have_count\" with timeout 5000ms\n  - waiting for locator(\".orangehrm-buzz-post-body-text, .oxd-buzz-post-body-text\").first\n    9 × locator resolved to 1 element\n      - unexpected value \"1\"", "trace": "self = <tests.end_to_end.test_buzz.TestBuzz object at 0x000002864370BE10>\nbuzz_page = <Page url='https://opensource-demo.orangehrmlive.com/web/index.php/buzz/viewBuzz'>\n\n    def test_submitting_empty_buzz_post(self, buzz_page):\n        buzz = BuzzPage(buzz_page)\n        buzz.create_buzz_post_with_empty()\n    \n>       expect(buzz.is_post_visible_for_max_characters()).to_have_count(0)\nE       AssertionError: Locator expected to have count '0'\nE       Actual value: 1 \nE       Call log:\nE         - Expect \"to_have_count\" with timeout 5000ms\nE         - waiting for locator(\".orangehrm-buzz-post-body-text, .oxd-buzz-post-body-text\").first\nE           9 × locator resolved to 1 element\nE             - unexpected value \"1\"\n\ntests\\end_to_end\\test_buzz.py:28: AssertionError"}, "attachments": [{"name": "Failure Screenshot", "source": "8577ebe9-22fa-4e1f-8943-9b620e5867ec-attachment.png", "type": "image/png"}], "parameters": [{"name": "page", "value": "'chromium'"}], "start": 1770100162447, "stop": 1770100167538, "uuid": "9cd7a003-2a32-4f07-85c5-fe4a8058fc1b", "historyId": "ac8a1428143d22208894bb2b0d34312a", "testCaseId": "5e7bc3d1a0ecfd67887e45febc2d1d29", "fullName": "tests.end_to_end.test_buzz.TestBuzz#test_submitting_empty_buzz_post", "labels": [{"name": "parentSuite", "value": "tests.end_to_end"}, {"name": "suite", "value": "test_buzz"}, {"name": "subSuite", "value": "TestBuzz"}, {"name": "host", "value": "ASUS-A15"}, {"name": "thread", "value": "53396-MainThread"}, {"name": "framework", "value": "pytest"}, {"name": "language", "value": "cpython3"}, {"name": "package", "value": "tests.end_to_end.test_buzz"}], "titlePath": ["tests", "end_to_end", "test_buzz.py", "TestBuzz"]}