{"name": "test_add_employee_end_to_end[chromium]", "status": "failed", "statusDetails": {"message": "AssertionError: Locator expected to be visible\nActual value: None\nError: element(s) not found \nCall log:\n  - Expect \"to_be_visible\" with timeout 5000ms\n  - waiting for get_by_label(\"Employee Id\")", "trace": "self = <tests.end_to_end.test_pim.TestPIM object at 0x000001FA242BDA90>\nlogger = <Logger test_add_employee_end_to_end[chromium] (INFO)>\npim_page = <Page url='https://opensource-demo.orangehrmlive.com/web/index.php/pim/addEmployee'>\n\n    def test_add_employee_end_to_end(self, logger, pim_page):\n        pim = PimPage(pim_page)\n>       pim.add_employee_end_to_end()\n\ntests\\end_to_end\\test_pim.py:17: \n_ _ _ _ _ _ _ _ _ _ _ _ _ _ _ _ _ _ _ _ _ _ _ _ _ _ _ _ _ _ _ _ _ _ _ _ _ _ _ _\n\nself = <pages.PIMPage.PimPage object at 0x000001FA24420CD0>\n\n    def add_employee_end_to_end(self):\n        # -------- Employee List page --------\n    \n        # Click + Add button\n        add_btn = self.page.get_by_role(\"button\", name=\"Add\")\n        expect(add_btn).to_be_visible()\n        add_btn.click()\n    \n        # -------- Add Employee page --------\n    \n        # Verify Add Employee page opened\n        expect(\n            self.page.get_by_role(\"heading\", name=\"Add Employee\")\n        ).to_be_visible()\n    \n        # Fill Employee Full Name\n        first_name = self.page.get_by_placeholder(\"First Name\")\n        middle_name = self.page.get_by_placeholder(\"Middle Name\")\n        last_name = self.page.get_by_placeholder(\"Last Name\")\n    \n        expect(first_name).to_be_visible()\n        expect(last_name).to_be_visible()\n    \n        first_name.fill(\"Piyush\")\n        middle_name.fill(\"K\")\n        last_name.fill(\"Automation\")\n    \n        # Verify Employee Id is present\n        employee_id = self.page.get_by_label(\"Employee Id\")\n>       expect(employee_id).to_be_visible()\nE       AssertionError: Locator expected to be visible\nE       Actual value: None\nE       Error: element(s) not found \nE       Call log:\nE         - Expect \"to_be_visible\" with timeout 5000ms\nE         - waiting for get_by_label(\"Employee Id\")\n\npages\\PIMPage.py:137: AssertionError"}, "attachments": [{"name": "Failure Screenshot", "source": "3fa82234-4721-4768-9193-ddd6a5b1cc72-attachment.png", "type": "image/png"}], "parameters": [{"name": "page", "value": "'chromium'"}], "start": 1770110527602, "stop": 1770110538712, "uuid": "f46230ab-dc7c-4e70-b83c-ee96e2828049", "historyId": "5c186b21698fb83f7a210ea9b457a48b", "testCaseId": "a6ba9ce1dbbd3fefbde8ab02efb152a0", "fullName": "tests.end_to_end.test_pim.TestPIM#test_add_employee_end_to_end", "labels": [{"name": "parentSuite", "value": "tests.end_to_end"}, {"name": "suite", "value": "test_pim"}, {"name": "subSuite", "value": "TestPIM"}, {"name": "host", "value": "ASUS-A15"}, {"name": "thread", "value": "37356-MainThread"}, {"name": "framework", "value": "pytest"}, {"name": "language", "value": "cpython3"}, {"name": "package", "value": "tests.end_to_end.test_pim"}], "titlePath": ["tests", "end_to_end", "test_pim.py", "TestPIM"]}