{"name": "test_liking_a_buzz_post[chromium]", "status": "failed", "statusDetails": {"message": "AssertionError: Locator expected to be visible\nActual value: None\nError: element(s) not found \nCall log:\n  - Expect \"to_be_visible\" with timeout 5000ms\n  - waiting for locator(\".oxd-buzz-post\").first.locator(\"button:has(svg)\")", "trace": "self = <tests.end_to_end.test_buzz.TestBuzz object at 0x0000028643723DF0>\nbuzz_page = <Page url='https://opensource-demo.orangehrmlive.com/web/index.php/buzz/viewBuzz'>\n\n    def test_liking_a_buzz_post(self, buzz_page):\n        buzz = BuzzPage(buzz_page)\n>       buzz.like_first_post()\n\ntests\\end_to_end\\test_buzz.py:57: \n_ _ _ _ _ _ _ _ _ _ _ _ _ _ _ _ _ _ _ _ _ _ _ _ _ _ _ _ _ _ _ _ _ _ _ _ _ _ _ _\n\nself = <pages.BuzzPage.BuzzPage object at 0x0000028644D4DFD0>\n\n    def like_first_post(self):\n        btn = self.like_button_first_post()\n>       expect(btn).to_be_visible()\nE       AssertionError: Locator expected to be visible\nE       Actual value: None\nE       Error: element(s) not found \nE       Call log:\nE         - Expect \"to_be_visible\" with timeout 5000ms\nE         - waiting for locator(\".oxd-buzz-post\").first.locator(\"button:has(svg)\")\n\npages\\BuzzPage.py:129: AssertionError"}, "attachments": [{"name": "Failure Screenshot", "source": "fabadbd6-9d69-4f3d-bb95-c448f83f6a9f-attachment.png", "type": "image/png"}, {"name": "log", "source": "c2620d8b-cf1a-4b0a-bdc8-fbfb6f720932-attachment.txt", "type": "text/plain"}], "parameters": [{"name": "page", "value": "'chromium'"}], "start": 1770100167804, "stop": 1770100172818, "uuid": "faab387b-2e56-444f-aba7-52d0d540d64a", "historyId": "50781a89f524e20f41bdb16af6301d36", "testCaseId": "e840094be669efca3102acaf8576b13c", "fullName": "tests.end_to_end.test_buzz.TestBuzz#test_liking_a_buzz_post", "labels": [{"name": "parentSuite", "value": "tests.end_to_end"}, {"name": "suite", "value": "test_buzz"}, {"name": "subSuite", "value": "TestBuzz"}, {"name": "host", "value": "ASUS-A15"}, {"name": "thread", "value": "53396-MainThread"}, {"name": "framework", "value": "pytest"}, {"name": "language", "value": "cpython3"}, {"name": "package", "value": "tests.end_to_end.test_buzz"}], "titlePath": ["tests", "end_to_end", "test_buzz.py", "TestBuzz"]}