{"name": "test_navigate_to_leave_page[chromium]", "status": "failed", "statusDetails": {"message": "AssertionError: Leave page did not load successfully\nassert False\n +  where False = is_leave_page_loaded()\n +    where is_leave_page_loaded = <pages.LeavePage.LeavePage object at 0x0000027353268AD0>.is_leave_page_loaded", "trace": "self = <e2e.test_leave.TestLeave object at 0x0000027352E35950>\n\n    def test_navigate_to_leave_page(self):\n        login = LoginPage(self.page)\n        dashboard = DashboardPage(self.page)\n        leave = LeavePage(self.page)\n    \n        login.login(\"Admin\", \"admin123\")\n        dashboard.go_to_leave()\n    \n>       assert leave.is_leave_page_loaded(), \\\n            \"Leave page did not load successfully\"\nE       AssertionError: Leave page did not load successfully\nE       assert False\nE        +  where False = is_leave_page_loaded()\nE        +    where is_leave_page_loaded = <pages.LeavePage.LeavePage object at 0x0000027353268AD0>.is_leave_page_loaded\n\ntests\\e2e\\test_leave.py:17: AssertionError"}, "parameters": [{"name": "setup_and_teardown", "value": "'chromium'"}], "start": 1769030022146, "stop": 1769030027456, "uuid": "36aade08-1d94-4dd5-bcbb-d269729b0f77", "historyId": "efdc48fbf1cda527d4952ddf8d007575", "testCaseId": "062cf3bb8ebd0ea108bd58358fc84aad", "fullName": "tests.e2e.test_leave.TestLeave#test_navigate_to_leave_page", "labels": [{"name": "parentSuite", "value": "tests.e2e"}, {"name": "suite", "value": "test_leave"}, {"name": "subSuite", "value": "TestLeave"}, {"name": "host", "value": "ASUS-A15"}, {"name": "thread", "value": "10380-MainThread"}, {"name": "framework", "value": "pytest"}, {"name": "language", "value": "cpython3"}, {"name": "package", "value": "tests.e2e.test_leave"}], "titlePath": ["tests", "e2e", "test_leave.py", "TestLeave"]}