{"name": "test_recruitment_candidates_page[chromium]", "status": "failed", "statusDetails": {"message": "AssertionError: Locator expected to be visible\nActual value: None\nError: element(s) not found \nCall log:\n  - Expect \"to_be_visible\" with timeout 5000ms\n  - waiting for get_by_placeholder(\"Enter comma separated words...\")", "trace": "self = <tests.end_to_end.test_recruitment.TestRecruitment object at 0x0000018A3777DBD0>\nlogger = <Logger test_recruitment_candidates_page[chromium] (INFO)>\nrecruitment_page = <pages.RecruitmentPage.RecruitmentPage object at 0x0000018A37B46120>\n\n    def test_recruitment_candidates_page(self, logger, recruitment_page):\n        recruitment_page = RecruitmentPage(recruitment_page)\n    \n        # Verify candidates search form\n>       recruitment_page.verify_candidates_page()\n\ntests\\end_to_end\\test_recruitment.py:11: \n_ _ _ _ _ _ _ _ _ _ _ _ _ _ _ _ _ _ _ _ _ _ _ _ _ _ _ _ _ _ _ _ _ _ _ _ _ _ _ _\n\nself = <pages.RecruitmentPage.RecruitmentPage object at 0x0000018A37B46120>\n\n    def verify_candidates_page(self):\n        # Heading\n        expect(\n            self.page.get_by_role(\"heading\", name=\"Candidates\")\n        ).to_be_visible()\n    \n        # Dropdowns\n        expect(self.page.get_by_text(\"-- Select --\").nth(0)).to_be_visible()  # Job Title\n        expect(self.page.get_by_text(\"-- Select --\").nth(1)).to_be_visible()  # Vacancy\n        expect(self.page.get_by_text(\"-- Select --\").nth(2)).to_be_visible()  # Hiring Manager\n        expect(self.page.get_by_text(\"-- Select --\").nth(3)).to_be_visible()  # Status\n    \n        # Inputs\n        expect(\n            self.page.get_by_placeholder(\"Type for hints...\")\n        ).to_be_visible()  # Candidate Name\n    \n        expect(\n            self.page.get_by_placeholder(\"Enter comma separated words...\")\n>       ).to_be_visible()  # Keywords\n          ^^^^^^^^^^^^^^^\nE       AssertionError: Locator expected to be visible\nE       Actual value: None\nE       Error: element(s) not found \nE       Call log:\nE         - Expect \"to_be_visible\" with timeout 5000ms\nE         - waiting for get_by_placeholder(\"Enter comma separated words...\")\n\npages\\RecruitmentPage.py:30: AssertionError"}, "attachments": [{"name": "Failure Screenshot", "source": "a2d5018a-52b7-4158-8f2d-a4768a155c3e-attachment.png", "type": "image/png"}], "parameters": [{"name": "page", "value": "'chromium'"}], "start": 1770111732844, "stop": 1770111740805, "uuid": "bbae1d68-8ed2-4e4e-9cd0-5b9abc983286", "historyId": "823f6e6c3f05e843d06fd4e8e210dc7a", "testCaseId": "b0002bfb13f0c0e1cdbe8a1ddef221e4", "fullName": "tests.end_to_end.test_recruitment.TestRecruitment#test_recruitment_candidates_page", "labels": [{"name": "parentSuite", "value": "tests.end_to_end"}, {"name": "suite", "value": "test_recruitment"}, {"name": "subSuite", "value": "TestRecruitment"}, {"name": "host", "value": "ASUS-A15"}, {"name": "thread", "value": "47340-MainThread"}, {"name": "framework", "value": "pytest"}, {"name": "language", "value": "cpython3"}, {"name": "package", "value": "tests.end_to_end.test_recruitment"}], "titlePath": ["tests", "end_to_end", "test_recruitment.py", "TestRecruitment"]}