{"name": "test_creating_text_only_buzz_post[chromium]", "status": "failed", "statusDetails": {"message": "AssertionError: Locator expected to be visible\nActual value: None\nError: element(s) not found \nCall log:\n  - Expect \"to_be_visible\" with timeout 5000ms\n  - waiting for locator(\".orangehrm-buzz-post-body-text, .oxd-buzz-post-body-text\").filter(has_text=\"Hi, my name is Automation\").first", "trace": "self = <tests.end_to_end.test_buzz.TestBuzz object at 0x00000286282BD810>\nlogger = <Logger test_creating_text_only_buzz_post (INFO)>\nbuzz_page = <Page url='https://opensource-demo.orangehrmlive.com/web/index.php/buzz/viewBuzz'>\n\n    def test_creating_text_only_buzz_post(self,logger, buzz_page):\n        # Test: Create a text-only buzz post and verify visibility\n        logger = get_logger(\"test_creating_text_only_buzz_post\")\n        buzz = BuzzPage(buzz_page)\n        logger.info(\"Creating text-only buzz post\")\n        buzz.create_text_post()\n        logger.info(\"Verifying text post visibility\")\n>       expect(buzz.is_post_text_visible(\"Hi, my name is Automation\")).to_be_visible()\nE       AssertionError: Locator expected to be visible\nE       Actual value: None\nE       Error: element(s) not found \nE       Call log:\nE         - Expect \"to_be_visible\" with timeout 5000ms\nE         - waiting for locator(\".orangehrm-buzz-post-body-text, .oxd-buzz-post-body-text\").filter(has_text=\"Hi, my name is Automation\").first\n\ntests\\end_to_end\\test_buzz.py:24: AssertionError"}, "attachments": [{"name": "Failure Screenshot", "source": "9b9ecc6a-4160-4270-bf86-37deb27bd461-attachment.png", "type": "image/png"}], "parameters": [{"name": "page", "value": "'chromium'"}], "start": 1770110021965, "stop": 1770110029389, "uuid": "61613cb0-010b-4e0e-a42a-a42506b4421c", "historyId": "0458040cdf1515c5ddce4fdf7e48f6e8", "testCaseId": "b5327859a4bd955efd5cf796e6578dee", "fullName": "tests.end_to_end.test_buzz.TestBuzz#test_creating_text_only_buzz_post", "labels": [{"name": "parentSuite", "value": "tests.end_to_end"}, {"name": "suite", "value": "test_buzz"}, {"name": "subSuite", "value": "TestBuzz"}, {"name": "host", "value": "ASUS-A15"}, {"name": "thread", "value": "44392-MainThread"}, {"name": "framework", "value": "pytest"}, {"name": "language", "value": "cpython3"}, {"name": "package", "value": "tests.end_to_end.test_buzz"}], "titlePath": ["tests", "end_to_end", "test_buzz.py", "TestBuzz"]}