{"name": "test_login[chromium-Admin-12345-invalid]", "status": "failed", "statusDetails": {"message": "AssertionError: Locator expected to be visible\nActual value: None\nError: element(s) not found \nCall log:\n  - Expect \"to_be_visible\" with timeout 5000ms\n  - waiting for locator(\".oxd-input-field-error-message\").first", "trace": "self = <end_to_end.test_login.TestLogin object at 0x000001EBCB384E10>\npage = <Page url='https://opensource-demo.orangehrmlive.com/web/index.php/auth/login'>\nusername = 'Admin', password = '12345', validity = 'invalid'\nlogger = <Logger test_login[chromium-Admin-12345-invalid] (INFO)>\n\n>   ???\nE   AssertionError: Locator expected to be visible\nE   Actual value: None \nE   Call log:\nE     - Expect \"to_be_visible\" with timeout 5000ms\nE     - waiting for locator(\".oxd-alert-content-text\")\n\nD:\\Piyush_Kasture\\Github\\CDAC_Project\\tests\\e2e\\test_login.py:30: AssertionError\n\nDuring handling of the above exception, another exception occurred:\n\nself = <end_to_end.test_login.TestLogin object at 0x000001EBCB384E10>\npage = <Page url='https://opensource-demo.orangehrmlive.com/web/index.php/auth/login'>\nusername = 'Admin', password = '12345', validity = 'invalid'\nlogger = <Logger test_login[chromium-Admin-12345-invalid] (INFO)>\n\n>   ???\nE   AssertionError: Locator expected to be visible\nE   Actual value: None\nE   Error: element(s) not found \nE   Call log:\nE     - Expect \"to_be_visible\" with timeout 5000ms\nE     - waiting for locator(\".oxd-input-field-error-message\").first\n\nD:\\Piyush_Kasture\\Github\\CDAC_Project\\tests\\e2e\\test_login.py:34: AssertionError"}, "attachments": [{"name": "Failure Screenshot", "source": "f1c9ff33-92d2-43b0-b213-796d5fb68f63-attachment.png", "type": "image/png"}, {"name": "log", "source": "0ada65db-588d-42f3-a468-457ee94bea18-attachment.txt", "type": "text/plain"}], "parameters": [{"name": "page", "value": "'chromium'"}, {"name": "username", "value": "'Admin'"}, {"name": "password", "value": "'12345'"}, {"name": "validity", "value": "'invalid'"}], "start": 1769508762337, "stop": 1769508781432, "uuid": "36a0e32d-deb6-47aa-a5ad-98d802671974", "historyId": "39f659f061a4599a7e8955cca243c692", "testCaseId": "cecbd2ace9a5f6a44d6d31d6350b8da6", "fullName": "tests.end_to_end.test_login.TestLogin#test_login", "labels": [{"name": "parentSuite", "value": "tests.end_to_end"}, {"name": "suite", "value": "test_login"}, {"name": "subSuite", "value": "TestLogin"}, {"name": "host", "value": "ASUS-A15"}, {"name": "thread", "value": "39248-MainThread"}, {"name": "framework", "value": "pytest"}, {"name": "language", "value": "cpython3"}, {"name": "package", "value": "tests.end_to_end.test_login"}], "titlePath": ["tests", "end_to_end", "test_login.py", "TestLogin"]}