{"name": "test_contact_details_update[chromium]", "status": "failed", "statusDetails": {"message": "AssertionError: Locator expected to be visible\nActual value: None\nError: element(s) not found \nCall log:\n  - Expect \"to_be_visible\" with timeout 5000ms\n  - waiting for get_by_label(\"Mobile\").or_(get_by_placeholder(\"Mobile\")).first", "trace": "self = <tests.end_to_end.test_my_info.TestMyInfo object at 0x0000025015FFDF90>\nlogger = <Logger test_contact_details_update[chromium] (INFO)>\nmyinfo_page = <Page url='https://opensource-demo.orangehrmlive.com/web/index.php/pim/contactDetails/empNumber/7'>\nget_my_info_data = {'contact': {'email': 'test@gmail.com', 'mobile': '9876543210', 'street1': 'cdac panchavati'}, 'dependent': {'dob': '2...6655', 'edit_name': 'Emergency Contact Updated', 'edit_relationship': 'Sibling', 'home_phone': '9123456789', ...}, ...}\n\n    def test_contact_details_update(self, logger, myinfo_page, get_my_info_data):\n        myinfo = MyInfoPage(myinfo_page)\n        myinfo.open_contact_details()\n        contact = get_my_info_data[\"contact\"]\n        # update_contact expects (mobile, email, street1)\n>       myinfo.update_contact(contact[\"mobile\"], contact[\"email\"], contact.get(\"street1\"))\n\ntests\\end_to_end\\test_my_info.py:20: \n_ _ _ _ _ _ _ _ _ _ _ _ _ _ _ _ _ _ _ _ _ _ _ _ _ _ _ _ _ _ _ _ _ _ _ _ _ _ _ _\n\nself = <pages.MyInfoPage.MyInfoPage object at 0x000002501738DE80>\nmobile = '9876543210', email = 'test@gmail.com', street1 = 'cdac panchavati'\n\n    def update_contact(self, mobile: str, email: str, street1: str = None):\n        # Contact Details page is already editable (NO Edit button)\n    \n        mobile_input = self.page.get_by_label(\"Mobile\").or_(\n            self.page.get_by_placeholder(\"Mobile\")\n        ).first\n    \n>       expect(mobile_input).to_be_visible()\nE       AssertionError: Locator expected to be visible\nE       Actual value: None\nE       Error: element(s) not found \nE       Call log:\nE         - Expect \"to_be_visible\" with timeout 5000ms\nE         - waiting for get_by_label(\"Mobile\").or_(get_by_placeholder(\"Mobile\")).first\n\npages\\MyInfoPage.py:225: AssertionError"}, "attachments": [{"name": "Failure Screenshot", "source": "16bb3f16-83d9-4850-87e5-ee3dd23e6a2d-attachment.png", "type": "image/png"}, {"name": "log", "source": "e819274b-9dac-4456-9abc-20774bae5f9b-attachment.txt", "type": "text/plain"}], "parameters": [{"name": "page", "value": "'chromium'"}], "start": 1770051802584, "stop": 1770051815911, "uuid": "ccdfe729-5832-403c-a37a-681776f5c62e", "historyId": "955dc737a17dacdb47a9a24c832aa0f8", "testCaseId": "ed51541a4fd7df4ba2edb2e731194408", "fullName": "tests.end_to_end.test_my_info.TestMyInfo#test_contact_details_update", "labels": [{"name": "parentSuite", "value": "tests.end_to_end"}, {"name": "suite", "value": "test_my_info"}, {"name": "subSuite", "value": "TestMyInfo"}, {"name": "host", "value": "ASUS-A15"}, {"name": "thread", "value": "6492-MainThread"}, {"name": "framework", "value": "pytest"}, {"name": "language", "value": "cpython3"}, {"name": "package", "value": "tests.end_to_end.test_my_info"}], "titlePath": ["tests", "end_to_end", "test_my_info.py", "TestMyInfo"]}