{"name": "test_reset_button_functionality[chromium]", "status": "failed", "statusDetails": {"message": "AssertionError: Locator expected to be empty\nActual value: notEmpty \nCall log:\n  - Expect \"to_be_empty\" with timeout 5000ms\n  - waiting for locator(\"//label[text()='Job Title']/following::div[contains(@class,'oxd-select-text')][1]\")\n    9 × locator resolved to <div data-v-67d2aedf=\"\" data-v-13cf171c=\"\" class=\"oxd-select-text oxd-select-text--active\">…</div>\n      - unexpected value \"notEmpty\"", "trace": "self = <tests.end_to_end.test_directory.TestDirectory object at 0x000002A23E293BD0>\ndirectory_page = <Page url='https://opensource-demo.orangehrmlive.com/web/index.php/directory/viewDirectory'>\n\n    def test_reset_button_functionality(self, directory_page):\n        directory = DirectoryPage(directory_page)\n        directory.reset_button_functionality()\n>       expect(directory.job_title_dropdown).to_be_empty()\nE       AssertionError: Locator expected to be empty\nE       Actual value: notEmpty \nE       Call log:\nE         - Expect \"to_be_empty\" with timeout 5000ms\nE         - waiting for locator(\"//label[text()='Job Title']/following::div[contains(@class,'oxd-select-text')][1]\")\nE           9 × locator resolved to <div data-v-67d2aedf=\"\" data-v-13cf171c=\"\" class=\"oxd-select-text oxd-select-text--active\">…</div>\nE             - unexpected value \"notEmpty\"\n\ntests\\end_to_end\\test_directory.py:41: AssertionError"}, "attachments": [{"name": "Failure Screenshot", "source": "a91ba27f-d52c-4558-bc56-4d5d25400339-attachment.png", "type": "image/png"}], "parameters": [{"name": "page", "value": "'chromium'"}], "start": 1770070644747, "stop": 1770070649848, "uuid": "2232454c-253b-4984-b2e3-ab3d52d5dfa6", "historyId": "6ae8c1f3512078ed61c5a88136ec5fd9", "testCaseId": "a066ce35df9281875763aee45220277a", "fullName": "tests.end_to_end.test_directory.TestDirectory#test_reset_button_functionality", "labels": [{"name": "parentSuite", "value": "tests.end_to_end"}, {"name": "suite", "value": "test_directory"}, {"name": "subSuite", "value": "TestDirectory"}, {"name": "host", "value": "ASUS-A15"}, {"name": "thread", "value": "7380-MainThread"}, {"name": "framework", "value": "pytest"}, {"name": "language", "value": "cpython3"}, {"name": "package", "value": "tests.end_to_end.test_directory"}], "titlePath": ["tests", "end_to_end", "test_directory.py", "TestDirectory"]}