{"name": "test_30_complete_user_search_workflow", "status": "failed", "statusDetails": {"message": "AssertionError: assert 0 > 0\n +  where 0 = count()\n +    where count = <Locator frame=<Frame name= url='https://opensource-demo.orangehrmlive.com/web/index.php/admin/viewSystemUsers'> selector='div.oxd-table-body div.oxd-table-card'>.count", "trace": "self = <end_to_end.test_admin.TestAdmin object at 0x00000252E44C6DF0>\nlogger = <Logger test_30_complete_user_search_workflow (INFO)>\nadmin_page = <Page url='https://opensource-demo.orangehrmlive.com/web/index.php/admin/viewSystemUsers'>\n\n    def test_30_complete_user_search_workflow(self, logger, admin_page):\n        # TC30: Complete user search workflow with all filters\n        admin_user = AdminUserPage(admin_page)\n    \n        # Step 1: Set all filters\n        admin_user.enter_username(\"Admin\")\n        admin_user.select_user_role(\"Admin\")\n        admin_user.select_status(\"Enabled\")\n    \n        # Step 2: Execute search\n        admin_user.click_search()\n        admin_user.wait_for_search_results()\n    \n        # Step 3: Verify results\n        rows = admin_user.results_rows\n>       assert rows.count() > 0\nE       AssertionError: assert 0 > 0\nE        +  where 0 = count()\nE        +    where count = <Locator frame=<Frame name= url='https://opensource-demo.orangehrmlive.com/web/index.php/admin/viewSystemUsers'> selector='div.oxd-table-body div.oxd-table-card'>.count\n\ntests\\end_to_end\\test_admin.py:357: AssertionError"}, "attachments": [{"name": "Failure Screenshot", "source": "433aa913-0cf9-4f46-a2ed-b3a92653b1c9-attachment.png", "type": "image/png"}], "start": 1769714136298, "stop": 1769714136562, "uuid": "95df54fe-86f1-476f-9f7f-d80c80dd5504", "historyId": "c8d17a74eb65bd11f2d7e43b4be90ac0", "testCaseId": "c8d17a74eb65bd11f2d7e43b4be90ac0", "fullName": "tests.end_to_end.test_admin.TestAdmin#test_30_complete_user_search_workflow", "labels": [{"name": "parentSuite", "value": "tests.end_to_end"}, {"name": "suite", "value": "test_admin"}, {"name": "subSuite", "value": "TestAdmin"}, {"name": "host", "value": "ASUS-A15"}, {"name": "thread", "value": "37428-MainThread"}, {"name": "framework", "value": "pytest"}, {"name": "language", "value": "cpython3"}, {"name": "package", "value": "tests.end_to_end.test_admin"}], "titlePath": ["tests", "end_to_end", "test_admin.py", "TestAdmin"]}