{"name": "test_profile_icon_visible[chromium]", "status": "failed", "statusDetails": {"message": "AssertionError: Locator expected to be visible\nActual value: None\nError: element(s) not found \nCall log:\n  - Expect \"to_be_visible\" with timeout 5000ms\n  - waiting for get_by_role(\"button\").filter(has=locator(\"i.oxd-userdropdown-icon\"))", "trace": "self = <tests.end_to_end.test_dashboard.TestDashboard object at 0x0000022A25070D10>\ndashboard_page = <Page url='https://opensource-demo.orangehrmlive.com/web/index.php/admin/viewSystemUsers'>\n\n    def test_profile_icon_visible(self, dashboard_page):\n        dashboard = DashboardPage(dashboard_page)\n>       expect(dashboard.get_profile_icon()).to_be_visible()\nE       AssertionError: Locator expected to be visible\nE       Actual value: None\nE       Error: element(s) not found \nE       Call log:\nE         - Expect \"to_be_visible\" with timeout 5000ms\nE         - waiting for get_by_role(\"button\").filter(has=locator(\"i.oxd-userdropdown-icon\"))\n\ntests\\end_to_end\\test_dashboard.py:43: AssertionError"}, "attachments": [{"name": "Failure Screenshot", "source": "dbf4cd18-8e41-42c3-95b0-8c8ed4a2c1d9-attachment.png", "type": "image/png"}], "parameters": [{"name": "page", "value": "'chromium'"}], "start": 1770117725111, "stop": 1770117730117, "uuid": "ef98964b-931c-4553-835b-380366299ebc", "historyId": "5b91a3fc9f0975d6195d8e9a570e0aca", "testCaseId": "086c71f083812b9700b59f7616d80ece", "fullName": "tests.end_to_end.test_dashboard.TestDashboard#test_profile_icon_visible", "labels": [{"name": "parentSuite", "value": "tests.end_to_end"}, {"name": "suite", "value": "test_dashboard"}, {"name": "subSuite", "value": "TestDashboard"}, {"name": "host", "value": "ASUS-A15"}, {"name": "thread", "value": "26672-MainThread"}, {"name": "framework", "value": "pytest"}, {"name": "language", "value": "cpython3"}, {"name": "package", "value": "tests.end_to_end.test_dashboard"}], "titlePath": ["tests", "end_to_end", "test_dashboard.py", "TestDashboard"]}