{"name": "test_search_by_employee_name[chromium]", "status": "failed", "statusDetails": {"message": "AssertionError: Locator expected to contain text 'Peter Mac Anderson'\nActual value: azertyuiioESSPeter AndersonEnabled \nCall log:\n  - Expect \"to_contain_text\" with timeout 5000ms\n  - waiting for locator(\"div.oxd-table-body div.oxd-table-card\")\n    5 × locator resolved to <div data-v-f2168256=\"\" class=\"oxd-table-card\">…</div>\n      - unexpected value \"azertyuiioESSPeter AndersonEnabled\"", "trace": "self = <tests.end_to_end.test_admin.TestAdmin object at 0x000001D0F99EC3E0>\nlogger = <Logger test_search_by_employee_name[chromium] (INFO)>\nadmin_page = <Page url='https://opensource-demo.orangehrmlive.com/web/index.php/admin/viewSystemUsers'>\n\n    def test_search_by_employee_name(self, logger, admin_page):\n        admin_user = AdminUserPage(admin_page)\n        admin_user.click_reset()\n        admin_user.enter_employee_name(\"Peter Mac Anderson\")\n        admin_user.search_button.click()\n    \n>       expect(admin_user.results_rows).to_contain_text(\"Peter Mac Anderson\")\nE       AssertionError: Locator expected to contain text 'Peter Mac Anderson'\nE       Actual value: azertyuiioESSPeter AndersonEnabled \nE       Call log:\nE         - Expect \"to_contain_text\" with timeout 5000ms\nE         - waiting for locator(\"div.oxd-table-body div.oxd-table-card\")\nE           5 × locator resolved to <div data-v-f2168256=\"\" class=\"oxd-table-card\">…</div>\nE             - unexpected value \"azertyuiioESSPeter AndersonEnabled\"\n\ntests\\end_to_end\\test_admin.py:56: AssertionError"}, "attachments": [{"name": "Failure Screenshot", "source": "c83bacd7-1f0d-4400-8427-88bcef4ca2e1-attachment.png", "type": "image/png"}], "parameters": [{"name": "page", "value": "'chromium'"}], "start": 1769980230545, "stop": 1769980237466, "uuid": "3e729e37-c524-4e2a-9cfa-504a7eabf7cd", "historyId": "5c9d49180c74159709a86dafb6a70b1d", "testCaseId": "b313dbe9afbcc31f28d535408e4ef378", "fullName": "tests.end_to_end.test_admin.TestAdmin#test_search_by_employee_name", "labels": [{"name": "parentSuite", "value": "tests.end_to_end"}, {"name": "suite", "value": "test_admin"}, {"name": "subSuite", "value": "TestAdmin"}, {"name": "host", "value": "ASUS-A15"}, {"name": "thread", "value": "42268-MainThread"}, {"name": "framework", "value": "pytest"}, {"name": "language", "value": "cpython3"}, {"name": "package", "value": "tests.end_to_end.test_admin"}], "titlePath": ["tests", "end_to_end", "test_admin.py", "TestAdmin"]}