{"name": "test_dashboard_behavior_on_refresh[chromium]", "status": "failed", "statusDetails": {"message": "AssertionError: Locator expected to be visible\nActual value: None\nError: element(s) not found \nCall log:\n  - Expect \"to_be_visible\" with timeout 5000ms\n  - waiting for get_by_role(\"heading\", name=\"Dashboard\")", "trace": "self = <tests.end_to_end.test_dashboard.TestDashboard object at 0x000001FEB1B9EE50>\ndashboard_page = <Page url='https://opensource-demo.orangehrmlive.com/web/index.php/admin/viewSystemUsers'>\n\n    def test_dashboard_behavior_on_refresh(self, dashboard_page):\n        dashboard = DashboardPage(dashboard_page)\n        dashboard_page.reload()\n>       expect(dashboard.is_dashboard_visible()).to_be_visible()\nE       AssertionError: Locator expected to be visible\nE       Actual value: None\nE       Error: element(s) not found \nE       Call log:\nE         - Expect \"to_be_visible\" with timeout 5000ms\nE         - waiting for get_by_role(\"heading\", name=\"Dashboard\")\n\ntests\\end_to_end\\test_dashboard.py:59: AssertionError"}, "attachments": [{"name": "Failure Screenshot", "source": "62be3c6b-81fd-491b-a60e-44d677a4674f-attachment.png", "type": "image/png"}], "parameters": [{"name": "page", "value": "'chromium'"}], "start": 1770117652521, "stop": 1770117658502, "uuid": "1adf150b-f2d1-4016-a15c-f3c18c1f97cb", "historyId": "6fec81b5d4169a20e8a25eed8c1dba39", "testCaseId": "9cfaf4874abd0d25c1d1cf3f2ff6d603", "fullName": "tests.end_to_end.test_dashboard.TestDashboard#test_dashboard_behavior_on_refresh", "labels": [{"name": "parentSuite", "value": "tests.end_to_end"}, {"name": "suite", "value": "test_dashboard"}, {"name": "subSuite", "value": "TestDashboard"}, {"name": "host", "value": "ASUS-A15"}, {"name": "thread", "value": "33560-MainThread"}, {"name": "framework", "value": "pytest"}, {"name": "language", "value": "cpython3"}, {"name": "package", "value": "tests.end_to_end.test_dashboard"}], "titlePath": ["tests", "end_to_end", "test_dashboard.py", "TestDashboard"]}