{"name": "test_login[chromium-12345-********]", "status": "failed", "statusDetails": {"message": "AssertionError: assert (False or False)\n +  where False = get_required_field_message()\n +    where get_required_field_message = <pages.LoginPage.LoginPage object at 0x000002105B7BD810>.get_required_field_message\n +  and   False = get_error_message()\n +    where get_error_message = <pages.LoginPage.LoginPage object at 0x000002105B7BD810>.get_error_message", "trace": "self = <e2e.test_login.TestLogin object at 0x000002105A262E00>\npage = <Page url='https://opensource-demo.orangehrmlive.com/web/index.php/auth/login'>\nusername = '12345', password = '********'\n\n    @pytest.mark.parametrize(\"username,password\", test_data())\n    \n    def test_login(self, page, username, password):\n        login = LoginPage(page)\n        dashboard = DashboardPage(page)\n    \n        login.login(username, password)\n    \n        if username == \"Admin\" and password == \"admin123\":\n            assert dashboard.is_dashboard_visible(), \\\n                f\"Login failed for valid data: {username}/{password}\"\n        else:\n            # assert (\"Required\" in login.get_required_field_message() or \"Invalid\" in login.get_error_message())\n>           assert (login.get_required_field_message() or login.get_error_message())\nE           assert (False or False)\nE            +  where False = get_required_field_message()\nE            +    where get_required_field_message = <pages.LoginPage.LoginPage object at 0x000002105B7BD810>.get_required_field_message\nE            +  and   False = get_error_message()\nE            +    where get_error_message = <pages.LoginPage.LoginPage object at 0x000002105B7BD810>.get_error_message\n\ntests\\e2e\\test_login.py:21: AssertionError"}, "attachments": [{"name": "Failure Screenshot", "source": "b3867030-5cbb-49d1-8bfd-2cae3c9e4c21-attachment.png", "type": "image/png"}], "parameters": [{"name": "page", "value": "'chromium'"}, {"name": "username", "value": "'12345'"}, {"name": "password", "value": "'********'"}], "start": 1769207883134, "stop": 1769207886084, "uuid": "588dc319-c256-4a89-af8b-db8e2162548c", "historyId": "8f040a1390505b7c4a3b7e18f92b64c7", "testCaseId": "af9957825c38d625762cf2f75d42c2a0", "fullName": "tests.e2e.test_login.TestLogin#test_login", "labels": [{"name": "parentSuite", "value": "tests.e2e"}, {"name": "suite", "value": "test_login"}, {"name": "subSuite", "value": "TestLogin"}, {"name": "host", "value": "ASUS-A15"}, {"name": "thread", "value": "24660-MainThread"}, {"name": "framework", "value": "pytest"}, {"name": "language", "value": "cpython3"}, {"name": "package", "value": "tests.e2e.test_login"}], "titlePath": ["tests", "e2e", "test_login.py", "TestLogin"]}