{"name": "test_buzz_post_with_special_characters[chromium]", "status": "failed", "statusDetails": {"message": "AssertionError: Locator expected to be visible\nActual value: None\nError: element(s) not found \nCall log:\n  - Expect \"to_be_visible\" with timeout 5000ms\n  - waiting for locator(\".orangehrm-buzz-post-body-text, .oxd-buzz-post-body-text\").filter(has_text=\"@#$\").first", "trace": "self = <tests.end_to_end.test_buzz.TestBuzz object at 0x00000286282D15B0>\nlogger = <Logger test_buzz_post_with_special_characters (INFO)>\nbuzz_page = <Page url='https://opensource-demo.orangehrmlive.com/web/index.php/buzz/viewBuzz'>\n\n    def test_buzz_post_with_special_characters(self,logger, buzz_page):\n        # Test: Create buzz post with special characters\n        logger = get_logger(\"test_buzz_post_with_special_characters\")\n        buzz = BuzzPage(buzz_page)\n        logger.info(\"Creating buzz post with special characters\")\n        buzz.create_buzz_post_with_special_character()\n        logger.info(\"Verifying special character post visibility\")\n>       expect(buzz.is_post_with_partial_text(\"@#$%#%^$#@@$#!%^&$&&\")).to_be_visible()\nE       AssertionError: Locator expected to be visible\nE       Actual value: None\nE       Error: element(s) not found \nE       Call log:\nE         - Expect \"to_be_visible\" with timeout 5000ms\nE         - waiting for locator(\".orangehrm-buzz-post-body-text, .oxd-buzz-post-body-text\").filter(has_text=\"@#$\").first\n\ntests\\end_to_end\\test_buzz.py:58: AssertionError"}, "attachments": [{"name": "Failure Screenshot", "source": "1c456d25-a489-489f-81e3-7bc68eb0719d-attachment.png", "type": "image/png"}], "parameters": [{"name": "page", "value": "'chromium'"}], "start": 1770110033047, "stop": 1770110038136, "uuid": "a4a2710a-2869-44ba-b21a-14b7cd927b8f", "historyId": "e2f361dcb31064208e84abb56fe3228c", "testCaseId": "f29c2c5ef04f3aedc57f6298fcfee888", "fullName": "tests.end_to_end.test_buzz.TestBuzz#test_buzz_post_with_special_characters", "labels": [{"name": "parentSuite", "value": "tests.end_to_end"}, {"name": "suite", "value": "test_buzz"}, {"name": "subSuite", "value": "TestBuzz"}, {"name": "host", "value": "ASUS-A15"}, {"name": "thread", "value": "44392-MainThread"}, {"name": "framework", "value": "pytest"}, {"name": "language", "value": "cpython3"}, {"name": "package", "value": "tests.end_to_end.test_buzz"}], "titlePath": ["tests", "end_to_end", "test_buzz.py", "TestBuzz"]}