{"name": "test_attendance_punch_in_out[chromium]", "status": "failed", "statusDetails": {"message": "AssertionError: Locator expected to be visible\nActual value: None\nError: element(s) not found \nCall log:\n  - Expect \"to_be_visible\" with timeout 5000ms\n  - waiting for get_by_role(\"button\", name=\"Attendance\")", "trace": "self = <tests.end_to_end.test_time.TestTime object at 0x0000023EE1E6BE10>\nlogger = <Logger test_attendance_punch_in_out[chromium] (INFO)>\ntime_page = <pages.TimePage.TimePage object at 0x0000023EE3438D60>\n\n    def test_attendance_punch_in_out(self, logger, time_page):\n        time_page = TimePage(time_page)\n    \n        # Punch In / Out\n>       time_page.click_punch_in_out_and_assert()\n\ntests\\end_to_end\\test_time.py:29: \n_ _ _ _ _ _ _ _ _ _ _ _ _ _ _ _ _ _ _ _ _ _ _ _ _ _ _ _ _ _ _ _ _ _ _ _ _ _ _ _\npages\\TimePage.py:124: in click_punch_in_out_and_assert\n    self.open_attendance_dropdown()\n_ _ _ _ _ _ _ _ _ _ _ _ _ _ _ _ _ _ _ _ _ _ _ _ _ _ _ _ _ _ _ _ _ _ _ _ _ _ _ _\n\nself = <pages.TimePage.TimePage object at 0x0000023EE3438D60>\n\n    def open_attendance_dropdown(self):\n        attendance_dropdown = self.page.get_by_role(\"button\", name=\"Attendance\")\n>       expect(attendance_dropdown).to_be_visible()\nE       AssertionError: Locator expected to be visible\nE       Actual value: None\nE       Error: element(s) not found \nE       Call log:\nE         - Expect \"to_be_visible\" with timeout 5000ms\nE         - waiting for get_by_role(\"button\", name=\"Attendance\")\n\npages\\TimePage.py:118: AssertionError"}, "attachments": [{"name": "Failure Screenshot", "source": "842858fe-e169-43dc-8c76-2cd9da3078f7-attachment.png", "type": "image/png"}], "parameters": [{"name": "page", "value": "'chromium'"}], "start": 1770111451273, "stop": 1770111456279, "uuid": "1e0554aa-2bd0-4386-a688-69c97a24b131", "historyId": "8b8e2c10a3e566bcf677c240e9924e24", "testCaseId": "4bc2f4db603e437ad3254de971dd703e", "fullName": "tests.end_to_end.test_time.TestTime#test_attendance_punch_in_out", "labels": [{"name": "parentSuite", "value": "tests.end_to_end"}, {"name": "suite", "value": "test_time"}, {"name": "subSuite", "value": "TestTime"}, {"name": "host", "value": "ASUS-A15"}, {"name": "thread", "value": "11716-MainThread"}, {"name": "framework", "value": "pytest"}, {"name": "language", "value": "cpython3"}, {"name": "package", "value": "tests.end_to_end.test_time"}], "titlePath": ["tests", "end_to_end", "test_time.py", "TestTime"]}