{"name": "test_login[chromium-Adm!n-admin123-invalid]", "status": "failed", "statusDetails": {"message": "AssertionError: Locator expected to be visible\nActual value: None\nError: element(s) not found \nCall log:\n  - Expect \"to_be_visible\" with timeout 5000ms\n  - waiting for locator(\".oxd-input-field-error-message\").first", "trace": "self = <end_to_end.test_login.TestLogin object at 0x0000015B8EEBAA50>\npage = <Page url='https://opensource-demo.orangehrmlive.com/web/index.php/auth/login'>\nusername = 'Adm!n', password = 'admin123', validity = 'invalid'\nlogger = <Logger test_login[chromium-Adm!n-admin123-invalid] (INFO)>\n\n>   ???\nE   AssertionError: Locator expected to be visible\nE   Actual value: None\nE   Error: element(s) not found \nE   Call log:\nE     - Expect \"to_be_visible\" with timeout 5000ms\nE     - waiting for locator(\".oxd-alert-content-text\")\n\nD:\\Piyush_Kasture\\Github\\CDAC_Project\\tests\\e2e\\test_login.py:30: AssertionError\n\nDuring handling of the above exception, another exception occurred:\n\nself = <end_to_end.test_login.TestLogin object at 0x0000015B8EEBAA50>\npage = <Page url='https://opensource-demo.orangehrmlive.com/web/index.php/auth/login'>\nusername = 'Adm!n', password = 'admin123', validity = 'invalid'\nlogger = <Logger test_login[chromium-Adm!n-admin123-invalid] (INFO)>\n\n>   ???\nE   AssertionError: Locator expected to be visible\nE   Actual value: None\nE   Error: element(s) not found \nE   Call log:\nE     - Expect \"to_be_visible\" with timeout 5000ms\nE     - waiting for locator(\".oxd-input-field-error-message\").first\n\nD:\\Piyush_Kasture\\Github\\CDAC_Project\\tests\\e2e\\test_login.py:34: AssertionError"}, "attachments": [{"name": "Failure Screenshot", "source": "32c053a3-ae1a-453f-86d8-d8cc18ca67b7-attachment.png", "type": "image/png"}, {"name": "log", "source": "402778ee-ea27-4e13-8900-b98444b216a4-attachment.txt", "type": "text/plain"}], "parameters": [{"name": "page", "value": "'chromium'"}, {"name": "username", "value": "'Adm!n'"}, {"name": "password", "value": "'admin123'"}, {"name": "validity", "value": "'invalid'"}], "start": 1769509104257, "stop": 1769509150860, "uuid": "ac44c8bd-8765-4853-9289-6134a8fb1d75", "historyId": "8c1977aa5b0dfbdc0bcc47a5aeb81b5e", "testCaseId": "cecbd2ace9a5f6a44d6d31d6350b8da6", "fullName": "tests.end_to_end.test_login.TestLogin#test_login", "labels": [{"name": "parentSuite", "value": "tests.end_to_end"}, {"name": "suite", "value": "test_login"}, {"name": "subSuite", "value": "TestLogin"}, {"name": "host", "value": "ASUS-A15"}, {"name": "thread", "value": "4228-MainThread"}, {"name": "framework", "value": "pytest"}, {"name": "language", "value": "cpython3"}, {"name": "package", "value": "tests.end_to_end.test_login"}], "titlePath": ["tests", "end_to_end", "test_login.py", "TestLogin"]}