{"name": "test_search_with_invalid_username[chromium]", "status": "failed", "statusDetails": {"message": "AssertionError: Locator expected to have text 'No Records Found'\nActual value: None\nError: element(s) not found \nCall log:\n  - Expect \"to_have_text\" with timeout 5000ms\n  - waiting for locator(\"#oxd-toaster_1 p.oxd-toast-message\")", "trace": "self = <tests.end_to_end.test_admin.TestAdmin object at 0x000001DCFB365150>\nlogger = <Logger test_search_with_invalid_username[chromium] (INFO)>\nadmin_page = <Page url='https://opensource-demo.orangehrmlive.com/web/index.php/admin/viewSystemUsers'>\n\n    def test_search_with_invalid_username(self,logger, admin_page):\n        admin_user = AdminUserPage(admin_page)\n        admin_user.click_reset()\n        admin_user.enter_username(\"piyushkasture\")\n        admin_user.click_search()\n    \n>       expect(admin_user.no_records_message).to_have_text(\"No Records Found\")\nE       AssertionError: Locator expected to have text 'No Records Found'\nE       Actual value: None\nE       Error: element(s) not found \nE       Call log:\nE         - Expect \"to_have_text\" with timeout 5000ms\nE         - waiting for locator(\"#oxd-toaster_1 p.oxd-toast-message\")\n\ntests\\end_to_end\\test_admin.py:91: AssertionError"}, "attachments": [{"name": "Failure Screenshot", "source": "ba06ba0c-29f0-4bf6-aaba-1abf8c60eaa1-attachment.png", "type": "image/png"}, {"name": "log", "source": "4fd9df63-5bd1-466a-a8ce-f2c1695985ed-attachment.txt", "type": "text/plain"}], "parameters": [{"name": "page", "value": "'chromium'"}], "start": 1769984281446, "stop": 1769984286503, "uuid": "cba6eeca-c7d0-4f53-99d8-47d3a82a6961", "historyId": "7e10f0c6e2473363e328d5c63bbf92f7", "testCaseId": "db748816810a3159b03746121d3964fb", "fullName": "tests.end_to_end.test_admin.TestAdmin#test_search_with_invalid_username", "labels": [{"name": "parentSuite", "value": "tests.end_to_end"}, {"name": "suite", "value": "test_admin"}, {"name": "subSuite", "value": "TestAdmin"}, {"name": "host", "value": "ASUS-A15"}, {"name": "thread", "value": "11380-MainThread"}, {"name": "framework", "value": "pytest"}, {"name": "language", "value": "cpython3"}, {"name": "package", "value": "tests.end_to_end.test_admin"}], "titlePath": ["tests", "end_to_end", "test_admin.py", "TestAdmin"]}