{"name": "test_search_by_employee_name[chromium]", "status": "failed", "statusDetails": {"message": "AssertionError: Locator expected to be visible\nActual value: None\nError: element(s) not found \nCall log:\n  - Expect \"to_be_visible\" with timeout 5000ms\n  - waiting for get_by_role(\"cell\", name=\"Peter Mac Anderson\")", "trace": "self = <tests.end_to_end.test_admin.TestAdmin object at 0x000001D83C14C3E0>\nlogger = <Logger test_search_by_employee_name[chromium] (INFO)>\nadmin_page = <Page url='https://opensource-demo.orangehrmlive.com/web/index.php/admin/viewSystemUsers'>\n\n    def test_search_by_employee_name(self, logger, admin_page):\n        admin_user = AdminUserPage(admin_page)\n        admin_user.click_reset()\n        admin_user.enter_employee_name(\"Peter Mac Anderson\")\n        admin_user.search_button.click()\n    \n        expect(\n            admin_page.get_by_role(\"cell\", name=\"Peter Mac Anderson\")\n>       ).to_be_visible()\n          ^^^^^^^^^^^^^^^\nE       AssertionError: Locator expected to be visible\nE       Actual value: None\nE       Error: element(s) not found \nE       Call log:\nE         - Expect \"to_be_visible\" with timeout 5000ms\nE         - waiting for get_by_role(\"cell\", name=\"Peter Mac Anderson\")\n\ntests\\end_to_end\\test_admin.py:58: AssertionError"}, "attachments": [{"name": "Failure Screenshot", "source": "673f3689-3f16-46f1-9edb-c0787e758fea-attachment.png", "type": "image/png"}, {"name": "log", "source": "c6529bb1-7076-44a8-9aed-64e64d1870d7-attachment.txt", "type": "text/plain"}], "parameters": [{"name": "page", "value": "'chromium'"}], "start": 1769980860388, "stop": 1769980867321, "uuid": "62f772ea-858e-4435-9663-00d568f6b853", "historyId": "5c9d49180c74159709a86dafb6a70b1d", "testCaseId": "b313dbe9afbcc31f28d535408e4ef378", "fullName": "tests.end_to_end.test_admin.TestAdmin#test_search_by_employee_name", "labels": [{"name": "parentSuite", "value": "tests.end_to_end"}, {"name": "suite", "value": "test_admin"}, {"name": "subSuite", "value": "TestAdmin"}, {"name": "host", "value": "ASUS-A15"}, {"name": "thread", "value": "25564-MainThread"}, {"name": "framework", "value": "pytest"}, {"name": "language", "value": "cpython3"}, {"name": "package", "value": "tests.end_to_end.test_admin"}], "titlePath": ["tests", "end_to_end", "test_admin.py", "TestAdmin"]}