{"name": "test_login[chromium-Admin-admin123]", "status": "failed", "statusDetails": {"message": "AssertionError: Login failed for valid data: Admin/admin123\nassert False\n +  where False = is_dashboard_visible()\n +    where is_dashboard_visible = <pages.DashboardPage.DashboardPage object at 0x00000273B2B18C20>.is_dashboard_visible", "trace": "self = <e2e.test_login.TestLogin object at 0x00000273B26E5590>\npage = <Page url='https://opensource-demo.orangehrmlive.com/web/index.php/auth/login'>\nusername = 'Admin', password = 'admin123'\n\n    @pytest.mark.parametrize(\"username,password\", test_data())\n    \n    def test_login(self, page, username, password):\n        login = LoginPage(page)\n        dashboard = DashboardPage(page)\n    \n        login.login(username, password)\n    \n        if username == \"Admin\" and password == \"admin123\":\n>           assert dashboard.is_dashboard_visible(), \\\n                f\"Login failed for valid data: {username}/{password}\"\nE           AssertionError: Login failed for valid data: Admin/admin123\nE           assert False\nE            +  where False = is_dashboard_visible()\nE            +    where is_dashboard_visible = <pages.DashboardPage.DashboardPage object at 0x00000273B2B18C20>.is_dashboard_visible\n\ntests\\e2e\\test_login.py:17: AssertionError"}, "attachments": [{"name": "Failure Screenshot", "source": "eff73ab7-c384-49c6-b6a6-ca6e434208d4-attachment.png", "type": "image/png"}], "parameters": [{"name": "page", "value": "'chromium'"}, {"name": "username", "value": "'Admin'"}, {"name": "password", "value": "'admin123'"}], "start": 1769206133299, "stop": 1769206138390, "uuid": "ab91b094-0ef7-41a0-92b1-d97487de77c6", "historyId": "5ee8f2ebecc723fab26c9bbbae004564", "testCaseId": "af9957825c38d625762cf2f75d42c2a0", "fullName": "tests.e2e.test_login.TestLogin#test_login", "labels": [{"name": "parentSuite", "value": "tests.e2e"}, {"name": "suite", "value": "test_login"}, {"name": "subSuite", "value": "TestLogin"}, {"name": "host", "value": "ASUS-A15"}, {"name": "thread", "value": "35428-MainThread"}, {"name": "framework", "value": "pytest"}, {"name": "language", "value": "cpython3"}, {"name": "package", "value": "tests.e2e.test_login"}], "titlePath": ["tests", "e2e", "test_login.py", "TestLogin"]}