{"name": "test_timesheets_page_assert[chromium]", "status": "failed", "statusDetails": {"message": "AssertionError: Locator expected to be visible\nActual value: None\nError: strict mode violation: get_by_text(\"Employee Name\") resolved to 2 elements:\n    1) <label data-v-30ff22b1=\"\" data-v-957b4417=\"\" class=\"oxd-label oxd-input-field-required\">Employee Name</label> aka locator(\"label\")\n    2) <div data-v-ff19d791=\"\" data-v-2f1b665b=\"\" role=\"columnheader\" class=\"oxd-table-header-cell oxd-padding-cell oxd-table-th\">…</div> aka get_by_role(\"columnheader\", name=\"Employee Name\")\n \nCall log:\n  - Expect \"to_be_visible\" with timeout 5000ms\n  - waiting for get_by_text(\"Employee Name\")", "trace": "self = <tests.end_to_end.test_time.TestTime object at 0x0000023EE1F2DE50>\nlogger = <Logger test_timesheets_page_assert[chromium] (INFO)>\ntime_page = <Page url='https://opensource-demo.orangehrmlive.com/web/index.php/time/viewEmployeeTimesheet'>\n\n    def test_timesheets_page_assert(self, logger, time_page):\n        time = TimePage(time_page)\n>       time.verify_timesheets_page()\n\ntests\\end_to_end\\test_time.py:9: \n_ _ _ _ _ _ _ _ _ _ _ _ _ _ _ _ _ _ _ _ _ _ _ _ _ _ _ _ _ _ _ _ _ _ _ _ _ _ _ _\n\nself = <pages.TimePage.TimePage object at 0x0000023EE22E27B0>\n\n    def verify_timesheets_page(self):\n        # Select Employee section\n        expect(\n            self.page.get_by_role(\"heading\", name=\"Select Employee\")\n        ).to_be_visible()\n    \n        expect(\n            self.page.get_by_placeholder(\"Type for hints...\")\n        ).to_be_visible()  # Employee Name input\n    \n        expect(\n            self.page.get_by_role(\"button\", name=\"View\")\n        ).to_be_visible()\n    \n        # Timesheets Pending Action section\n        expect(\n            self.page.get_by_role(\"heading\", name=\"Timesheets Pending Action\")\n        ).to_be_visible()\n    \n        expect(\n            self.page.get_by_text(\"Records Found\")\n        ).to_be_visible()\n    \n        # Table headers\n>       expect(self.page.get_by_text(\"Employee Name\")).to_be_visible()\nE       AssertionError: Locator expected to be visible\nE       Actual value: None\nE       Error: strict mode violation: get_by_text(\"Employee Name\") resolved to 2 elements:\nE           1) <label data-v-30ff22b1=\"\" data-v-957b4417=\"\" class=\"oxd-label oxd-input-field-required\">Employee Name</label> aka locator(\"label\")\nE           2) <div data-v-ff19d791=\"\" data-v-2f1b665b=\"\" role=\"columnheader\" class=\"oxd-table-header-cell oxd-padding-cell oxd-table-th\">…</div> aka get_by_role(\"columnheader\", name=\"Employee Name\")\nE        \nE       Call log:\nE         - Expect \"to_be_visible\" with timeout 5000ms\nE         - waiting for get_by_text(\"Employee Name\")\n\npages\\TimePage.py:35: AssertionError"}, "attachments": [{"name": "Failure Screenshot", "source": "5143b4d9-0360-44f7-9f64-c5fce02d3fc7-attachment.png", "type": "image/png"}], "parameters": [{"name": "page", "value": "'chromium'"}], "start": 1770111432302, "stop": 1770111436127, "uuid": "c53994e2-13a5-46d2-b4a8-b2d5c351d546", "historyId": "bb63e6f4f80f88420489a956d351c208", "testCaseId": "1441a0863106d7c38d25192e6167fb3b", "fullName": "tests.end_to_end.test_time.TestTime#test_timesheets_page_assert", "labels": [{"name": "parentSuite", "value": "tests.end_to_end"}, {"name": "suite", "value": "test_time"}, {"name": "subSuite", "value": "TestTime"}, {"name": "host", "value": "ASUS-A15"}, {"name": "thread", "value": "11716-MainThread"}, {"name": "framework", "value": "pytest"}, {"name": "language", "value": "cpython3"}, {"name": "package", "value": "tests.end_to_end.test_time"}], "titlePath": ["tests", "end_to_end", "test_time.py", "TestTime"]}