{"name": "test_01_admin_page_loads_successfully[chromium]", "status": "failed", "statusDetails": {"message": "AssertionError: Locator expected to be visible\nActual value: None\nError: element(s) not found \nCall log:\n  - Expect \"to_be_visible\" with timeout 5000ms\n  - waiting for get_by_label(\"Username\")", "trace": "self = <tests.end_to_end.test_admin.TestAdmin object at 0x000002533D6F9A90>\nlogger = <Logger test_01_admin_page_loads_successfully[chromium] (INFO)>\nadmin_page = <Page url='https://opensource-demo.orangehrmlive.com/web/index.php/admin/viewSystemUsers'>\n\n    def test_01_admin_page_loads_successfully(self, logger, admin_page):\n        # TC01: Verify Admin page loads successfully with all elements\n        admin_user = AdminUserPage(admin_page)\n    \n        expect(admin_user.table_header).to_be_visible()\n        expect(admin_user.search_button).to_be_visible()\n>       expect(admin_user.username_input).to_be_visible()\nE       AssertionError: Locator expected to be visible\nE       Actual value: None\nE       Error: element(s) not found \nE       Call log:\nE         - Expect \"to_be_visible\" with timeout 5000ms\nE         - waiting for get_by_label(\"Username\")\n\ntests\\end_to_end\\test_admin.py:21: AssertionError"}, "attachments": [{"name": "Failure Screenshot", "source": "6ce65f97-aa19-4f72-a57a-76fef11aaee2-attachment.png", "type": "image/png"}], "parameters": [{"name": "page", "value": "'chromium'"}], "start": 1769977707715, "stop": 1769977714636, "uuid": "0d0324d4-54ea-436e-bf21-14223a15e08b", "historyId": "e1cd6aeff4ea37608581a75bdb1388c6", "testCaseId": "fcef826ad9c09200496ab87e33b79223", "fullName": "tests.end_to_end.test_admin.TestAdmin#test_01_admin_page_loads_successfully", "labels": [{"name": "parentSuite", "value": "tests.end_to_end"}, {"name": "suite", "value": "test_admin"}, {"name": "subSuite", "value": "TestAdmin"}, {"name": "host", "value": "ASUS-A15"}, {"name": "thread", "value": "43288-MainThread"}, {"name": "framework", "value": "pytest"}, {"name": "language", "value": "cpython3"}, {"name": "package", "value": "tests.end_to_end.test_admin"}], "titlePath": ["tests", "end_to_end", "test_admin.py", "TestAdmin"]}