{"name": "test_liking_a_buzz_post[chromium]", "status": "failed", "statusDetails": {"message": "AssertionError: Locator expected to be visible\nActual value: None\nError: element(s) not found \nCall log:\n  - Expect \"to_be_visible\" with timeout 5000ms\n  - waiting for locator(\".oxd-buzz-post\").first.locator(\"button[aria-label='Like']\")", "trace": "self = <tests.end_to_end.test_buzz.TestBuzz object at 0x00000245F6393DF0>\nbuzz_page = <Page url='https://opensource-demo.orangehrmlive.com/web/index.php/buzz/viewBuzz'>\n\n    def test_liking_a_buzz_post(self, buzz_page):\n        buzz = BuzzPage(buzz_page)\n>       buzz.like_first_post()\n\ntests\\end_to_end\\test_buzz.py:62: \n_ _ _ _ _ _ _ _ _ _ _ _ _ _ _ _ _ _ _ _ _ _ _ _ _ _ _ _ _ _ _ _ _ _ _ _ _ _ _ _\n\nself = <pages.BuzzPage.BuzzPage object at 0x00000245F79943B0>\n\n    def like_first_post(self):\n        btn = self.like_button_first_post()\n>       expect(btn).to_be_visible()\nE       AssertionError: Locator expected to be visible\nE       Actual value: None\nE       Error: element(s) not found \nE       Call log:\nE         - Expect \"to_be_visible\" with timeout 5000ms\nE         - waiting for locator(\".oxd-buzz-post\").first.locator(\"button[aria-label='Like']\")\n\npages\\BuzzPage.py:128: AssertionError"}, "attachments": [{"name": "Failure Screenshot", "source": "dcf152c5-b00d-49fb-ad70-bc15ac1e32c9-attachment.png", "type": "image/png"}], "parameters": [{"name": "page", "value": "'chromium'"}], "start": 1770100447782, "stop": 1770100452815, "uuid": "6e5c9e78-c9a5-4e01-87f1-e2781f00a091", "historyId": "50781a89f524e20f41bdb16af6301d36", "testCaseId": "e840094be669efca3102acaf8576b13c", "fullName": "tests.end_to_end.test_buzz.TestBuzz#test_liking_a_buzz_post", "labels": [{"name": "parentSuite", "value": "tests.end_to_end"}, {"name": "suite", "value": "test_buzz"}, {"name": "subSuite", "value": "TestBuzz"}, {"name": "host", "value": "ASUS-A15"}, {"name": "thread", "value": "51516-MainThread"}, {"name": "framework", "value": "pytest"}, {"name": "language", "value": "cpython3"}, {"name": "package", "value": "tests.end_to_end.test_buzz"}], "titlePath": ["tests", "end_to_end", "test_buzz.py", "TestBuzz"]}