{"name": "test_creating_text_only_buzz_post[chromium]", "status": "failed", "statusDetails": {"message": "AssertionError: Locator expected to be visible\nActual value: None\nError: element(s) not found \nCall log:\n  - Expect \"to_be_visible\" with timeout 5000ms\n  - waiting for locator(\".orangehrm-buzz-post-actions button[type='submit']\")", "trace": "self = <tests.end_to_end.test_buzz.TestBuzz object at 0x000001CE1900D6D0>\nbuzz_page = <Page url='https://opensource-demo.orangehrmlive.com/web/index.php/buzz/viewBuzz'>\n\n    def test_creating_text_only_buzz_post(self, buzz_page):\n        buzz = BuzzPage(buzz_page)\n>       buzz.create_text_post()\n\ntests\\end_to_end\\test_buzz.py:22: \n_ _ _ _ _ _ _ _ _ _ _ _ _ _ _ _ _ _ _ _ _ _ _ _ _ _ _ _ _ _ _ _ _ _ _ _ _ _ _ _\n\nself = <pages.BuzzPage.BuzzPage object at 0x000001CE193A42D0>\n\n    def create_text_post(self):\n        self.post_textarea.click()\n    \n        self.post_textarea.fill(\"Hi, my name is Automation\")\n>       expect(self.post_button).to_be_visible()\nE       AssertionError: Locator expected to be visible\nE       Actual value: None\nE       Error: element(s) not found \nE       Call log:\nE         - Expect \"to_be_visible\" with timeout 5000ms\nE         - waiting for locator(\".orangehrm-buzz-post-actions button[type='submit']\")\n\npages\\BuzzPage.py:56: AssertionError"}, "attachments": [{"name": "Failure Screenshot", "source": "5075df91-9247-42e5-93e7-2f9370e6395a-attachment.png", "type": "image/png"}, {"name": "log", "source": "1e84ebf7-262b-4674-b1e4-a694237e51f7-attachment.txt", "type": "text/plain"}], "parameters": [{"name": "page", "value": "'chromium'"}], "start": 1770082951426, "stop": 1770082957298, "uuid": "31623808-e5f3-4663-870d-f553af2fbd34", "historyId": "0458040cdf1515c5ddce4fdf7e48f6e8", "testCaseId": "b5327859a4bd955efd5cf796e6578dee", "fullName": "tests.end_to_end.test_buzz.TestBuzz#test_creating_text_only_buzz_post", "labels": [{"name": "parentSuite", "value": "tests.end_to_end"}, {"name": "suite", "value": "test_buzz"}, {"name": "subSuite", "value": "TestBuzz"}, {"name": "host", "value": "ASUS-A15"}, {"name": "thread", "value": "12868-MainThread"}, {"name": "framework", "value": "pytest"}, {"name": "language", "value": "cpython3"}, {"name": "package", "value": "tests.end_to_end.test_buzz"}], "titlePath": ["tests", "end_to_end", "test_buzz.py", "TestBuzz"]}