{"name": "test_widgets_section_visible[chromium]", "status": "failed", "statusDetails": {"message": "AssertionError: Locator expected to be visible\nActual value: None\nError: element(s) not found \nCall log:\n  - Expect \"to_be_visible\" with timeout 5000ms\n  - waiting for locator(\"div.oxd-dashboard-widget\").first", "trace": "self = <end_to_end.test_dashboard.TestDashboard object at 0x000001B93D4D3020>\npage = <Page url='https://opensource-demo.orangehrmlive.com/web/index.php/dashboard/index'>\n\n    def test_widgets_section_visible(self, page):\n        dashboard = DashboardPage(page)\n>       expect(dashboard.get_widgets().first).to_be_visible()\nE       AssertionError: Locator expected to be visible\nE       Actual value: None\nE       Error: element(s) not found \nE       Call log:\nE         - Expect \"to_be_visible\" with timeout 5000ms\nE         - waiting for locator(\"div.oxd-dashboard-widget\").first\n\ntests\\end_to_end\\test_dashboard.py:54: AssertionError"}, "attachments": [{"name": "Failure Screenshot", "source": "847bdf90-db27-4e4a-b64f-88dc1e4db8d6-attachment.png", "type": "image/png"}, {"name": "log", "source": "55270e8d-b237-4174-bf74-806d36500b36-attachment.txt", "type": "text/plain"}], "parameters": [{"name": "page", "value": "'chromium'"}], "start": 1769686537283, "stop": 1769686542300, "uuid": "1ce90ac7-8daf-4254-abd8-c5b70c381a2d", "historyId": "48d716ac7cfd7ddf32c79958b3aff0e8", "testCaseId": "25f3e66ad11efec87003c46552278e00", "fullName": "tests.end_to_end.test_dashboard.TestDashboard#test_widgets_section_visible", "labels": [{"name": "parentSuite", "value": "tests.end_to_end"}, {"name": "suite", "value": "test_dashboard"}, {"name": "subSuite", "value": "TestDashboard"}, {"name": "host", "value": "ASUS-A15"}, {"name": "thread", "value": "31092-MainThread"}, {"name": "framework", "value": "pytest"}, {"name": "language", "value": "cpython3"}, {"name": "package", "value": "tests.end_to_end.test_dashboard"}], "titlePath": ["tests", "end_to_end", "test_dashboard.py", "TestDashboard"]}