{"name": "test_valid_login", "status": "failed", "statusDetails": {"message": "AssertionError: Dashboard is not visible after valid login\nassert False\n +  where False = is_dashboard_visible()\n +    where is_dashboard_visible = <pages.DashboardPage.DashboardPage object at 0x000001FF33B90440>.is_dashboard_visible", "trace": "self = <e2e.test_login.TestLogin object at 0x000001FF337B4E10>\n\n    def test_valid_login(self):\n        login_page = LoginPage(self.page)\n        dashboard_page = DashboardPage(self.page)\n    \n        login_page.login(\"Admin\", \"admin123\")\n    \n>       assert dashboard_page.is_dashboard_visible(), \\\n            \"Dashboard is not visible after valid login\"\nE       AssertionError: Dashboard is not visible after valid login\nE       assert False\nE        +  where False = is_dashboard_visible()\nE        +    where is_dashboard_visible = <pages.DashboardPage.DashboardPage object at 0x000001FF33B90440>.is_dashboard_visible\n\ntests\\e2e\\test_login.py:19: AssertionError"}, "start": 1769025489408, "stop": 1769025492164, "uuid": "a6096c86-6785-470b-8f94-49149b4e1ce3", "historyId": "e7ed05a097832134cc6b0acbef2b85cd", "testCaseId": "e7ed05a097832134cc6b0acbef2b85cd", "fullName": "tests.e2e.test_login.TestLogin#test_valid_login", "labels": [{"name": "parentSuite", "value": "tests.e2e"}, {"name": "suite", "value": "test_login"}, {"name": "subSuite", "value": "TestLogin"}, {"name": "host", "value": "ASUS-A15"}, {"name": "thread", "value": "23704-MainThread"}, {"name": "framework", "value": "pytest"}, {"name": "language", "value": "cpython3"}, {"name": "package", "value": "tests.e2e.test_login"}], "titlePath": ["tests", "e2e", "test_login.py", "TestLogin"]}