{"name": "test_at_least_one_widget_present", "status": "failed", "statusDetails": {"message": "AssertionError: assert 0 > 0\n +  where 0 = count()\n +    where count = <Locator frame=<Frame name= url='https://opensource-demo.orangehrmlive.com/web/index.php/dashboard/index'> selector='div.oxd-dashboard-widget'>.count\n +      where <Locator frame=<Frame name= url='https://opensource-demo.orangehrmlive.com/web/index.php/dashboard/index'> selector='div.oxd-dashboard-widget'> = get_widgets()\n +        where get_widgets = <pages.DashboardPage.DashboardPage object at 0x0000020579CF56D0>.get_widgets", "trace": "self = <end_to_end.test_dashboard.TestDashboard object at 0x000002057877B570>\ndashboard_page = <Page url='https://opensource-demo.orangehrmlive.com/web/index.php/dashboard/index'>\n\n    def test_at_least_one_widget_present(self, dashboard_page):\n        dashboard = DashboardPage(dashboard_page)\n>       assert dashboard.get_widgets().count() > 0\nE       AssertionError: assert 0 > 0\nE        +  where 0 = count()\nE        +    where count = <Locator frame=<Frame name= url='https://opensource-demo.orangehrmlive.com/web/index.php/dashboard/index'> selector='div.oxd-dashboard-widget'>.count\nE        +      where <Locator frame=<Frame name= url='https://opensource-demo.orangehrmlive.com/web/index.php/dashboard/index'> selector='div.oxd-dashboard-widget'> = get_widgets()\nE        +        where get_widgets = <pages.DashboardPage.DashboardPage object at 0x0000020579CF56D0>.get_widgets\n\ntests\\end_to_end\\test_dashboard.py:45: AssertionError"}, "attachments": [{"name": "Failure Screenshot", "source": "507cf0e8-e906-4b02-87d8-0b3329e78283-attachment.png", "type": "image/png"}], "start": 1769688928158, "stop": 1769688928165, "uuid": "4a31baba-79b6-4ffa-ab67-a36a4864d120", "historyId": "42706c1ca07ca2cff5534c5635b0cef5", "testCaseId": "42706c1ca07ca2cff5534c5635b0cef5", "fullName": "tests.end_to_end.test_dashboard.TestDashboard#test_at_least_one_widget_present", "labels": [{"name": "parentSuite", "value": "tests.end_to_end"}, {"name": "suite", "value": "test_dashboard"}, {"name": "subSuite", "value": "TestDashboard"}, {"name": "host", "value": "ASUS-A15"}, {"name": "thread", "value": "35708-MainThread"}, {"name": "framework", "value": "pytest"}, {"name": "language", "value": "cpython3"}, {"name": "package", "value": "tests.end_to_end.test_dashboard"}], "titlePath": ["tests", "end_to_end", "test_dashboard.py", "TestDashboard"]}