{"name": "test_06_update_personal_positive[chromium]", "status": "failed", "statusDetails": {"message": "AssertionError: Locator expected to be visible\nActual value: None\nError: element(s) not found \nCall log:\n  - Expect \"to_be_visible\" with timeout 5000ms\n  - waiting for get_by_text(\"Successfully Updated\")", "trace": "page = <Page url='https://opensource-demo.orangehrmlive.com/web/index.php/pim/viewPersonalDetails/empNumber/7'>\nmyinfo_page = <Page url='https://opensource-demo.orangehrmlive.com/web/index.php/pim/viewPersonalDetails/empNumber/7'>\nget_my_info_data = {'personal_positive': {'data1': {'first': 'Piyush', 'last': 'Kasture', 'nick': 'PK'}, 'data2': {'first': 'Amit', 'last': 'Sharma', 'nick': 'AS'}}}\n\n    def test_06_update_personal_positive(page, myinfo_page, get_my_info_data):\n        mi = MyInfoPage(myinfo_page)\n        mi.update_personal(get_my_info_data[\"personal_positive\"][\"data1\"][\"first\"], get_my_info_data[\"personal_positive\"][\"data1\"][\"last\"], get_my_info_data[\"personal_positive\"][\"data1\"][\"nick\"])\n        page.wait_for_timeout(60000)\n>       expect(page.get_by_text(\"Successfully Updated\")).to_be_visible()\nE       AssertionError: Locator expected to be visible\nE       Actual value: None\nE       Error: element(s) not found \nE       Call log:\nE         - Expect \"to_be_visible\" with timeout 5000ms\nE         - waiting for get_by_text(\"Successfully Updated\")\n\ntests\\end_to_end\\test_my_info.py:35: AssertionError"}, "attachments": [{"name": "Failure Screenshot", "source": "fd782a92-196e-46b0-a562-34d073e2a357-attachment.png", "type": "image/png"}], "parameters": [{"name": "page", "value": "'chromium'"}], "start": 1769855928158, "stop": 1769856007435, "uuid": "2dbb865a-d7bc-4aa5-904c-9c45e48fe8ae", "historyId": "af061350e773950dc997da9f9f9ee324", "testCaseId": "cfeab5e4283b7d364115be2bf854b1fc", "fullName": "tests.end_to_end.test_my_info#test_06_update_personal_positive", "labels": [{"name": "parentSuite", "value": "tests.end_to_end"}, {"name": "suite", "value": "test_my_info"}, {"name": "host", "value": "ASUS-A15"}, {"name": "thread", "value": "25484-MainThread"}, {"name": "framework", "value": "pytest"}, {"name": "language", "value": "cpython3"}, {"name": "package", "value": "tests.end_to_end.test_my_info"}], "titlePath": ["tests", "end_to_end", "test_my_info.py"]}