{"name": "test_widgets_section_visible", "status": "failed", "statusDetails": {"message": "AssertionError: Locator expected to be visible\nActual value: None\nError: element(s) not found \nCall log:\n  - Expect \"to_be_visible\" with timeout 5000ms\n  - waiting for locator(\"div.oxd-dashboard-widget\").first", "trace": "self = <end_to_end.test_dashboard.TestDashboard object at 0x000002057877B350>\ndashboard_page = <Page url='https://opensource-demo.orangehrmlive.com/web/index.php/dashboard/index'>\n\n    def test_widgets_section_visible(self, dashboard_page):\n        dashboard = DashboardPage(dashboard_page)\n>       expect(dashboard.get_widgets().first).to_be_visible()\nE       AssertionError: Locator expected to be visible\nE       Actual value: None\nE       Error: element(s) not found \nE       Call log:\nE         - Expect \"to_be_visible\" with timeout 5000ms\nE         - waiting for locator(\"div.oxd-dashboard-widget\").first\n\ntests\\end_to_end\\test_dashboard.py:40: AssertionError"}, "attachments": [{"name": "Failure Screenshot", "source": "055e1df7-88ef-413f-babe-ce7d19261f9f-attachment.png", "type": "image/png"}], "start": 1769688923072, "stop": 1769688928078, "uuid": "3eaf8d8a-bb36-40d8-ba8e-0c29ffcc1840", "historyId": "25f3e66ad11efec87003c46552278e00", "testCaseId": "25f3e66ad11efec87003c46552278e00", "fullName": "tests.end_to_end.test_dashboard.TestDashboard#test_widgets_section_visible", "labels": [{"name": "parentSuite", "value": "tests.end_to_end"}, {"name": "suite", "value": "test_dashboard"}, {"name": "subSuite", "value": "TestDashboard"}, {"name": "host", "value": "ASUS-A15"}, {"name": "thread", "value": "35708-MainThread"}, {"name": "framework", "value": "pytest"}, {"name": "language", "value": "cpython3"}, {"name": "package", "value": "tests.end_to_end.test_dashboard"}], "titlePath": ["tests", "end_to_end", "test_dashboard.py", "TestDashboard"]}