{"name": "test_search_user_by_admin_role[chromium]", "status": "failed", "statusDetails": {"message": "AssertionError: assert False\n +  where False = is_visible()\n +    where is_visible = <Locator frame=<Frame name= url='https://opensource-demo.orangehrmlive.com/web/index.php/admin/viewSystemUsers'> selector='div.oxd-table-body'>.is_visible\n +      where <Locator frame=<Frame name= url='https://opensource-demo.orangehrmlive.com/web/index.php/admin/viewSystemUsers'> selector='div.oxd-table-body'> = locator('div.oxd-table-body')\n +        where locator = <Page url='https://opensource-demo.orangehrmlive.com/web/index.php/admin/viewSystemUsers'>.locator", "trace": "self = <e2e.test_admin.TestAdmin object at 0x00000239E6444E10>\npage = <Page url='https://opensource-demo.orangehrmlive.com/web/index.php/admin/viewSystemUsers'>\nlogger = <Logger test_search_user_by_admin_role[chromium] (INFO)>\n\n    def test_search_user_by_admin_role(self, page, logger):\n        # Initialize page objects with logger\n        login_page = LoginPage(page, logger)\n        login_page.login(\"Admin\", \"admin123\")\n    \n        dashboard = DashboardPage(page)\n        dashboard.go_to_admin()\n    \n        # Initialize AdminUserPage without logger parameter\n        admin_user = AdminUserPage(page)\n        # admin_user.wait_for_users_page()\n        admin_user.select_user_role(\"Admin\")\n        page.click(\"button:has-text('Search')\")\n    \n        # Verify that search results table is visible\n>       assert page.locator(\"div.oxd-table-body\").is_visible()\nE       AssertionError: assert False\nE        +  where False = is_visible()\nE        +    where is_visible = <Locator frame=<Frame name= url='https://opensource-demo.orangehrmlive.com/web/index.php/admin/viewSystemUsers'> selector='div.oxd-table-body'>.is_visible\nE        +      where <Locator frame=<Frame name= url='https://opensource-demo.orangehrmlive.com/web/index.php/admin/viewSystemUsers'> selector='div.oxd-table-body'> = locator('div.oxd-table-body')\nE        +        where locator = <Page url='https://opensource-demo.orangehrmlive.com/web/index.php/admin/viewSystemUsers'>.locator\n\ntests\\e2e\\test_admin.py:52: AssertionError"}, "attachments": [{"name": "Failure Screenshot", "source": "5a8fd278-8e41-422a-ae96-89c31e0763f8-attachment.png", "type": "image/png"}, {"name": "log", "source": "8f007a9d-cf24-41e9-a972-da55fbfca439-attachment.txt", "type": "text/plain"}], "parameters": [{"name": "page", "value": "'chromium'"}], "start": 1769459834567, "stop": 1769459840855, "uuid": "6b1af078-0541-4917-9225-da8464c96f15", "historyId": "dee413bd151030e36e1410e0a882e2d3", "testCaseId": "40f170ef0f33252f8eca425a27f7d2cb", "fullName": "tests.e2e.test_admin.TestAdmin#test_search_user_by_admin_role", "labels": [{"name": "parentSuite", "value": "tests.e2e"}, {"name": "suite", "value": "test_admin"}, {"name": "subSuite", "value": "TestAdmin"}, {"name": "host", "value": "ASUS-A15"}, {"name": "thread", "value": "17272-MainThread"}, {"name": "framework", "value": "pytest"}, {"name": "language", "value": "cpython3"}, {"name": "package", "value": "tests.e2e.test_admin"}], "titlePath": ["tests", "e2e", "test_admin.py", "TestAdmin"]}