{"name": "test_emergency_contacts_add_edit_delete[chromium]", "status": "failed", "statusDetails": {"message": "AssertionError: Locator expected to be visible\nActual value: None\nError: element(s) not found \nCall log:\n  - Expect \"to_be_visible\" with timeout 5000ms\n  - waiting for get_by_role(\"dialog\")", "trace": "self = <tests.end_to_end.test_my_info.TestMyInfo object at 0x000001A7B6C0DE50>\nlogger = <Logger test_emergency_contacts_add_edit_delete[chromium] (INFO)>\nmyinfo_page = <Page url='https://opensource-demo.orangehrmlive.com/web/index.php/pim/viewEmergencyContacts/empNumber/7'>\nget_my_info_data = {'contact': {'email': 'test@gmail.com', 'mobile': '9876543210', 'street1': 'cdac panchavati'}, 'dependent': {'dob': '2...6655', 'edit_name': 'Emergency Contact Updated', 'edit_relationship': 'Sibling', 'home_phone': '9123456789', ...}, ...}\n\n    def test_emergency_contacts_add_edit_delete(self, logger, myinfo_page, get_my_info_data):\n        myinfo = MyInfoPage(myinfo_page)\n        myinfo.open_emergency_contacts()\n        ec = get_my_info_data[\"emergency_contact\"]\n>       myinfo.add_emergency_contact(ec[\"name\"], ec[\"relationship\"], ec[\"home_phone\"])\n\ntests\\end_to_end\\test_my_info.py:27: \n_ _ _ _ _ _ _ _ _ _ _ _ _ _ _ _ _ _ _ _ _ _ _ _ _ _ _ _ _ _ _ _ _ _ _ _ _ _ _ _\n\nself = <pages.MyInfoPage.MyInfoPage object at 0x000001A7B7F9DE80>, name = 'One'\nrelationship = 'Brother', home_phone = '9123456789'\n\n    def add_emergency_contact(self, name: str, relationship: str, home_phone: str):\n        self.logger.info(\"Adding emergency contact\")\n    \n        # Click correct Add button\n        self.click_add()\n    \n        # Scope to modal dialog\n        dialog = self.page.get_by_role(\"dialog\")\n>       expect(dialog).to_be_visible()\nE       AssertionError: Locator expected to be visible\nE       Actual value: None\nE       Error: element(s) not found \nE       Call log:\nE         - Expect \"to_be_visible\" with timeout 5000ms\nE         - waiting for get_by_role(\"dialog\")\n\npages\\MyInfoPage.py:269: AssertionError"}, "attachments": [{"name": "Failure Screenshot", "source": "69dedcf0-56e8-4a2d-ab88-d00bf6dee0f4-attachment.png", "type": "image/png"}, {"name": "log", "source": "7137c7da-0384-4e86-bd32-14a904672bbd-attachment.txt", "type": "text/plain"}], "parameters": [{"name": "page", "value": "'chromium'"}], "start": 1770053572534, "stop": 1770053582837, "uuid": "69606094-956e-4d2c-a4d2-7ff563fd49c4", "historyId": "bdac9170c6ec1641120001a99b55d406", "testCaseId": "03f907ef2967baf80311ba59cc246ffd", "fullName": "tests.end_to_end.test_my_info.TestMyInfo#test_emergency_contacts_add_edit_delete", "labels": [{"name": "parentSuite", "value": "tests.end_to_end"}, {"name": "suite", "value": "test_my_info"}, {"name": "subSuite", "value": "TestMyInfo"}, {"name": "host", "value": "ASUS-A15"}, {"name": "thread", "value": "24636-MainThread"}, {"name": "framework", "value": "pytest"}, {"name": "language", "value": "cpython3"}, {"name": "package", "value": "tests.end_to_end.test_my_info"}], "titlePath": ["tests", "end_to_end", "test_my_info.py", "TestMyInfo"]}