{"name": "test_my_attendance_records[chromium]", "status": "failed", "statusDetails": {"message": "AssertionError: Locator expected to be visible\nActual value: None\nError: element(s) not found \nCall log:\n  - Expect \"to_be_visible\" with timeout 5000ms\n  - waiting for get_by_placeholder(\"yyyy-mm-dd\")", "trace": "self = <tests.end_to_end.test_time.TestTime object at 0x0000023EE1F90050>\nlogger = <Logger test_my_attendance_records[chromium] (INFO)>\ntime_page = <pages.TimePage.TimePage object at 0x0000023EE33F9590>\n\n    def test_my_attendance_records(self, logger, time_page):\n        time_page = TimePage(time_page)\n>       time_page.open_my_attendance_records()\n\ntests\\end_to_end\\test_time.py:23: \n_ _ _ _ _ _ _ _ _ _ _ _ _ _ _ _ _ _ _ _ _ _ _ _ _ _ _ _ _ _ _ _ _ _ _ _ _ _ _ _\n\nself = <pages.TimePage.TimePage object at 0x0000023EE33F9590>\n\n    def open_my_attendance_records(self):\n        # Click Attendance dropdown\n        attendance_dropdown = self.page.get_by_text(\"Attendance\").first\n        expect(attendance_dropdown).to_be_visible()\n        attendance_dropdown.click()\n    \n        # Click My Records\n        my_records = self.page.get_by_text(\"My Records\")\n        expect(my_records).to_be_visible()\n        my_records.click()\n    \n        # Assert Attendance page\n        expect(\n            self.page.get_by_role(\"heading\", name=\"My Attendance Records\")\n        ).to_be_visible()\n    \n        expect(\n            self.page.get_by_placeholder(\"yyyy-mm-dd\")\n>       ).to_be_visible()\n          ^^^^^^^^^^^^^^^\nE       AssertionError: Locator expected to be visible\nE       Actual value: None\nE       Error: element(s) not found \nE       Call log:\nE         - Expect \"to_be_visible\" with timeout 5000ms\nE         - waiting for get_by_placeholder(\"yyyy-mm-dd\")\n\npages\\TimePage.py:104: AssertionError"}, "attachments": [{"name": "Failure Screenshot", "source": "0e873346-4694-4d94-8547-5666ccae0c8c-attachment.png", "type": "image/png"}], "parameters": [{"name": "page", "value": "'chromium'"}], "start": 1770111441308, "stop": 1770111451196, "uuid": "19e97593-4055-421a-9e56-b6fd3cbef713", "historyId": "ad4b91d95304ea53850c122e78a17fcf", "testCaseId": "5875c5e9832977f0d0b8e88b8fc84e48", "fullName": "tests.end_to_end.test_time.TestTime#test_my_attendance_records", "labels": [{"name": "parentSuite", "value": "tests.end_to_end"}, {"name": "suite", "value": "test_time"}, {"name": "subSuite", "value": "TestTime"}, {"name": "host", "value": "ASUS-A15"}, {"name": "thread", "value": "11716-MainThread"}, {"name": "framework", "value": "pytest"}, {"name": "language", "value": "cpython3"}, {"name": "package", "value": "tests.end_to_end.test_time"}], "titlePath": ["tests", "end_to_end", "test_time.py", "TestTime"]}