{"name": "test_search_by_username[chromium]", "status": "failed", "statusDetails": {"message": "AssertionError: assert 0 > 0\n +  where 0 = count()\n +    where count = <Locator frame=<Frame name= url='https://opensource-demo.orangehrmlive.com/web/index.php/admin/viewSystemUsers'> selector='div.oxd-table-body div.oxd-table-card'>.count", "trace": "self = <tests.end_to_end.test_admin.TestAdmin object at 0x000001C8605B9E50>\nlogger = <Logger test_search_by_username[chromium] (INFO)>\nadmin_page = <Page url='https://opensource-demo.orangehrmlive.com/web/index.php/admin/viewSystemUsers'>\n\n    def test_search_by_username(self, logger, admin_page):\n        admin_user = AdminUserPage(admin_page)\n        admin_user.username_input.fill(\"Admin\")\n    \n        rows = admin_user.results_rows\n>       assert rows.count() > 0\nE       AssertionError: assert 0 > 0\nE        +  where 0 = count()\nE        +    where count = <Locator frame=<Frame name= url='https://opensource-demo.orangehrmlive.com/web/index.php/admin/viewSystemUsers'> selector='div.oxd-table-body div.oxd-table-card'>.count\n\ntests\\end_to_end\\test_admin.py:18: AssertionError"}, "attachments": [{"name": "Failure Screenshot", "source": "3c55618c-0abf-4c22-9b06-5036f15cb872-attachment.png", "type": "image/png"}], "parameters": [{"name": "page", "value": "'chromium'"}], "start": 1769978632457, "stop": 1769978633299, "uuid": "93431873-5438-41ae-ae48-ff3036b2978f", "historyId": "a34037e83f46cf04b14c20a68f9d128c", "testCaseId": "967ad275c83b586bab107b95e0fd26d0", "fullName": "tests.end_to_end.test_admin.TestAdmin#test_search_by_username", "labels": [{"name": "parentSuite", "value": "tests.end_to_end"}, {"name": "suite", "value": "test_admin"}, {"name": "subSuite", "value": "TestAdmin"}, {"name": "host", "value": "ASUS-A15"}, {"name": "thread", "value": "3012-MainThread"}, {"name": "framework", "value": "pytest"}, {"name": "language", "value": "cpython3"}, {"name": "package", "value": "tests.end_to_end.test_admin"}], "titlePath": ["tests", "end_to_end", "test_admin.py", "TestAdmin"]}