{"name": "test_dashboard_header_visible[chromium]", "status": "failed", "statusDetails": {"message": "AssertionError: Locator expected to be visible\nActual value: None\nError: element(s) not found \nCall log:\n  - Expect \"to_be_visible\" with timeout 5000ms\n  - waiting for get_by_role(\"heading\", name=\"Dashboard\")", "trace": "self = <tests.end_to_end.test_dashboard.TestDashboard object at 0x0000022A25079FD0>\ndashboard_page = <Page url='https://opensource-demo.orangehrmlive.com/web/index.php/admin/viewSystemUsers'>\n\n    def test_dashboard_header_visible(self, dashboard_page):\n        dashboard = DashboardPage(dashboard_page)\n>       expect(dashboard.is_dashboard_visible()).to_be_visible()\nE       AssertionError: Locator expected to be visible\nE       Actual value: None\nE       Error: element(s) not found \nE       Call log:\nE         - Expect \"to_be_visible\" with timeout 5000ms\nE         - waiting for get_by_role(\"heading\", name=\"Dashboard\")\n\ntests\\end_to_end\\test_dashboard.py:38: AssertionError"}, "attachments": [{"name": "Failure Screenshot", "source": "781b7ae4-426c-420d-b1dd-6a7cfd652fd6-attachment.png", "type": "image/png"}], "parameters": [{"name": "page", "value": "'chromium'"}], "start": 1770117719901, "stop": 1770117724906, "uuid": "2357394d-d0af-477f-a531-ce7b5a9196e4", "historyId": "99933b0bdbfe0f91f8f4f75ac0e17dfc", "testCaseId": "e6cc1dd1c2f4cf0588e94e1f596a9c73", "fullName": "tests.end_to_end.test_dashboard.TestDashboard#test_dashboard_header_visible", "labels": [{"name": "parentSuite", "value": "tests.end_to_end"}, {"name": "suite", "value": "test_dashboard"}, {"name": "subSuite", "value": "TestDashboard"}, {"name": "host", "value": "ASUS-A15"}, {"name": "thread", "value": "26672-MainThread"}, {"name": "framework", "value": "pytest"}, {"name": "language", "value": "cpython3"}, {"name": "package", "value": "tests.end_to_end.test_dashboard"}], "titlePath": ["tests", "end_to_end", "test_dashboard.py", "TestDashboard"]}