{"name": "test_search_user_by_ess_role[chromium]", "status": "failed", "statusDetails": {"message": "AssertionError: Locator expected to be visible\nActual value: None\nError: element(s) not found \nCall log:\n  - Expect \"to_be_visible\" with timeout 10000ms\n  - waiting for locator(\"div.oxd-table-body div.oxd-table-card\").first", "trace": "self = <end_to_end.test_admin.TestAdmin object at 0x0000021F469F9E50>\npage = <Page url='https://opensource-demo.orangehrmlive.com/web/index.php/admin/viewSystemUsers'>\nlogger = <Logger test_search_user_by_ess_role[chromium] (INFO)>\n\n    def test_search_user_by_ess_role(self, page, logger):\n    \n        admin_user = AdminUserPage(page)\n    \n        admin_user.select_user_role(\"ESS\")\n        admin_user.search_button.click()\n>       admin_user.wait_for_search_results()\n\ntests\\end_to_end\\test_admin.py:41: \n_ _ _ _ _ _ _ _ _ _ _ _ _ _ _ _ _ _ _ _ _ _ _ _ _ _ _ _ _ _ _ _ _ _ _ _ _ _ _ _\n\nself = <pages.AdminPage.AdminUserPage object at 0x0000021F47F4DF90>\n\n    def wait_for_search_results(self):\n>       expect(self.results_rows.first).to_be_visible(timeout=10000)\nE       AssertionError: Locator expected to be visible\nE       Actual value: None\nE       Error: element(s) not found \nE       Call log:\nE         - Expect \"to_be_visible\" with timeout 10000ms\nE         - waiting for locator(\"div.oxd-table-body div.oxd-table-card\").first\n\npages\\AdminPage.py:17: AssertionError"}, "attachments": [{"name": "Failure Screenshot", "source": "891ef999-82e3-4a69-b4e5-9c058ae99077-attachment.png", "type": "image/png"}, {"name": "log", "source": "5242d336-8ca0-4b0b-8f98-6d40c360c42d-attachment.txt", "type": "text/plain"}], "parameters": [{"name": "page", "value": "'chromium'"}], "start": 1769495823140, "stop": 1769495834558, "uuid": "5c2658af-f009-47cc-af6b-f03c6ba87f83", "historyId": "c81cce95082cfa0f09c6931c4453dd06", "testCaseId": "dc9c1035abd0d1dde12e91bd5d19212c", "fullName": "tests.end_to_end.test_admin.TestAdmin#test_search_user_by_ess_role", "labels": [{"name": "parentSuite", "value": "tests.end_to_end"}, {"name": "suite", "value": "test_admin"}, {"name": "subSuite", "value": "TestAdmin"}, {"name": "host", "value": "ASUS-A15"}, {"name": "thread", "value": "17872-MainThread"}, {"name": "framework", "value": "pytest"}, {"name": "language", "value": "cpython3"}, {"name": "package", "value": "tests.end_to_end.test_admin"}], "titlePath": ["tests", "end_to_end", "test_admin.py", "TestAdmin"]}