{"name": "test_search_with_invalid_username[chromium]", "status": "failed", "statusDetails": {"message": "AssertionError: Locator expected to have text 'No Records Found'\nActual value: None\nError: strict mode violation: locator(\"#oxd-toaster_1 p.oxd-toast-content-text\") resolved to 2 elements:\n    1) <p data-v-7b563373=\"\" data-v-35c8fe09=\"\" class=\"oxd-text oxd-text--p oxd-text--toast-title oxd-toast-content-text\">Info</p> aka get_by_text(\"Info\", exact=True)\n    2) <p data-v-7b563373=\"\" data-v-35c8fe09=\"\" class=\"oxd-text oxd-text--p oxd-text--toast-message oxd-toast-content-text\">No Records Found</p> aka get_by_text(\"No Records Found\")\n \nCall log:\n  - Expect \"to_have_text\" with timeout 5000ms\n  - waiting for locator(\"#oxd-toaster_1 p.oxd-toast-content-text\")", "trace": "self = <tests.end_to_end.test_admin.TestAdmin object at 0x000001DBEF885150>\nlogger = <Logger test_search_with_invalid_username[chromium] (INFO)>\nadmin_page = <Page url='https://opensource-demo.orangehrmlive.com/web/index.php/admin/viewSystemUsers'>\n\n    def test_search_with_invalid_username(self,logger, admin_page):\n        admin_user = AdminUserPage(admin_page)\n        admin_user.click_reset()\n        admin_user.enter_username(\"piyushkasture\")\n        admin_user.click_search()\n    \n>       expect(admin_user.no_records_message).to_have_text(\"No Records Found\")\nE       AssertionError: Locator expected to have text 'No Records Found'\nE       Actual value: None\nE       Error: strict mode violation: locator(\"#oxd-toaster_1 p.oxd-toast-content-text\") resolved to 2 elements:\nE           1) <p data-v-7b563373=\"\" data-v-35c8fe09=\"\" class=\"oxd-text oxd-text--p oxd-text--toast-title oxd-toast-content-text\">Info</p> aka get_by_text(\"Info\", exact=True)\nE           2) <p data-v-7b563373=\"\" data-v-35c8fe09=\"\" class=\"oxd-text oxd-text--p oxd-text--toast-message oxd-toast-content-text\">No Records Found</p> aka get_by_text(\"No Records Found\")\nE        \nE       Call log:\nE         - Expect \"to_have_text\" with timeout 5000ms\nE         - waiting for locator(\"#oxd-toaster_1 p.oxd-toast-content-text\")\n\ntests\\end_to_end\\test_admin.py:91: AssertionError"}, "attachments": [{"name": "Failure Screenshot", "source": "14f473e1-3908-4214-8ad3-937e4751596c-attachment.png", "type": "image/png"}, {"name": "log", "source": "ad4e402e-512f-4399-8562-129a26131ef9-attachment.txt", "type": "text/plain"}], "parameters": [{"name": "page", "value": "'chromium'"}], "start": 1769984168128, "stop": 1769984170078, "uuid": "fd44bff8-61b0-4cdc-9e58-35777526bbb7", "historyId": "7e10f0c6e2473363e328d5c63bbf92f7", "testCaseId": "db748816810a3159b03746121d3964fb", "fullName": "tests.end_to_end.test_admin.TestAdmin#test_search_with_invalid_username", "labels": [{"name": "parentSuite", "value": "tests.end_to_end"}, {"name": "suite", "value": "test_admin"}, {"name": "subSuite", "value": "TestAdmin"}, {"name": "host", "value": "ASUS-A15"}, {"name": "thread", "value": "7672-MainThread"}, {"name": "framework", "value": "pytest"}, {"name": "language", "value": "cpython3"}, {"name": "package", "value": "tests.end_to_end.test_admin"}], "titlePath": ["tests", "end_to_end", "test_admin.py", "TestAdmin"]}