{"name": "test_admin_page_search_user[chromium]", "status": "failed", "statusDetails": {"message": "AssertionError: Locator expected to have text 'Admin'\nActual value: -- Select -- \nCall log:\n  - Expect \"to_have_text\" with timeout 5000ms\n  - waiting for locator(\"xpath=(//div[@class='oxd-select-wrapper'])[1]\")\n    9 × locator resolved to <div data-v-13cf171c=\"\" class=\"oxd-select-wrapper\">…</div>\n      - unexpected value \"-- Select --\"", "trace": "self = <e2e.test_admin.TestAdmin object at 0x000002D02BBD5810>\npage = <Page url='https://opensource-demo.orangehrmlive.com/web/index.php/admin/viewSystemUsers'>\nlogger = <Logger test_admin_page_search_user[chromium] (INFO)>\n\n    def test_admin_page_search_user(self, page, logger):\n        \"\"\"Test searching for a user in the Admin page.\n    \n        This test verifies the following workflow:\n        1. Login with admin credentials\n        2. Navigate to the Admin section from dashboard\n        3. Search for a specific user\n        4. Verify that the user appears in the search results\n        \"\"\"\n        # Initialize page objects for different pages in the application\n        login_page = LoginPage(page, logger)\n        dashboard_page = DashboardPage(page)\n        admin_page = AdminUserPage(page, logger)\n    \n        # Step 1: Perform login with admin credentials\n        login_page.login(\"Admin\", \"admin123\")\n    \n        # Step 2: Navigate from dashboard to admin page\n        dashboard_page.go_to_admin()\n    \n        # Step 3: Search for a specific user by entering username\n        # admin_page.search_by_username(\"Admin\")\n    \n        # Step 4: Select user role filter\n        admin_page.select_user_role()\n    \n        # Step 5: Verify that the dropdown is visible and the search was performed\n>       expect(admin_page.user_role_dropdown).to_have_text(\"Admin\")\nE       AssertionError: Locator expected to have text 'Admin'\nE       Actual value: -- Select -- \nE       Call log:\nE         - Expect \"to_have_text\" with timeout 5000ms\nE         - waiting for locator(\"xpath=(//div[@class='oxd-select-wrapper'])[1]\")\nE           9 × locator resolved to <div data-v-13cf171c=\"\" class=\"oxd-select-wrapper\">…</div>\nE             - unexpected value \"-- Select --\"\n\ntests\\e2e\\test_admin.py:64: AssertionError"}, "description": "Test searching for a user in the Admin page.\n\nThis test verifies the following workflow:\n1. Login with admin credentials\n2. Navigate to the Admin section from dashboard\n3. Search for a specific user\n4. Verify that the user appears in the search results\n", "attachments": [{"name": "Failure Screenshot", "source": "d3990e77-f489-4b7d-8d25-ba71dedb5a8c-attachment.png", "type": "image/png"}, {"name": "log", "source": "2a12d8a4-43b4-4021-8d09-f1bde1f90a21-attachment.txt", "type": "text/plain"}], "parameters": [{"name": "page", "value": "'chromium'"}], "start": 1769457725795, "stop": 1769457737042, "uuid": "c850adf5-67e5-462b-a48d-3fe722fa9932", "historyId": "169d2b0409439cb461b64cd2e6706c09", "testCaseId": "599d88602f6825641c8792d573e2fd8d", "fullName": "tests.e2e.test_admin.TestAdmin#test_admin_page_search_user", "labels": [{"name": "parentSuite", "value": "tests.e2e"}, {"name": "suite", "value": "test_admin"}, {"name": "subSuite", "value": "TestAdmin"}, {"name": "host", "value": "ASUS-A15"}, {"name": "thread", "value": "45040-MainThread"}, {"name": "framework", "value": "pytest"}, {"name": "language", "value": "cpython3"}, {"name": "package", "value": "tests.e2e.test_admin"}], "titlePath": ["tests", "e2e", "test_admin.py", "TestAdmin"]}