{"name": "test_login[chromium-@@@@@@-12345]", "status": "failed", "statusDetails": {"message": "AssertionError: Expected error message not shown for invalid login\nassert (False or False)\n +  where False = get_error_message()\n +    where get_error_message = <pages.LoginPage.LoginPage object at 0x000001F70A231950>.get_error_message\n +  and   False = get_error_message()\n +    where get_error_message = <pages.LoginPage.LoginPage object at 0x000001F70A231950>.get_error_message", "trace": "self = <e2e.test_login.TestLogin object at 0x000001F708C71450>\npage = <Page url='https://opensource-demo.orangehrmlive.com/web/index.php/auth/login'>\nusername = '@@@@@@', password = '12345'\n\n    @pytest.mark.parametrize(\"username,password\", test_data())\n    \n    def test_login(self, page, username, password):\n        login = LoginPage(page)\n        dashboard = DashboardPage(page)\n    \n        login.login(username, password)\n    \n        if username == \"Admin\" and password == \"admin123\":\n            assert dashboard.is_dashboard_visible(), \\\n                f\"Login failed for valid data: {username}/{password}\"\n        else:\n>           assert (\n                    login.get_error_message()\n                    or login.get_error_message()\n            ), \"Expected error message not shown for invalid login\"\nE           AssertionError: Expected error message not shown for invalid login\nE           assert (False or False)\nE            +  where False = get_error_message()\nE            +    where get_error_message = <pages.LoginPage.LoginPage object at 0x000001F70A231950>.get_error_message\nE            +  and   False = get_error_message()\nE            +    where get_error_message = <pages.LoginPage.LoginPage object at 0x000001F70A231950>.get_error_message\n\ntests\\e2e\\test_login.py:20: AssertionError"}, "attachments": [{"name": "Failure Screenshot", "source": "8be81562-b5d6-4177-82bf-10912ac6279c-attachment.png", "type": "image/png"}], "parameters": [{"name": "page", "value": "'chromium'"}, {"name": "username", "value": "'@@@@@@'"}, {"name": "password", "value": "'12345'"}], "start": 1769243077657, "stop": 1769243082208, "uuid": "4fecb700-2d60-4a78-95d5-d700d193fa27", "historyId": "25e3778199197434b7166b54e848909c", "testCaseId": "af9957825c38d625762cf2f75d42c2a0", "fullName": "tests.e2e.test_login.TestLogin#test_login", "labels": [{"name": "parentSuite", "value": "tests.e2e"}, {"name": "suite", "value": "test_login"}, {"name": "subSuite", "value": "TestLogin"}, {"name": "host", "value": "ASUS-A15"}, {"name": "thread", "value": "12612-MainThread"}, {"name": "framework", "value": "pytest"}, {"name": "language", "value": "cpython3"}, {"name": "package", "value": "tests.e2e.test_login"}], "titlePath": ["tests", "e2e", "test_login.py", "TestLogin"]}