{"name": "test_verify_username_input_field_is_visible[chromium]", "status": "failed", "statusDetails": {"message": "AssertionError: Locator expected to be visible\nActual value: None\nError: element(s) not found \nCall log:\n  - Expect \"to_be_visible\" with timeout 5000ms\n  - waiting for get_by_label(\"Username\")", "trace": "self = <tests.end_to_end.test_admin.TestAdmin object at 0x00000293230EC770>\nlogger = <Logger test_verify_username_input_field_is_visible[chromium] (INFO)>\nadmin_page = <Page url='https://opensource-demo.orangehrmlive.com/web/index.php/admin/viewSystemUsers'>\n\n    def test_verify_username_input_field_is_visible(self, logger, admin_page):\n        # TC04: Verify Username input field is visible and editable\n        admin_user = AdminUserPage(admin_page)\n    \n>       expect(admin_user.username_input).to_be_visible()\nE       AssertionError: Locator expected to be visible\nE       Actual value: None\nE       Error: element(s) not found \nE       Call log:\nE         - Expect \"to_be_visible\" with timeout 5000ms\nE         - waiting for get_by_label(\"Username\")\n\ntests\\end_to_end\\test_admin.py:47: AssertionError"}, "attachments": [{"name": "Failure Screenshot", "source": "6f27292c-0e65-4dad-a5ec-6992ad512cf2-attachment.png", "type": "image/png"}], "parameters": [{"name": "page", "value": "'chromium'"}], "start": 1769976280641, "stop": 1769976285652, "uuid": "c15dc092-fad2-4d2b-ab89-41d9e6279c8b", "historyId": "a9f3dfc6ea3a67c2c75cc40a5c631b2a", "testCaseId": "f1a032bca416191225abe66a84963c2c", "fullName": "tests.end_to_end.test_admin.TestAdmin#test_verify_username_input_field_is_visible", "labels": [{"name": "parentSuite", "value": "tests.end_to_end"}, {"name": "suite", "value": "test_admin"}, {"name": "subSuite", "value": "TestAdmin"}, {"name": "host", "value": "ASUS-A15"}, {"name": "thread", "value": "28276-MainThread"}, {"name": "framework", "value": "pytest"}, {"name": "language", "value": "cpython3"}, {"name": "package", "value": "tests.end_to_end.test_admin"}], "titlePath": ["tests", "end_to_end", "test_admin.py", "TestAdmin"]}