{"name": "test_open_my_timesheet[chromium]", "status": "failed", "statusDetails": {"message": "AssertionError: Locator expected to be visible\nActual value: None\nError: element(s) not found \nCall log:\n  - Expect \"to_be_visible\" with timeout 5000ms\n  - waiting for get_by_role(\"button\", name=\"Timesheets\")", "trace": "self = <tests.end_to_end.test_time.TestTime object at 0x0000023EE1F2DD10>\nlogger = <Logger test_open_my_timesheet[chromium] (INFO)>\ntime_page = <pages.TimePage.TimePage object at 0x0000023EE2089A90>\n\n    def test_open_my_timesheet(self, logger, time_page):\n        time_page = TimePage(time_page)\n        # Open Timesheets dropdown\n>       time_page.open_timesheets_dropdown()\n\ntests\\end_to_end\\test_time.py:15: \n_ _ _ _ _ _ _ _ _ _ _ _ _ _ _ _ _ _ _ _ _ _ _ _ _ _ _ _ _ _ _ _ _ _ _ _ _ _ _ _\n\nself = <pages.TimePage.TimePage object at 0x0000023EE2089A90>\n\n    def open_timesheets_dropdown(self):\n        timesheets_dropdown = self.page.get_by_role(\n            \"button\", name=\"Timesheets\"\n        )\n>       expect(timesheets_dropdown).to_be_visible()\nE       AssertionError: Locator expected to be visible\nE       Actual value: None\nE       Error: element(s) not found \nE       Call log:\nE         - Expect \"to_be_visible\" with timeout 5000ms\nE         - waiting for get_by_role(\"button\", name=\"Timesheets\")\n\npages\\TimePage.py:51: AssertionError"}, "attachments": [{"name": "Failure Screenshot", "source": "24ffeac1-1bd1-451f-9a5d-b17d7e2f765c-attachment.png", "type": "image/png"}], "parameters": [{"name": "page", "value": "'chromium'"}], "start": 1770111436222, "stop": 1770111441232, "uuid": "845f8d10-d371-4e03-b227-e6ba1cf51212", "historyId": "e03f9226df6e4720e8eb50cac7fd0251", "testCaseId": "7b68ec98ff38d8dc5334fbf95a337333", "fullName": "tests.end_to_end.test_time.TestTime#test_open_my_timesheet", "labels": [{"name": "parentSuite", "value": "tests.end_to_end"}, {"name": "suite", "value": "test_time"}, {"name": "subSuite", "value": "TestTime"}, {"name": "host", "value": "ASUS-A15"}, {"name": "thread", "value": "11716-MainThread"}, {"name": "framework", "value": "pytest"}, {"name": "language", "value": "cpython3"}, {"name": "package", "value": "tests.end_to_end.test_time"}], "titlePath": ["tests", "end_to_end", "test_time.py", "TestTime"]}