{"name": "test_personal_details_create_edit_delete[chromium]", "status": "failed", "statusDetails": {"message": "AssertionError: Locator expected to be visible\nActual value: None\nError: element(s) not found \nCall log:\n  - Expect \"to_be_visible\" with timeout 5000ms\n  - waiting for locator(\"div.oxd-toast-content\")", "trace": "self = <tests.end_to_end.test_my_info.TestMyInfo object at 0x000001D0F997A0D0>\nlogger = <Logger test_personal_details_create_edit_delete[chromium] (INFO)>\nmyinfo_page = <Page url='https://opensource-demo.orangehrmlive.com/web/index.php/pim/viewPersonalDetails/empNumber/7'>\nget_my_info_data = {'contact': {'email': 'test.work@example.com', 'mobile': '9876543210', 'street1': '123 Test Street'}, 'dependent': {'d...6655', 'edit_name': 'Emergency Contact Updated', 'edit_relationship': 'Sibling', 'home_phone': '9123456789', ...}, ...}\n\n    def test_personal_details_create_edit_delete(self, logger, myinfo_page, get_my_info_data):\n        \"\"\"Personal Details: edit (update name) then edit again (second update).\"\"\"\n        mi = MyInfoPage(myinfo_page, logger)\n        data = get_my_info_data[\"personal_positive\"][\"data1\"]\n        mi.open_personal_details()\n        myinfo_page.wait_for_timeout(1500)\n        # Edit: update personal details\n        mi.update_personal(data[\"first\"], data.get(\"middle\", \"\"), data[\"last\"])\n        mi.wait_for_success_toast()\n        logger.info(\"Personal Details: first edit (create/update) passed\")\n        # Edit again: second update\n        data2 = get_my_info_data[\"personal_positive\"][\"data2\"]\n        mi.update_personal(data2[\"first\"], data2.get(\"middle\", \"\"), data2[\"last\"])\n        mi.wait_for_success_toast()\n        logger.info(\"Personal Details: second edit passed\")\n        # Revert to data1 so other tests are not affected\n        mi.update_personal(data[\"first\"], data.get(\"middle\", \"\"), data[\"last\"])\n>       mi.wait_for_success_toast()\n\ntests\\end_to_end\\test_my_info.py:36: \n_ _ _ _ _ _ _ _ _ _ _ _ _ _ _ _ _ _ _ _ _ _ _ _ _ _ _ _ _ _ _ _ _ _ _ _ _ _ _ _\n\nself = <pages.MyInfoPage.MyInfoPage object at 0x000001D0FAF94980>\ntimeout = 5000\n\n    def wait_for_success_toast(self, timeout: int = 5000):\n        \"\"\"Wait for success toast (Successfully Updated/Saved/Deleted).\"\"\"\n>       expect(self._success_toast).to_be_visible(timeout=timeout)\nE       AssertionError: Locator expected to be visible\nE       Actual value: None\nE       Error: element(s) not found \nE       Call log:\nE         - Expect \"to_be_visible\" with timeout 5000ms\nE         - waiting for locator(\"div.oxd-toast-content\")\n\npages\\MyInfoPage.py:110: AssertionError"}, "description": "Personal Details: edit (update name) then edit again (second update).", "attachments": [{"name": "log", "source": "a819e5d3-b0c8-403b-88f4-3e290b94070f-attachment.txt", "type": "text/plain"}], "parameters": [{"name": "page", "value": "'chromium'"}], "start": 1769980239873, "stop": 1769980255577, "uuid": "ee44934c-0639-41d2-b3b6-52a034ed867e", "historyId": "30163749f66c15058e0c3dc7607d2001", "testCaseId": "3e6ab9afb00145a5912dc45d1773d502", "fullName": "tests.end_to_end.test_my_info.TestMyInfo#test_personal_details_create_edit_delete", "labels": [{"name": "parentSuite", "value": "tests.end_to_end"}, {"name": "suite", "value": "test_my_info"}, {"name": "subSuite", "value": "TestMyInfo"}, {"name": "host", "value": "ASUS-A15"}, {"name": "thread", "value": "42268-MainThread"}, {"name": "framework", "value": "pytest"}, {"name": "language", "value": "cpython3"}, {"name": "package", "value": "tests.end_to_end.test_my_info"}], "titlePath": ["tests", "end_to_end", "test_my_info.py", "TestMyInfo"]}