{"name": "test_attendance_configuration[chromium]", "status": "failed", "statusDetails": {"message": "AssertionError: Locator expected to be visible\nActual value: None\nError: element(s) not found \nCall log:\n  - Expect \"to_be_visible\" with timeout 5000ms\n  - waiting for get_by_role(\"button\", name=\"Attendance\")", "trace": "self = <tests.end_to_end.test_time.TestTime object at 0x0000023EE1F88490>\nlogger = <Logger test_attendance_configuration[chromium] (INFO)>\ntime_page = <pages.TimePage.TimePage object at 0x0000023EE349F410>\n\n    def test_attendance_configuration(self, logger, time_page):\n    \n        time_page = TimePage(time_page)\n    \n        # Configuration\n>       time_page.click_attendance_configuration_and_assert()\n\ntests\\end_to_end\\test_time.py:43: \n_ _ _ _ _ _ _ _ _ _ _ _ _ _ _ _ _ _ _ _ _ _ _ _ _ _ _ _ _ _ _ _ _ _ _ _ _ _ _ _\npages\\TimePage.py:154: in click_attendance_configuration_and_assert\n    self.open_attendance_dropdown()\n_ _ _ _ _ _ _ _ _ _ _ _ _ _ _ _ _ _ _ _ _ _ _ _ _ _ _ _ _ _ _ _ _ _ _ _ _ _ _ _\n\nself = <pages.TimePage.TimePage object at 0x0000023EE349F410>\n\n    def open_attendance_dropdown(self):\n        attendance_dropdown = self.page.get_by_role(\"button\", name=\"Attendance\")\n>       expect(attendance_dropdown).to_be_visible()\nE       AssertionError: Locator expected to be visible\nE       Actual value: None\nE       Error: element(s) not found \nE       Call log:\nE         - Expect \"to_be_visible\" with timeout 5000ms\nE         - waiting for get_by_role(\"button\", name=\"Attendance\")\n\npages\\TimePage.py:118: AssertionError"}, "attachments": [{"name": "Failure Screenshot", "source": "7dad1dc6-85bd-4135-8f9c-fe3dc37ee5b3-attachment.png", "type": "image/png"}], "parameters": [{"name": "page", "value": "'chromium'"}], "start": 1770111461451, "stop": 1770111466467, "uuid": "33515527-f446-46c4-8283-b464a878d20a", "historyId": "d7e8b605c8060ad76d4e4cf8b197ff27", "testCaseId": "3781a6eaf07bf7a214df764b4f081ee7", "fullName": "tests.end_to_end.test_time.TestTime#test_attendance_configuration", "labels": [{"name": "parentSuite", "value": "tests.end_to_end"}, {"name": "suite", "value": "test_time"}, {"name": "subSuite", "value": "TestTime"}, {"name": "host", "value": "ASUS-A15"}, {"name": "thread", "value": "11716-MainThread"}, {"name": "framework", "value": "pytest"}, {"name": "language", "value": "cpython3"}, {"name": "package", "value": "tests.end_to_end.test_time"}], "titlePath": ["tests", "end_to_end", "test_time.py", "TestTime"]}