{"name": "test_at_least_one_widget_present[chromium]", "status": "failed", "statusDetails": {"message": "AssertionError: assert 0 > 0\n +  where 0 = count()\n +    where count = <Locator frame=<Frame name= url='https://opensource-demo.orangehrmlive.com/web/index.php/admin/viewSystemUsers'> selector='div.oxd-dashboard-widget'>.count\n +      where <Locator frame=<Frame name= url='https://opensource-demo.orangehrmlive.com/web/index.php/admin/viewSystemUsers'> selector='div.oxd-dashboard-widget'> = get_widgets()\n +        where get_widgets = <pages.DashboardPage.DashboardPage object at 0x0000022A265CDA30>.get_widgets", "trace": "self = <tests.end_to_end.test_dashboard.TestDashboard object at 0x0000022A2504EB50>\ndashboard_page = <Page url='https://opensource-demo.orangehrmlive.com/web/index.php/admin/viewSystemUsers'>\n\n    def test_at_least_one_widget_present(self, dashboard_page):\n        dashboard = DashboardPage(dashboard_page)\n>       assert dashboard.get_widgets().count() > 0\nE       AssertionError: assert 0 > 0\nE        +  where 0 = count()\nE        +    where count = <Locator frame=<Frame name= url='https://opensource-demo.orangehrmlive.com/web/index.php/admin/viewSystemUsers'> selector='div.oxd-dashboard-widget'>.count\nE        +      where <Locator frame=<Frame name= url='https://opensource-demo.orangehrmlive.com/web/index.php/admin/viewSystemUsers'> selector='div.oxd-dashboard-widget'> = get_widgets()\nE        +        where get_widgets = <pages.DashboardPage.DashboardPage object at 0x0000022A265CDA30>.get_widgets\n\ntests\\end_to_end\\test_dashboard.py:53: AssertionError"}, "attachments": [{"name": "Failure Screenshot", "source": "544e460f-6623-4993-98ea-159a70489a83-attachment.png", "type": "image/png"}], "parameters": [{"name": "page", "value": "'chromium'"}], "start": 1770117735351, "stop": 1770117735358, "uuid": "a75d5432-ef09-4a18-8769-361b362561cf", "historyId": "8cf2f78e4798688bda07d47dedf4cd49", "testCaseId": "42706c1ca07ca2cff5534c5635b0cef5", "fullName": "tests.end_to_end.test_dashboard.TestDashboard#test_at_least_one_widget_present", "labels": [{"name": "parentSuite", "value": "tests.end_to_end"}, {"name": "suite", "value": "test_dashboard"}, {"name": "subSuite", "value": "TestDashboard"}, {"name": "host", "value": "ASUS-A15"}, {"name": "thread", "value": "26672-MainThread"}, {"name": "framework", "value": "pytest"}, {"name": "language", "value": "cpython3"}, {"name": "package", "value": "tests.end_to_end.test_dashboard"}], "titlePath": ["tests", "end_to_end", "test_dashboard.py", "TestDashboard"]}