{"name": "test_search_with_invalid_username[chromium]", "status": "failed", "statusDetails": {"message": "AssertionError: Locator expected to have text 'No Records Found'\nActual value: None\nError: strict mode violation: get_by_text(\"No Records Found\") resolved to 2 elements:\n    1) <span data-v-7b563373=\"\" data-v-5a621acd=\"\" class=\"oxd-text oxd-text--span\">No Records Found</span> aka locator(\"span\").filter(has_text=\"No Records Found\")\n    2) <p data-v-7b563373=\"\" data-v-35c8fe09=\"\" class=\"oxd-text oxd-text--p oxd-text--toast-message oxd-toast-content-text\">No Records Found</p> aka locator(\"#oxd-toaster_1\").get_by_text(\"No Records Found\")\n \nCall log:\n  - Expect \"to_have_text\" with timeout 5000ms\n  - waiting for get_by_text(\"No Records Found\")", "trace": "self = <tests.end_to_end.test_admin.TestAdmin object at 0x0000021F3E4F4F50>\nlogger = <Logger test_search_with_invalid_username[chromium] (INFO)>\nadmin_page = <Page url='https://opensource-demo.orangehrmlive.com/web/index.php/admin/viewSystemUsers'>\n\n    def test_search_with_invalid_username(self,logger, admin_page):\n        admin_user = AdminUserPage(admin_page)\n        admin_user.click_reset()\n        admin_user.enter_username(\"piyushkasture\")\n        admin_user.click_search()\n    \n>       expect(admin_user.no_records_message).to_have_text(\"No Records Found\")\nE       AssertionError: Locator expected to have text 'No Records Found'\nE       Actual value: None\nE       Error: strict mode violation: get_by_text(\"No Records Found\") resolved to 2 elements:\nE           1) <span data-v-7b563373=\"\" data-v-5a621acd=\"\" class=\"oxd-text oxd-text--span\">No Records Found</span> aka locator(\"span\").filter(has_text=\"No Records Found\")\nE           2) <p data-v-7b563373=\"\" data-v-35c8fe09=\"\" class=\"oxd-text oxd-text--p oxd-text--toast-message oxd-toast-content-text\">No Records Found</p> aka locator(\"#oxd-toaster_1\").get_by_text(\"No Records Found\")\nE        \nE       Call log:\nE         - Expect \"to_have_text\" with timeout 5000ms\nE         - waiting for get_by_text(\"No Records Found\")\n\ntests\\end_to_end\\test_admin.py:91: AssertionError"}, "attachments": [{"name": "Failure Screenshot", "source": "f0ded8d2-b0a4-4b0d-a8b1-03ac711a2a72-attachment.png", "type": "image/png"}, {"name": "log", "source": "ec3cb567-ebf8-4843-b17b-73936a11d5f8-attachment.txt", "type": "text/plain"}], "parameters": [{"name": "page", "value": "'chromium'"}], "start": 1769983798118, "stop": 1769983800078, "uuid": "4df1371f-52e6-4b1e-a215-e833866d4049", "historyId": "7e10f0c6e2473363e328d5c63bbf92f7", "testCaseId": "db748816810a3159b03746121d3964fb", "fullName": "tests.end_to_end.test_admin.TestAdmin#test_search_with_invalid_username", "labels": [{"name": "parentSuite", "value": "tests.end_to_end"}, {"name": "suite", "value": "test_admin"}, {"name": "subSuite", "value": "TestAdmin"}, {"name": "host", "value": "ASUS-A15"}, {"name": "thread", "value": "46112-MainThread"}, {"name": "framework", "value": "pytest"}, {"name": "language", "value": "cpython3"}, {"name": "package", "value": "tests.end_to_end.test_admin"}], "titlePath": ["tests", "end_to_end", "test_admin.py", "TestAdmin"]}