{"name": "test_liking_a_buzz_post[chromium]", "status": "failed", "statusDetails": {"message": "AssertionError: Locator expected to be visible\nActual value: None\nError: element(s) not found \nCall log:\n  - Expect \"to_be_visible\" with timeout 5000ms\n  - waiting for locator(\".oxd-buzz-post\").first.locator(\".orangehrm-buzz-post-actions button\").first", "trace": "self = <tests.end_to_end.test_buzz.TestBuzz object at 0x000001FA2420FF00>\nlogger = <Logger test_liking_a_buzz_post (INFO)>\nbuzz_page = <Page url='https://opensource-demo.orangehrmlive.com/web/index.php/buzz/viewBuzz'>\n\n    def test_liking_a_buzz_post(self,logger, buzz_page):\n        # Test: Like a buzz post and verify like count increases\n        logger = get_logger(\"test_liking_a_buzz_post\")\n        buzz = BuzzPage(buzz_page)\n        logger.info(\"Getting like count before liking\")\n        count_before = buzz.like_count_first_post()\n        logger.info(f\"Like count before: {count_before}\")\n        logger.info(\"Liking first post\")\n>       buzz.like_first_post()\n\ntests\\end_to_end\\test_buzz.py:70: \n_ _ _ _ _ _ _ _ _ _ _ _ _ _ _ _ _ _ _ _ _ _ _ _ _ _ _ _ _ _ _ _ _ _ _ _ _ _ _ _\n\nself = <pages.BuzzPage.BuzzPage object at 0x000001FA25984B90>\n\n    def like_first_post(self):\n        # Like the first post in the feed\n        self.logger.info(\"Liking first post\")\n        post = self.page.locator(\".oxd-buzz-post\").first\n        post.hover()\n        self.logger.info(\"Post element hovered\")\n    \n        btn = post.locator(\".orangehrm-buzz-post-actions button\").first\n>       expect(btn).to_be_visible()\nE       AssertionError: Locator expected to be visible\nE       Actual value: None\nE       Error: element(s) not found \nE       Call log:\nE         - Expect \"to_be_visible\" with timeout 5000ms\nE         - waiting for locator(\".oxd-buzz-post\").first.locator(\".orangehrm-buzz-post-actions button\").first\n\npages\\BuzzPage.py:183: AssertionError"}, "attachments": [{"name": "Failure Screenshot", "source": "143a1f79-84c7-4127-bf3b-b44243c072ba-attachment.png", "type": "image/png"}], "parameters": [{"name": "page", "value": "'chromium'"}], "start": 1770110557659, "stop": 1770110562701, "uuid": "db9e35d2-aec3-4805-ace0-dd53ac475535", "historyId": "50781a89f524e20f41bdb16af6301d36", "testCaseId": "e840094be669efca3102acaf8576b13c", "fullName": "tests.end_to_end.test_buzz.TestBuzz#test_liking_a_buzz_post", "labels": [{"name": "parentSuite", "value": "tests.end_to_end"}, {"name": "suite", "value": "test_buzz"}, {"name": "subSuite", "value": "TestBuzz"}, {"name": "host", "value": "ASUS-A15"}, {"name": "thread", "value": "37356-MainThread"}, {"name": "framework", "value": "pytest"}, {"name": "language", "value": "cpython3"}, {"name": "package", "value": "tests.end_to_end.test_buzz"}], "titlePath": ["tests", "end_to_end", "test_buzz.py", "TestBuzz"]}