{"name": "test_verify_user_role_dropdown_is_visible[chromium]", "status": "failed", "statusDetails": {"message": "AssertionError: Locator expected to be visible\nActual value: None\nError: element(s) not found \nCall log:\n  - Expect \"to_be_visible\" with timeout 5000ms\n  - waiting for get_by_label(\"User Role\")", "trace": "self = <tests.end_to_end.test_admin.TestAdmin object at 0x0000029322F31D90>\nlogger = <Logger test_verify_user_role_dropdown_is_visible[chromium] (INFO)>\nadmin_page = <Page url='https://opensource-demo.orangehrmlive.com/web/index.php/admin/viewSystemUsers'>\n\n    def test_verify_user_role_dropdown_is_visible(self, logger, admin_page):\n        # TC05: Verify User Role dropdown is visible and clickable\n        admin_user = AdminUserPage(admin_page)\n    \n>       expect(admin_user.user_role_dropdown).to_be_visible()\nE       AssertionError: Locator expected to be visible\nE       Actual value: None\nE       Error: element(s) not found \nE       Call log:\nE         - Expect \"to_be_visible\" with timeout 5000ms\nE         - waiting for get_by_label(\"User Role\")\n\ntests\\end_to_end\\test_admin.py:56: AssertionError"}, "attachments": [{"name": "Failure Screenshot", "source": "f5f2ab78-e451-4d3e-b8b1-16e55d116871-attachment.png", "type": "image/png"}], "parameters": [{"name": "page", "value": "'chromium'"}], "start": 1769976285761, "stop": 1769976290775, "uuid": "147868c5-0749-466b-9948-7dc0cc7611ec", "historyId": "53d3adbe2502e12a76cf4f63a72d66b1", "testCaseId": "79d9341f022ff133da11edf9ce49c860", "fullName": "tests.end_to_end.test_admin.TestAdmin#test_verify_user_role_dropdown_is_visible", "labels": [{"name": "parentSuite", "value": "tests.end_to_end"}, {"name": "suite", "value": "test_admin"}, {"name": "subSuite", "value": "TestAdmin"}, {"name": "host", "value": "ASUS-A15"}, {"name": "thread", "value": "28276-MainThread"}, {"name": "framework", "value": "pytest"}, {"name": "language", "value": "cpython3"}, {"name": "package", "value": "tests.end_to_end.test_admin"}], "titlePath": ["tests", "end_to_end", "test_admin.py", "TestAdmin"]}