{"name": "test_navigate_to_pim_page", "status": "failed", "statusDetails": {"message": "AssertionError: PIM page did not load successfully\nassert False\n +  where False = is_pim_page_loaded()\n +    where is_pim_page_loaded = <pages.PIMPage.PIMPage object at 0x0000014D339006E0>.is_pim_page_loaded", "trace": "self = <e2e.test_pim.TestPIM object at 0x0000014D334D4E10>\n\n    def test_navigate_to_pim_page(self):\n        login_page = LoginPage(self.page)\n        dashboard_page = DashboardPage(self.page)\n        pim_page = PIMPage(self.page)\n    \n        login_page.login(\"Admin\", \"admin123\")\n        dashboard_page.go_to_pim()\n    \n>       assert pim_page.is_pim_page_loaded(), \\\n            \"PIM page did not load successfully\"\nE       AssertionError: PIM page did not load successfully\nE       assert False\nE        +  where False = is_pim_page_loaded()\nE        +    where is_pim_page_loaded = <pages.PIMPage.PIMPage object at 0x0000014D339006E0>.is_pim_page_loaded\n\ntests\\e2e\\test_pim.py:17: AssertionError"}, "start": 1769026330331, "stop": 1769026336200, "uuid": "9ef315ed-ff06-4802-b14e-dc3e94b3aa9f", "historyId": "36f31284a20016886062d16c5cdc461a", "testCaseId": "36f31284a20016886062d16c5cdc461a", "fullName": "tests.e2e.test_pim.TestPIM#test_navigate_to_pim_page", "labels": [{"name": "parentSuite", "value": "tests.e2e"}, {"name": "suite", "value": "test_pim"}, {"name": "subSuite", "value": "TestPIM"}, {"name": "host", "value": "ASUS-A15"}, {"name": "thread", "value": "29564-MainThread"}, {"name": "framework", "value": "pytest"}, {"name": "language", "value": "cpython3"}, {"name": "package", "value": "tests.e2e.test_pim"}], "titlePath": ["tests", "e2e", "test_pim.py", "TestPIM"]}