{"name": "test_admin_page_search_user[chromium]", "status": "failed", "statusDetails": {"message": "AssertionError: Locator expected to have Value 'Admin'\nActual value:  \nCall log:\n  - Expect \"to_have_value\" with timeout 5000ms\n  - waiting for locator(\"xpath=(//input[@class='oxd-input oxd-input--active'])[2]\")\n    9 × locator resolved to <input data-v-1f99f73c=\"\" class=\"oxd-input oxd-input--active\"/>\n      - unexpected value \"\"", "trace": "self = <e2e.test_admin.TestAdmin object at 0x0000020219EE8E10>\npage = <Page url='https://opensource-demo.orangehrmlive.com/web/index.php/admin/viewSystemUsers'>\nlogger = <Logger test_admin_page_search_user[chromium] (INFO)>\n\n    def test_admin_page_search_user(self, page, logger):\n        \"\"\"Test searching for a user in the Admin page.\n    \n        This test verifies the following workflow:\n        1. Login with admin credentials\n        2. Navigate to the Admin section from dashboard\n        3. Search for a specific user\n        4. Verify that the user appears in the search results\n        \"\"\"\n        # Initialize page objects for different pages in the application\n        login_page = LoginPage(page, logger)\n        dashboard_page = DashboardPage(page)\n        admin_page = AdminUserPage(page, logger)\n    \n        # Step 1: Perform login with admin credentials\n        login_page.login(\"Admin\", \"admin123\")\n    \n        # Step 2: Navigate from dashboard to admin page\n        dashboard_page.go_to_admin()\n    \n        # Step 3: Search for a specific user\n        # admin_page.search_user(\"john.doe\")\n    \n        admin_page.select_user_role()\n          # Example role value\n    \n        # Step 4: Assert that the user appears in the search results\n>       expect(admin_page.username_input).to_have_value(\"Admin\")\nE       AssertionError: Locator expected to have Value 'Admin'\nE       Actual value:  \nE       Call log:\nE         - Expect \"to_have_value\" with timeout 5000ms\nE         - waiting for locator(\"xpath=(//input[@class='oxd-input oxd-input--active'])[2]\")\nE           9 × locator resolved to <input data-v-1f99f73c=\"\" class=\"oxd-input oxd-input--active\"/>\nE             - unexpected value \"\"\n\ntests\\e2e\\test_admin.py:64: AssertionError"}, "description": "Test searching for a user in the Admin page.\n\nThis test verifies the following workflow:\n1. Login with admin credentials\n2. Navigate to the Admin section from dashboard\n3. Search for a specific user\n4. Verify that the user appears in the search results\n", "attachments": [{"name": "Failure Screenshot", "source": "e2f352e2-029f-4258-bbad-c31d5640b5b5-attachment.png", "type": "image/png"}, {"name": "log", "source": "f9a3c126-6590-4a38-a7d4-b8742ee8d259-attachment.txt", "type": "text/plain"}], "parameters": [{"name": "page", "value": "'chromium'"}], "start": 1769455217352, "stop": 1769455228711, "uuid": "2e9bc727-9af0-4ed2-9143-c0ae7894ba00", "historyId": "169d2b0409439cb461b64cd2e6706c09", "testCaseId": "599d88602f6825641c8792d573e2fd8d", "fullName": "tests.e2e.test_admin.TestAdmin#test_admin_page_search_user", "labels": [{"name": "parentSuite", "value": "tests.e2e"}, {"name": "suite", "value": "test_admin"}, {"name": "subSuite", "value": "TestAdmin"}, {"name": "host", "value": "ASUS-A15"}, {"name": "thread", "value": "36140-MainThread"}, {"name": "framework", "value": "pytest"}, {"name": "language", "value": "cpython3"}, {"name": "package", "value": "tests.e2e.test_admin"}], "titlePath": ["tests", "e2e", "test_admin.py", "TestAdmin"]}