{"name": "test_leave_list_page[chromium]", "status": "failed", "statusDetails": {"message": "AssertionError: Locator expected to be visible\nActual value: None\nError: element(s) not found \nCall log:\n  - Expect \"to_be_visible\" with timeout 5000ms\n  - waiting for get_by_role(\"heading\", name=\"Leave List\")", "trace": "self = <tests.end_to_end.test_leave.TestLeave object at 0x0000018BC363DA90>\nlogger = <Logger test_leave_list_page[chromium] (INFO)>\nleave_page = <Page url='https://opensource-demo.orangehrmlive.com/web/index.php/leave/viewLeaveList'>\n\n    def test_leave_list_page(self, logger, leave_page):\n        leave = LeavePage(leave_page)\n>       leave.verify_leave_list_page()\n\ntests\\end_to_end\\test_leave.py:8: \n_ _ _ _ _ _ _ _ _ _ _ _ _ _ _ _ _ _ _ _ _ _ _ _ _ _ _ _ _ _ _ _ _ _ _ _ _ _ _ _\n\nself = <pages.LeavePage.LeavePage object at 0x0000018BC49D2120>\n\n    def verify_leave_list_page(self):\n        # Heading\n        expect(\n            self.page.get_by_role(\"heading\", name=\"Leave List\")\n>       ).to_be_visible()\n          ^^^^^^^^^^^^^^^\nE       AssertionError: Locator expected to be visible\nE       Actual value: None\nE       Error: element(s) not found \nE       Call log:\nE         - Expect \"to_be_visible\" with timeout 5000ms\nE         - waiting for get_by_role(\"heading\", name=\"Leave List\")\n\npages\\LeavePage.py:14: AssertionError"}, "attachments": [{"name": "Failure Screenshot", "source": "ddba5d68-099a-42d4-bd3a-b66e7d1d1538-attachment.png", "type": "image/png"}], "parameters": [{"name": "page", "value": "'chromium'"}], "start": 1770111025235, "stop": 1770111030251, "uuid": "bb836e0d-be55-4412-b48a-6ea51045a977", "historyId": "f87ab713b40cbb95c8b0f6ff90629204", "testCaseId": "d174a16c5ee93222400b1f6c82797948", "fullName": "tests.end_to_end.test_leave.TestLeave#test_leave_list_page", "labels": [{"name": "parentSuite", "value": "tests.end_to_end"}, {"name": "suite", "value": "test_leave"}, {"name": "subSuite", "value": "TestLeave"}, {"name": "host", "value": "ASUS-A15"}, {"name": "thread", "value": "30112-MainThread"}, {"name": "framework", "value": "pytest"}, {"name": "language", "value": "cpython3"}, {"name": "package", "value": "tests.end_to_end.test_leave"}], "titlePath": ["tests", "end_to_end", "test_leave.py", "TestLeave"]}