{"name": "test_04_verify_username_input_field_is_visible[chromium]", "status": "failed", "statusDetails": {"message": "AssertionError: Locator expected to be visible\nActual value: None\nError: element(s) not found \nCall log:\n  - Expect \"to_be_visible\" with timeout 5000ms\n  - waiting for get_by_label(\"Username\")", "trace": "self = <tests.end_to_end.test_admin.TestAdmin object at 0x000002533D760050>\nlogger = <Logger test_04_verify_username_input_field_is_visible[chromium] (INFO)>\nadmin_page = <Page url='https://opensource-demo.orangehrmlive.com/web/index.php/admin/viewSystemUsers'>\n\n    def test_04_verify_username_input_field_is_visible(self, logger, admin_page):\n        # TC04: Verify Username input field is visible and editable\n        admin_user = AdminUserPage(admin_page)\n    \n>       expect(admin_user.username_input).to_be_visible()\nE       AssertionError: Locator expected to be visible\nE       Actual value: None\nE       Error: element(s) not found \nE       Call log:\nE         - Expect \"to_be_visible\" with timeout 5000ms\nE         - waiting for get_by_label(\"Username\")\n\ntests\\end_to_end\\test_admin.py:48: AssertionError"}, "attachments": [{"name": "Failure Screenshot", "source": "d197eac6-a8de-4f5a-9eb9-939dc59e01ad-attachment.png", "type": "image/png"}], "parameters": [{"name": "page", "value": "'chromium'"}], "start": 1769977714988, "stop": 1769977719994, "uuid": "bec8af56-163a-442c-bbc6-70d29f2aeed4", "historyId": "e9f154c3879d64a57ffe8a4bd7676d37", "testCaseId": "ad4f9219fb97e2672cac2be96c06b7e7", "fullName": "tests.end_to_end.test_admin.TestAdmin#test_04_verify_username_input_field_is_visible", "labels": [{"name": "parentSuite", "value": "tests.end_to_end"}, {"name": "suite", "value": "test_admin"}, {"name": "subSuite", "value": "TestAdmin"}, {"name": "host", "value": "ASUS-A15"}, {"name": "thread", "value": "43288-MainThread"}, {"name": "framework", "value": "pytest"}, {"name": "language", "value": "cpython3"}, {"name": "package", "value": "tests.end_to_end.test_admin"}], "titlePath": ["tests", "end_to_end", "test_admin.py", "TestAdmin"]}