{"name": "test_admin_page_search_user[chromium]", "status": "failed", "statusDetails": {"message": "AssertionError: Expected 'Admin' role in search results, but got: []\nassert 'Admin' in []", "trace": "self = <e2e.test_admin.TestAdmin object at 0x000001CD73B55810>\npage = <Page url='https://opensource-demo.orangehrmlive.com/web/index.php/admin/viewSystemUsers'>\nlogger = <Logger test_admin_page_search_user[chromium] (INFO)>\n\n    def test_admin_page_search_user(self, page, logger):\n        \"\"\"Test searching for a user in the Admin page.\n    \n        This test verifies the following workflow:\n        1. Login with admin credentials\n        2. Navigate to the Admin section from dashboard\n        3. Search for a specific user\n        4. Verify that the user appears in the search results\n        \"\"\"\n        # Initialize page objects for different pages in the application\n        login_page = LoginPage(page, logger)\n        dashboard_page = DashboardPage(page)\n        admin_page = AdminUserPage(page, logger)\n    \n        # Step 1: Perform login with admin credentials\n        login_page.login(\"Admin\", \"admin123\")\n    \n        # Step 2: Navigate from dashboard to admin page\n        dashboard_page.go_to_admin()\n    \n        # Step 3: Search for a specific user by entering username\n        # admin_page.search_by_username(\"Admin\")\n    \n        # Step 4: Select user role filter and perform search\n        admin_page.select_user_role()\n    \n        # Step 5: Get the search results and verify they contain \"Admin\" role\n        search_results_roles = admin_page.get_search_results_user_roles()\n    \n        # Verify that at least one result has \"Admin\" role\n>       assert \"Admin\" in search_results_roles, f\"Expected 'Admin' role in search results, but got: {search_results_roles}\"\nE       AssertionError: Expected 'Admin' role in search results, but got: []\nE       assert 'Admin' in []\n\ntests\\e2e\\test_admin.py:67: AssertionError"}, "description": "Test searching for a user in the Admin page.\n\nThis test verifies the following workflow:\n1. Login with admin credentials\n2. Navigate to the Admin section from dashboard\n3. Search for a specific user\n4. Verify that the user appears in the search results\n", "attachments": [{"name": "Failure Screenshot", "source": "0c7e858d-66cf-46f2-8873-25299dce91f7-attachment.png", "type": "image/png"}, {"name": "log", "source": "ec7d5205-8087-44c9-932a-0b4692e293a1-attachment.txt", "type": "text/plain"}], "parameters": [{"name": "page", "value": "'chromium'"}], "start": 1769458052994, "stop": 1769458059134, "uuid": "30282a72-b911-4705-a99e-9b693368f0bb", "historyId": "169d2b0409439cb461b64cd2e6706c09", "testCaseId": "599d88602f6825641c8792d573e2fd8d", "fullName": "tests.e2e.test_admin.TestAdmin#test_admin_page_search_user", "labels": [{"name": "parentSuite", "value": "tests.e2e"}, {"name": "suite", "value": "test_admin"}, {"name": "subSuite", "value": "TestAdmin"}, {"name": "host", "value": "ASUS-A15"}, {"name": "thread", "value": "43284-MainThread"}, {"name": "framework", "value": "pytest"}, {"name": "language", "value": "cpython3"}, {"name": "package", "value": "tests.e2e.test_admin"}], "titlePath": ["tests", "e2e", "test_admin.py", "TestAdmin"]}