{"name": "test_admin_page_loads_successfully[chromium]", "status": "failed", "statusDetails": {"message": "AssertionError: Locator expected to be visible\nActual value: None\nError: element(s) not found \nCall log:\n  - Expect \"to_be_visible\" with timeout 5000ms\n  - waiting for get_by_label(\"Username\")", "trace": "self = <tests.end_to_end.test_admin.TestAdmin object at 0x0000029322F1F610>\nlogger = <Logger test_admin_page_loads_successfully[chromium] (INFO)>\nadmin_page = <Page url='https://opensource-demo.orangehrmlive.com/web/index.php/admin/viewSystemUsers'>\n\n    def test_admin_page_loads_successfully(self, logger, admin_page):\n        # TC01: Verify Admin page loads successfully with all elements\n        admin_user = AdminUserPage(admin_page)\n    \n        expect(admin_user.table_header).to_be_visible()\n        expect(admin_user.search_button).to_be_visible()\n>       expect(admin_user.username_input).to_be_visible()\nE       AssertionError: Locator expected to be visible\nE       Actual value: None\nE       Error: element(s) not found \nE       Call log:\nE         - Expect \"to_be_visible\" with timeout 5000ms\nE         - waiting for get_by_label(\"Username\")\n\ntests\\end_to_end\\test_admin.py:20: AssertionError"}, "attachments": [{"name": "Failure Screenshot", "source": "1dcb7981-45a0-42d3-a18f-aedc91de2c52-attachment.png", "type": "image/png"}], "parameters": [{"name": "page", "value": "'chromium'"}], "start": 1769976273304, "stop": 1769976280228, "uuid": "85060702-b5f8-4ba3-b623-66d5e861c30f", "historyId": "6894c21af2d3bf19ce12df3871ee8dec", "testCaseId": "f04be99e6542be29735628ef94d9b882", "fullName": "tests.end_to_end.test_admin.TestAdmin#test_admin_page_loads_successfully", "labels": [{"name": "parentSuite", "value": "tests.end_to_end"}, {"name": "suite", "value": "test_admin"}, {"name": "subSuite", "value": "TestAdmin"}, {"name": "host", "value": "ASUS-A15"}, {"name": "thread", "value": "28276-MainThread"}, {"name": "framework", "value": "pytest"}, {"name": "language", "value": "cpython3"}, {"name": "package", "value": "tests.end_to_end.test_admin"}], "titlePath": ["tests", "end_to_end", "test_admin.py", "TestAdmin"]}