{"name": "test_search_user_by_admin_role[chromium]", "status": "failed", "statusDetails": {"message": "AssertionError: assert 0 > 0\n +  where 0 = count()\n +    where count = <Locator frame=<Frame name= url='https://opensource-demo.orangehrmlive.com/web/index.php/admin/viewSystemUsers'> selector='div.oxd-table-body div.oxd-table-card'>.count", "trace": "self = <e2e.test_admin.TestAdmin object at 0x000001C1C3874E10>\npage = <Page url='https://opensource-demo.orangehrmlive.com/web/index.php/admin/viewSystemUsers'>\nlogger = <Logger test_search_user_by_admin_role[chromium] (INFO)>\n\n    def test_search_user_by_admin_role(self, page, logger):\n        # Initialize page objects with logger\n        login_page = LoginPage(page, logger)\n        login_page.login(\"Admin\", \"admin123\")\n    \n        dashboard = DashboardPage(page)\n        dashboard.go_to_admin()\n    \n        # Initialize AdminUserPage without logger parameter\n        admin_user = AdminUserPage(page)\n        # admin_user.wait_for_users_page()\n        admin_user.select_user_role(\"Admin\")\n        page.click(\"button:has-text('Search')\")\n    \n        # Verify that search results table is visible\n        rows = page.locator(\"div.oxd-table-body div.oxd-table-card\")\n>       assert rows.count() > 0\nE       AssertionError: assert 0 > 0\nE        +  where 0 = count()\nE        +    where count = <Locator frame=<Frame name= url='https://opensource-demo.orangehrmlive.com/web/index.php/admin/viewSystemUsers'> selector='div.oxd-table-body div.oxd-table-card'>.count\n\ntests\\e2e\\test_admin.py:53: AssertionError"}, "attachments": [{"name": "Failure Screenshot", "source": "9f7f1cf5-1317-46df-829b-da6e70d65f85-attachment.png", "type": "image/png"}, {"name": "log", "source": "919d2e5e-24cf-447c-b226-358bde7c6e08-attachment.txt", "type": "text/plain"}], "parameters": [{"name": "page", "value": "'chromium'"}], "start": 1769459974612, "stop": 1769459980565, "uuid": "99a45f02-aeed-499f-bade-b28f0d74dab8", "historyId": "dee413bd151030e36e1410e0a882e2d3", "testCaseId": "40f170ef0f33252f8eca425a27f7d2cb", "fullName": "tests.e2e.test_admin.TestAdmin#test_search_user_by_admin_role", "labels": [{"name": "parentSuite", "value": "tests.e2e"}, {"name": "suite", "value": "test_admin"}, {"name": "subSuite", "value": "TestAdmin"}, {"name": "host", "value": "ASUS-A15"}, {"name": "thread", "value": "40316-MainThread"}, {"name": "framework", "value": "pytest"}, {"name": "language", "value": "cpython3"}, {"name": "package", "value": "tests.e2e.test_admin"}], "titlePath": ["tests", "e2e", "test_admin.py", "TestAdmin"]}