{"name": "test_admin_page_search_user[chromium]", "status": "failed", "statusDetails": {"message": "AssertionError: Locator expected to have Value 'Admin'\nActual value: None\nError: Not an input element \nCall log:\n  - Expect \"to_have_value\" with timeout 5000ms\n  - waiting for locator(\"xpath=(//div[@class='oxd-select-wrapper'])[1]\")", "trace": "self = <e2e.test_admin.TestAdmin object at 0x0000022235238E10>\npage = <Page url='https://opensource-demo.orangehrmlive.com/web/index.php/admin/viewSystemUsers'>\nlogger = <Logger test_admin_page_search_user[chromium] (INFO)>\n\n    def test_admin_page_search_user(self, page, logger):\n        \"\"\"Test searching for a user in the Admin page.\n    \n        This test verifies the following workflow:\n        1. Login with admin credentials\n        2. Navigate to the Admin section from dashboard\n        3. Search for a specific user\n        4. Verify that the user appears in the search results\n        \"\"\"\n        # Initialize page objects for different pages in the application\n        login_page = LoginPage(page, logger)\n        dashboard_page = DashboardPage(page)\n        admin_page = AdminUserPage(page, logger)\n    \n        # Step 1: Perform login with admin credentials\n        login_page.login(\"Admin\", \"admin123\")\n    \n        # Step 2: Navigate from dashboard to admin page\n        dashboard_page.go_to_admin()\n    \n        # Step 3: Search for a specific user by entering username\n        # admin_page.search_by_username(\"Admin\")\n    \n        # Step 4: Select user role filter\n        admin_page.select_user_role()\n    \n        # Step 5: Assert that the username field contains the entered value\n>       expect(admin_page.user_role_dropdown).to_have_value(\"Admin\")\nE       AssertionError: Locator expected to have Value 'Admin'\nE       Actual value: None\nE       Error: Not an input element \nE       Call log:\nE         - Expect \"to_have_value\" with timeout 5000ms\nE         - waiting for locator(\"xpath=(//div[@class='oxd-select-wrapper'])[1]\")\n\ntests\\e2e\\test_admin.py:64: AssertionError"}, "description": "Test searching for a user in the Admin page.\n\nThis test verifies the following workflow:\n1. Login with admin credentials\n2. Navigate to the Admin section from dashboard\n3. Search for a specific user\n4. Verify that the user appears in the search results\n", "attachments": [{"name": "Failure Screenshot", "source": "5a2e7e84-6c3d-4de4-99c9-9a96c8c2279b-attachment.png", "type": "image/png"}, {"name": "log", "source": "dfde5953-22eb-424b-8eb4-d94ae69dc3cf-attachment.txt", "type": "text/plain"}], "parameters": [{"name": "page", "value": "'chromium'"}], "start": 1769455514839, "stop": 1769455521033, "uuid": "722c42fb-526d-47bf-a4f6-39b3f5c33c67", "historyId": "169d2b0409439cb461b64cd2e6706c09", "testCaseId": "599d88602f6825641c8792d573e2fd8d", "fullName": "tests.e2e.test_admin.TestAdmin#test_admin_page_search_user", "labels": [{"name": "parentSuite", "value": "tests.e2e"}, {"name": "suite", "value": "test_admin"}, {"name": "subSuite", "value": "TestAdmin"}, {"name": "host", "value": "ASUS-A15"}, {"name": "thread", "value": "40912-MainThread"}, {"name": "framework", "value": "pytest"}, {"name": "language", "value": "cpython3"}, {"name": "package", "value": "tests.e2e.test_admin"}], "titlePath": ["tests", "e2e", "test_admin.py", "TestAdmin"]}