{"name": "test_login[chromium-Admin-ADMIN123-invalid]", "status": "failed", "statusDetails": {"message": "AssertionError: Locator expected to be visible\nActual value: None\nError: element(s) not found \nCall log:\n  - Expect \"to_be_visible\" with timeout 5000ms\n  - waiting for locator(\".oxd-input-field-error-message\")", "trace": "self = <e2e.test_login.TestLogin object at 0x0000019E29C53360>\npage = <Page url='https://opensource-demo.orangehrmlive.com/web/index.php/auth/login'>\nusername = 'Admin', password = 'ADMIN123', validity = 'invalid'\n\n    @pytest.mark.parametrize(\"username,password,validity\", data())\n    \n    def test_login(self, page, username, password, validity):\n        login = LoginPage(page)\n        dashboard = DashboardPage(page)\n    \n        login.login(username, password)\n    \n        if validity==\"valid\":\n            assert dashboard.is_dashboard_visible(), \\\n                f\"Login failed for valid data: {username}/{password}\"\n        else:\n            if login.get_error_message().is_visible():\n                expect(login.get_error_message()).to_be_visible()\n            else:\n>               expect(login.get_required_field_message()).to_be_visible()\nE               AssertionError: Locator expected to be visible\nE               Actual value: None\nE               Error: element(s) not found \nE               Call log:\nE                 - Expect \"to_be_visible\" with timeout 5000ms\nE                 - waiting for locator(\".oxd-input-field-error-message\")\n\ntests\\e2e\\test_login.py:25: AssertionError"}, "attachments": [{"name": "Failure Screenshot", "source": "771c1806-0730-45b9-916e-51e3b01c0f70-attachment.png", "type": "image/png"}], "parameters": [{"name": "page", "value": "'chromium'"}, {"name": "username", "value": "'Admin'"}, {"name": "password", "value": "'ADMIN123'"}, {"name": "validity", "value": "'invalid'"}], "start": 1769250879877, "stop": 1769250888739, "uuid": "c9089115-864f-46de-96b3-fa0d012bf36c", "historyId": "9e6476f8e87a0e94ce8a1fdb0a4daa8d", "testCaseId": "af9957825c38d625762cf2f75d42c2a0", "fullName": "tests.e2e.test_login.TestLogin#test_login", "labels": [{"name": "parentSuite", "value": "tests.e2e"}, {"name": "suite", "value": "test_login"}, {"name": "subSuite", "value": "TestLogin"}, {"name": "host", "value": "ASUS-A15"}, {"name": "thread", "value": "32748-MainThread"}, {"name": "framework", "value": "pytest"}, {"name": "language", "value": "cpython3"}, {"name": "package", "value": "tests.e2e.test_login"}], "titlePath": ["tests", "e2e", "test_login.py", "TestLogin"]}