{"name": "test_vacancy_tab_ui[chromium]", "status": "failed", "statusDetails": {"message": "AssertionError: Locator expected to be visible\nActual value: None\nError: element(s) not found \nCall log:\n  - Expect \"to_be_visible\" with timeout 5000ms\n  - waiting for get_by_role(\"heading\", name=\"Vacancies\")", "trace": "self = <tests.end_to_end.test_recruitment.TestRecruitment object at 0x0000018A3769BBB0>\nlogger = <Logger test_vacancy_tab_ui[chromium] (INFO)>\nrecruitment_page = <pages.RecruitmentPage.RecruitmentPage object at 0x0000018A38CB08A0>\n\n    def test_vacancy_tab_ui(self, logger, recruitment_page):\n        recruitment_page = RecruitmentPage(recruitment_page)\n    \n>       recruitment_page.open_vacancy_tab()\n\ntests\\end_to_end\\test_recruitment.py:31: \n_ _ _ _ _ _ _ _ _ _ _ _ _ _ _ _ _ _ _ _ _ _ _ _ _ _ _ _ _ _ _ _ _ _ _ _ _ _ _ _\n\nself = <pages.RecruitmentPage.RecruitmentPage object at 0x0000018A38CB08A0>\n\n    def open_vacancy_tab(self):\n        vacancy_tab = self.page.get_by_role(\"link\", name=\"Vacancies\")\n        expect(vacancy_tab).to_be_visible()\n        vacancy_tab.click()\n    \n        expect(\n            self.page.get_by_role(\"heading\", name=\"Vacancies\")\n>       ).to_be_visible()\n          ^^^^^^^^^^^^^^^\nE       AssertionError: Locator expected to be visible\nE       Actual value: None\nE       Error: element(s) not found \nE       Call log:\nE         - Expect \"to_be_visible\" with timeout 5000ms\nE         - waiting for get_by_role(\"heading\", name=\"Vacancies\")\n\npages\\RecruitmentPage.py:143: AssertionError"}, "attachments": [{"name": "Failure Screenshot", "source": "82fce8f7-e3fb-4345-a60e-da5eb70605dc-attachment.png", "type": "image/png"}], "parameters": [{"name": "page", "value": "'chromium'"}], "start": 1770111762050, "stop": 1770111772049, "uuid": "6d12d040-9385-4010-870f-1a3c556d1087", "historyId": "24a88d5035e44c69b6b4a6b21b5a7d43", "testCaseId": "ecd08be1005033debc82e3bbdd39a448", "fullName": "tests.end_to_end.test_recruitment.TestRecruitment#test_vacancy_tab_ui", "labels": [{"name": "parentSuite", "value": "tests.end_to_end"}, {"name": "suite", "value": "test_recruitment"}, {"name": "subSuite", "value": "TestRecruitment"}, {"name": "host", "value": "ASUS-A15"}, {"name": "thread", "value": "47340-MainThread"}, {"name": "framework", "value": "pytest"}, {"name": "language", "value": "cpython3"}, {"name": "package", "value": "tests.end_to_end.test_recruitment"}], "titlePath": ["tests", "end_to_end", "test_recruitment.py", "TestRecruitment"]}