{"name": "test_emergency_contacts_add_edit_delete[chromium]", "status": "failed", "statusDetails": {"message": "AssertionError: Locator expected to be visible\nActual value: None\nError: element(s) not found \nCall log:\n  - Expect \"to_be_visible\" with timeout 5000ms\n  - waiting for locator(\"div.oxd-dialog-container-default\").first", "trace": "self = <tests.end_to_end.test_my_info.TestMyInfo object at 0x00000281BBEDDE50>\nlogger = <Logger test_emergency_contacts_add_edit_delete[chromium] (INFO)>\nmyinfo_page = <Page url='https://opensource-demo.orangehrmlive.com/web/index.php/pim/viewEmergencyContacts/empNumber/7'>\nget_my_info_data = {'contact': {'email': 'test@gmail.com', 'mobile': '9876543210', 'street1': 'cdac panchavati'}, 'dependent': {'dob': '2...6655', 'edit_name': 'Emergency Contact Updated', 'edit_relationship': 'Sibling', 'home_phone': '9123456789', ...}, ...}\n\n    def test_emergency_contacts_add_edit_delete(self, logger, myinfo_page, get_my_info_data):\n        myinfo = MyInfoPage(myinfo_page)\n        myinfo.open_emergency_contacts()\n        ec = get_my_info_data[\"emergency_contact\"]\n>       myinfo.add_emergency_contact(ec[\"name\"], ec[\"relationship\"], ec[\"home_phone\"])\n\ntests\\end_to_end\\test_my_info.py:27: \n_ _ _ _ _ _ _ _ _ _ _ _ _ _ _ _ _ _ _ _ _ _ _ _ _ _ _ _ _ _ _ _ _ _ _ _ _ _ _ _\n\nself = <pages.MyInfoPage.MyInfoPage object at 0x00000281BD27DE80>, name = 'One'\nrelationship = 'Brother', home_phone = '9123456789'\n\n    def add_emergency_contact(self, name: str, relationship: str, home_phone: str):\n        self.logger.info(\"Adding emergency contact\")\n    \n        # Click correct Add button (Emergency Contacts section only)\n        self.click_add()\n    \n        # Scope to OrangeHRM drawer/form\n        form = self.page.locator(\"div.oxd-dialog-container-default\").first\n>       expect(form).to_be_visible()\nE       AssertionError: Locator expected to be visible\nE       Actual value: None\nE       Error: element(s) not found \nE       Call log:\nE         - Expect \"to_be_visible\" with timeout 5000ms\nE         - waiting for locator(\"div.oxd-dialog-container-default\").first\n\npages\\MyInfoPage.py:269: AssertionError"}, "attachments": [{"name": "Failure Screenshot", "source": "332cb484-ef8c-4ee9-880c-0e04571f370f-attachment.png", "type": "image/png"}, {"name": "log", "source": "8c30f4a6-0bc1-4d2e-83a7-8507cbd25ddc-attachment.txt", "type": "text/plain"}], "parameters": [{"name": "page", "value": "'chromium'"}], "start": 1770053757368, "stop": 1770053769144, "uuid": "ab18348d-e23a-41eb-aed3-eb5ad42ae868", "historyId": "bdac9170c6ec1641120001a99b55d406", "testCaseId": "03f907ef2967baf80311ba59cc246ffd", "fullName": "tests.end_to_end.test_my_info.TestMyInfo#test_emergency_contacts_add_edit_delete", "labels": [{"name": "parentSuite", "value": "tests.end_to_end"}, {"name": "suite", "value": "test_my_info"}, {"name": "subSuite", "value": "TestMyInfo"}, {"name": "host", "value": "ASUS-A15"}, {"name": "thread", "value": "5184-MainThread"}, {"name": "framework", "value": "pytest"}, {"name": "language", "value": "cpython3"}, {"name": "package", "value": "tests.end_to_end.test_my_info"}], "titlePath": ["tests", "end_to_end", "test_my_info.py", "TestMyInfo"]}