{"name": "test_add_candidate_end_to_end[chromium]", "status": "failed", "statusDetails": {"message": "AssertionError: Locator expected to be visible\nActual value: None\nError: element(s) not found \nCall log:\n  - Expect \"to_be_visible\" with timeout 5000ms\n  - waiting for get_by_role(\"heading\", name=\"Candidate Profile\")", "trace": "self = <tests.end_to_end.test_recruitment.TestRecruitment object at 0x0000018A3769BE10>\nlogger = <Logger test_add_candidate_end_to_end[chromium] (INFO)>\nrecruitment_page = <pages.RecruitmentPage.RecruitmentPage object at 0x0000018A38CBCCD0>\n\n    def test_add_candidate_end_to_end(self, logger, recruitment_page):\n        recruitment_page = RecruitmentPage(recruitment_page)\n    \n        recruitment_page.open_add_candidate_page()\n        recruitment_page.add_candidate_basic_details()\n        recruitment_page.select_vacancy()\n        recruitment_page.save_candidate()\n>       recruitment_page.verify_candidate_saved()\n\ntests\\end_to_end\\test_recruitment.py:26: \n_ _ _ _ _ _ _ _ _ _ _ _ _ _ _ _ _ _ _ _ _ _ _ _ _ _ _ _ _ _ _ _ _ _ _ _ _ _ _ _\n\nself = <pages.RecruitmentPage.RecruitmentPage object at 0x0000018A38CBCCD0>\n\n    def verify_candidate_saved(self):\n        expect(\n            self.page.get_by_role(\"heading\", name=\"Candidate Profile\")\n>       ).to_be_visible()\n          ^^^^^^^^^^^^^^^\nE       AssertionError: Locator expected to be visible\nE       Actual value: None\nE       Error: element(s) not found \nE       Call log:\nE         - Expect \"to_be_visible\" with timeout 5000ms\nE         - waiting for get_by_role(\"heading\", name=\"Candidate Profile\")\n\npages\\RecruitmentPage.py:132: AssertionError"}, "attachments": [{"name": "Failure Screenshot", "source": "bde149d7-5320-4270-9f6b-22e7f857a4b3-attachment.png", "type": "image/png"}], "parameters": [{"name": "page", "value": "'chromium'"}], "start": 1770111746122, "stop": 1770111761950, "uuid": "87150411-e7d1-436e-b76c-4113452c8cef", "historyId": "ddd97a1d5adc4da138f596e3020844ee", "testCaseId": "8dd6f983a7bcd2e1353bd150800b1597", "fullName": "tests.end_to_end.test_recruitment.TestRecruitment#test_add_candidate_end_to_end", "labels": [{"name": "parentSuite", "value": "tests.end_to_end"}, {"name": "suite", "value": "test_recruitment"}, {"name": "subSuite", "value": "TestRecruitment"}, {"name": "host", "value": "ASUS-A15"}, {"name": "thread", "value": "47340-MainThread"}, {"name": "framework", "value": "pytest"}, {"name": "language", "value": "cpython3"}, {"name": "package", "value": "tests.end_to_end.test_recruitment"}], "titlePath": ["tests", "end_to_end", "test_recruitment.py", "TestRecruitment"]}