{"name": "test_admin_page_loads_successfully[chromium]", "status": "failed", "statusDetails": {"message": "AssertionError: Locator expected to be visible\nActual value: None\nError: element(s) not found \nCall log:\n  - Expect \"to_be_visible\" with timeout 5000ms\n  - waiting for get_by_label(\"Username\")", "trace": "self = <tests.end_to_end.test_admin.TestAdminUsers object at 0x0000025390209A90>\nlogger = <Logger test_admin_page_loads_successfully[chromium] (INFO)>\nadmin_page = <Page url='https://opensource-demo.orangehrmlive.com/web/index.php/admin/viewSystemUsers'>\n\n    def test_admin_page_loads_successfully(self, logger, admin_page):\n        admin_user = AdminUserPage(admin_page)\n    \n        admin_user.wait_for_users_page()\n    \n        expect(admin_user.table_header).to_be_visible()\n        expect(admin_user.search_button).to_be_visible()\n>       expect(admin_user.username_input).to_be_visible()\nE       AssertionError: Locator expected to be visible\nE       Actual value: None\nE       Error: element(s) not found \nE       Call log:\nE         - Expect \"to_be_visible\" with timeout 5000ms\nE         - waiting for get_by_label(\"Username\")\n\ntests\\end_to_end\\test_admin.py:16: AssertionError"}, "attachments": [{"name": "Failure Screenshot", "source": "c1c0b530-b6a6-46cf-9a48-8720596eb030-attachment.png", "type": "image/png"}], "parameters": [{"name": "page", "value": "'chromium'"}], "start": 1769977414357, "stop": 1769977420663, "uuid": "19fcceb1-1569-4cd5-8e8e-6ff160657f28", "historyId": "5f037ad7a7c77ee66ba3ccdd214293d5", "testCaseId": "606133fb4e83712bf05be12774252818", "fullName": "tests.end_to_end.test_admin.TestAdminUsers#test_admin_page_loads_successfully", "labels": [{"name": "parentSuite", "value": "tests.end_to_end"}, {"name": "suite", "value": "test_admin"}, {"name": "subSuite", "value": "TestAdminUsers"}, {"name": "host", "value": "ASUS-A15"}, {"name": "thread", "value": "38256-MainThread"}, {"name": "framework", "value": "pytest"}, {"name": "language", "value": "cpython3"}, {"name": "package", "value": "tests.end_to_end.test_admin"}], "titlePath": ["tests", "end_to_end", "test_admin.py", "TestAdminUsers"]}